#
# There is insufficient memory for the Java Runtime Environment to continue.
# Native memory allocation (malloc) failed to allocate 878256 bytes. Error detail: Chunk::new
# Possible reasons:
#   The system is out of physical RAM or swap space
#   This process is running with CompressedOops enabled, and the Java Heap may be blocking the growth of the native heap
# Possible solutions:
#   Reduce memory load on the system
#   Increase physical memory or swap space
#   Check if swap backing store is full
#   Decrease Java heap size (-Xmx/-Xms)
#   Decrease number of Java threads
#   Decrease Java thread stack sizes (-Xss)
#   Set larger code cache with -XX:ReservedCodeCacheSize=
#   JVM is running with Unscaled Compressed Oops mode in which the Java heap is
#     placed in the first 4GB address space. The Java Heap base address is the
#     maximum limit for the native heap growth. Please use -XX:HeapBaseMinAddress
#     to set the Java Heap base and to place the Java Heap above 4GB virtual address.
# This output file may be truncated or incomplete.
#
#  Out of Memory Error (arena.cpp:150), pid=9312, tid=428
#
# JRE version: Java(TM) SE Runtime Environment (22.0.1+8) (build 22.0.1+8-16)
# Java VM: Java HotSpot(TM) 64-Bit Server VM (22.0.1+8-16, mixed mode, sharing, tiered, compressed oops, compressed class ptrs, parallel gc, windows-amd64)
# No core dump will be written. Minidumps are not enabled by default on client versions of Windows
#

---------------  S U M M A R Y ------------

Command Line: --add-modules=ALL-SYSTEM --add-opens=java.base/java.util=ALL-UNNAMED --add-opens=java.base/java.lang=ALL-UNNAMED --add-opens=java.base/sun.nio.fs=ALL-UNNAMED -Declipse.application=org.eclipse.jdt.ls.core.id1 -Dosgi.bundles.defaultStartLevel=4 -Declipse.product=org.eclipse.jdt.ls.core.product -Djava.import.generatesMetadataFilesAtProjectRoot=false -DDetectVMInstallationsJob.disabled=true -Dfile.encoding=utf8 -XX:+UseParallelGC -XX:GCTimeRatio=4 -XX:AdaptiveSizePolicyWeight=90 -Dsun.zip.disableMemoryMapping=true -Xmx2G -Xms100m -Xlog:disable -javaagent:c:\Users\ASUS\.vscode\extensions\redhat.java-1.48.0\lombok\lombok-1.18.39-4050.jar -XX:+HeapDumpOnOutOfMemoryError -XX:HeapDumpPath=c:\Users\ASUS\AppData\Roaming\Code\User\workspaceStorage\89e1db3ebefe5f936c154524965b6285\redhat.java -Daether.dependencyCollector.impl=bf c:\Users\ASUS\.vscode\extensions\redhat.java-1.48.0\server\plugins\org.eclipse.equinox.launcher_1.7.100.v20251111-0406.jar -configuration c:\Users\ASUS\AppData\Roaming\Code\User\globalStorage\redhat.java\1.48.0\config_win -data c:\Users\ASUS\AppData\Roaming\Code\User\workspaceStorage\89e1db3ebefe5f936c154524965b6285\redhat.java\jdt_ws --pipe=\\.\pipe\lsp-86a3e8164ed3ab0b38f682c8e2a6876e-sock

Host: AMD Ryzen 5 5600H with Radeon Graphics         , 12 cores, 15G,  Windows 11 , 64 bit Build 26100 (10.0.26100.7019)
Time: Wed Nov 19 23:38:22 2025 India Standard Time elapsed time: 9.580328 seconds (0d 0h 0m 9s)

---------------  T H R E A D  ---------------

Current thread (0x0000019058539430):  JavaThread "C2 CompilerThread1" daemon [_thread_in_native, id=428, stack(0x00000070c8200000,0x00000070c8300000) (1024K)]


Current CompileTask:
C2:9580 7067       4       org.apache.felix.resolver.PackageSpaces::mergeCandidatePackages (436 bytes)

Stack: [0x00000070c8200000,0x00000070c8300000]
Native frames: (J=compiled Java code, j=interpreted, Vv=VM code, C=native code)
V  [jvm.dll+0x6e2279]  (no source info available)
V  [jvm.dll+0x874e33]  (no source info available)
V  [jvm.dll+0x87725e]  (no source info available)
V  [jvm.dll+0x877933]  (no source info available)
V  [jvm.dll+0x27fd76]  (no source info available)
V  [jvm.dll+0xc3d0f]  (no source info available)
V  [jvm.dll+0xc3f6b]  (no source info available)
V  [jvm.dll+0x3bb10c]  (no source info available)
V  [jvm.dll+0x387b6b]  (no source info available)
V  [jvm.dll+0x386fda]  (no source info available)
V  [jvm.dll+0x247918]  (no source info available)
V  [jvm.dll+0x246fbf]  (no source info available)
V  [jvm.dll+0x1c4e90]  (no source info available)
V  [jvm.dll+0x2569fe]  (no source info available)
V  [jvm.dll+0x254cba]  (no source info available)
V  [jvm.dll+0x3f5336]  (no source info available)
V  [jvm.dll+0x81d44b]  (no source info available)
V  [jvm.dll+0x6e0915]  (no source info available)
C  [ucrtbase.dll+0x37b0]  (no source info available)
C  [KERNEL32.DLL+0x2e8d7]  (no source info available)
C  [ntdll.dll+0x8c53c]  (no source info available)


---------------  P R O C E S S  ---------------

Threads class SMR info:
_java_thread_list=0x000001905c434570, length=59, elements={
0x000001906ce86c90, 0x00000190501fe900, 0x0000019052309970, 0x0000019052313710,
0x0000019052314370, 0x0000019052317dd0, 0x000001905231b600, 0x0000019052321720,
0x00000190523240e0, 0x00000190523f3330, 0x0000019052633340, 0x0000019052dc2d00,
0x0000019052dc3370, 0x0000019052ad8540, 0x0000019052ad8e50, 0x0000019052ad94c0,
0x0000019052ca61d0, 0x00000190572b8800, 0x0000019057184dd0, 0x0000019057187530,
0x0000019057187bc0, 0x0000019057185460, 0x0000019057185af0, 0x0000019057186810,
0x0000019057186ea0, 0x0000019057184740, 0x000001905767e780, 0x000001905767ee10,
0x00000190576801c0, 0x000001905767f4a0, 0x000001905767e0f0, 0x0000019057680850,
0x0000019057682fb0, 0x0000019058539430, 0x0000019057e86190, 0x0000019057680ee0,
0x0000019057681570, 0x0000019057682290, 0x0000019057681c00, 0x0000019057682920,
0x000001905767fb30, 0x0000019057683cd0, 0x0000019057685080, 0x0000019057683640,
0x00000190576849f0, 0x0000019057685710, 0x0000019057684360, 0x0000019057bbaa30,
0x0000019057bb8960, 0x0000019057bba3a0, 0x0000019057bb9d10, 0x0000019057bb9680,
0x0000019057bbb0c0, 0x0000019057bbb750, 0x0000019057bb8ff0, 0x0000019057bbf8f0,
0x0000019057bbd820, 0x0000019057bbebd0, 0x0000019057bbdeb0
}

Java Threads: ( => current thread )
  0x000001906ce86c90 JavaThread "main"                              [_thread_blocked, id=29408, stack(0x00000070c7500000,0x00000070c7600000) (1024K)]
  0x00000190501fe900 JavaThread "Reference Handler"          daemon [_thread_blocked, id=24604, stack(0x00000070c7900000,0x00000070c7a00000) (1024K)]
  0x0000019052309970 JavaThread "Finalizer"                  daemon [_thread_blocked, id=19620, stack(0x00000070c7a00000,0x00000070c7b00000) (1024K)]
  0x0000019052313710 JavaThread "Signal Dispatcher"          daemon [_thread_blocked, id=6464, stack(0x00000070c7b00000,0x00000070c7c00000) (1024K)]
  0x0000019052314370 JavaThread "Attach Listener"            daemon [_thread_blocked, id=1316, stack(0x00000070c7c00000,0x00000070c7d00000) (1024K)]
  0x0000019052317dd0 JavaThread "Service Thread"             daemon [_thread_blocked, id=20820, stack(0x00000070c7d00000,0x00000070c7e00000) (1024K)]
  0x000001905231b600 JavaThread "Monitor Deflation Thread"   daemon [_thread_blocked, id=30520, stack(0x00000070c7e00000,0x00000070c7f00000) (1024K)]
  0x0000019052321720 JavaThread "C2 CompilerThread0"         daemon [_thread_in_native, id=2680, stack(0x00000070c7f00000,0x00000070c8000000) (1024K)]
  0x00000190523240e0 JavaThread "C1 CompilerThread0"         daemon [_thread_in_native, id=15160, stack(0x00000070c8000000,0x00000070c8100000) (1024K)]
  0x00000190523f3330 JavaThread "Common-Cleaner"             daemon [_thread_blocked, id=10716, stack(0x00000070c8100000,0x00000070c8200000) (1024K)]
  0x0000019052633340 JavaThread "Notification Thread"        daemon [_thread_blocked, id=16280, stack(0x00000070c8300000,0x00000070c8400000) (1024K)]
  0x0000019052dc2d00 JavaThread "Equinox resolver thread - Equinox Container: 4596a057-e65a-4364-82db-6198b5a59cf4" daemon [_thread_blocked, id=14292, stack(0x00000070c8b00000,0x00000070c8c00000) (1024K)]
  0x0000019052dc3370 JavaThread "Equinox resolver thread - Equinox Container: 4596a057-e65a-4364-82db-6198b5a59cf4" daemon [_thread_blocked, id=19792, stack(0x00000070c8c00000,0x00000070c8d00000) (1024K)]
  0x0000019052ad8540 JavaThread "Equinox resolver thread - Equinox Container: 4596a057-e65a-4364-82db-6198b5a59cf4" daemon [_thread_blocked, id=6860, stack(0x00000070c8d00000,0x00000070c8e00000) (1024K)]
  0x0000019052ad8e50 JavaThread "Equinox resolver thread - Equinox Container: 4596a057-e65a-4364-82db-6198b5a59cf4" daemon [_thread_blocked, id=17848, stack(0x00000070c8e00000,0x00000070c8f00000) (1024K)]
  0x0000019052ad94c0 JavaThread "Equinox resolver thread - Equinox Container: 4596a057-e65a-4364-82db-6198b5a59cf4" daemon [_thread_blocked, id=9572, stack(0x00000070c8f00000,0x00000070c9000000) (1024K)]
  0x0000019052ca61d0 JavaThread "Equinox resolver thread - Equinox Container: 4596a057-e65a-4364-82db-6198b5a59cf4" daemon [_thread_blocked, id=25272, stack(0x00000070c9000000,0x00000070c9100000) (1024K)]
  0x00000190572b8800 JavaThread "Active Thread: Equinox Container: 4596a057-e65a-4364-82db-6198b5a59cf4"        [_thread_blocked, id=21276, stack(0x00000070c9100000,0x00000070c9200000) (1024K)]
  0x0000019057184dd0 JavaThread "Framework Event Dispatcher: Equinox Container: 4596a057-e65a-4364-82db-6198b5a59cf4" daemon [_thread_blocked, id=15780, stack(0x00000070c9300000,0x00000070c9400000) (1024K)]
  0x0000019057187530 JavaThread "Start Level: Equinox Container: 4596a057-e65a-4364-82db-6198b5a59cf4" daemon [_thread_blocked, id=5136, stack(0x00000070c9400000,0x00000070c9500000) (1024K)]
  0x0000019057187bc0 JavaThread "Refresh Thread: Equinox Container: 4596a057-e65a-4364-82db-6198b5a59cf4" daemon [_thread_blocked, id=26096, stack(0x00000070c9500000,0x00000070c9600000) (1024K)]
  0x0000019057185460 JavaThread "Equinox resolver thread - Equinox Container: 4596a057-e65a-4364-82db-6198b5a59cf4" daemon [_thread_blocked, id=10528, stack(0x00000070c9700000,0x00000070c9800000) (1024K)]
  0x0000019057185af0 JavaThread "Equinox resolver thread - Equinox Container: 4596a057-e65a-4364-82db-6198b5a59cf4" daemon [_thread_blocked, id=7092, stack(0x00000070c9800000,0x00000070c9900000) (1024K)]
  0x0000019057186810 JavaThread "Equinox resolver thread - Equinox Container: 4596a057-e65a-4364-82db-6198b5a59cf4" daemon [_thread_blocked, id=30464, stack(0x00000070c9900000,0x00000070c9a00000) (1024K)]
  0x0000019057186ea0 JavaThread "Equinox resolver thread - Equinox Container: 4596a057-e65a-4364-82db-6198b5a59cf4" daemon [_thread_blocked, id=15896, stack(0x00000070c9a00000,0x00000070c9b00000) (1024K)]
  0x0000019057184740 JavaThread "Equinox resolver thread - Equinox Container: 4596a057-e65a-4364-82db-6198b5a59cf4" daemon [_thread_blocked, id=4484, stack(0x00000070c9b00000,0x00000070c9c00000) (1024K)]
  0x000001905767e780 JavaThread "Equinox resolver thread - Equinox Container: 4596a057-e65a-4364-82db-6198b5a59cf4" daemon [_thread_blocked, id=2156, stack(0x00000070c9c00000,0x00000070c9d00000) (1024K)]
  0x000001905767ee10 JavaThread "Bundle File Closer"         daemon [_thread_blocked, id=21592, stack(0x00000070c9e00000,0x00000070c9f00000) (1024K)]
  0x00000190576801c0 JavaThread "SCR Component Actor"        daemon [_thread_blocked, id=3016, stack(0x00000070c8400000,0x00000070c8500000) (1024K)]
  0x000001905767f4a0 JavaThread "Worker-JM"                         [_thread_blocked, id=27564, stack(0x00000070c9f00000,0x00000070ca000000) (1024K)]
  0x000001905767e0f0 JavaThread "JNA Cleaner"                daemon [_thread_blocked, id=12220, stack(0x00000070ca000000,0x00000070ca100000) (1024K)]
  0x0000019057680850 JavaThread "Worker-0"                          [_thread_blocked, id=12620, stack(0x00000070ca100000,0x00000070ca200000) (1024K)]
  0x0000019057682fb0 JavaThread "Worker-1"                          [_thread_blocked, id=20620, stack(0x00000070ca200000,0x00000070ca300000) (1024K)]
=>0x0000019058539430 JavaThread "C2 CompilerThread1"         daemon [_thread_in_native, id=428, stack(0x00000070c8200000,0x00000070c8300000) (1024K)]
  0x0000019057e86190 JavaThread "C2 CompilerThread2"         daemon [_thread_in_native, id=26100, stack(0x00000070ca300000,0x00000070ca400000) (1024K)]
  0x0000019057680ee0 JavaThread "Worker-2"                          [_thread_blocked, id=1888, stack(0x00000070ca400000,0x00000070ca500000) (1024K)]
  0x0000019057681570 JavaThread "Java indexing"              daemon [_thread_blocked, id=24384, stack(0x00000070ca500000,0x00000070ca600000) (1024K)]
  0x0000019057682290 JavaThread "Worker-3: Loading available Gradle versions"        [_thread_in_native, id=23252, stack(0x00000070ca600000,0x00000070ca700000) (1024K)]
  0x0000019057681c00 JavaThread "Worker-4"                          [_thread_blocked, id=18808, stack(0x00000070ca900000,0x00000070caa00000) (1024K)]
  0x0000019057682920 JavaThread "Worker-5"                          [_thread_blocked, id=29080, stack(0x00000070caa00000,0x00000070cab00000) (1024K)]
  0x000001905767fb30 JavaThread "Thread-1"                   daemon [_thread_in_native, id=16476, stack(0x00000070cab00000,0x00000070cac00000) (1024K)]
  0x0000019057683cd0 JavaThread "Thread-2"                   daemon [_thread_in_native, id=15052, stack(0x00000070cac00000,0x00000070cad00000) (1024K)]
  0x0000019057685080 JavaThread "Thread-3"                   daemon [_thread_in_native, id=15596, stack(0x00000070cad00000,0x00000070cae00000) (1024K)]
  0x0000019057683640 JavaThread "Thread-4"                   daemon [_thread_in_native, id=11208, stack(0x00000070cae00000,0x00000070caf00000) (1024K)]
  0x00000190576849f0 JavaThread "Thread-5"                   daemon [_thread_in_native, id=15652, stack(0x00000070caf00000,0x00000070cb000000) (1024K)]
  0x0000019057685710 JavaThread "Thread-6"                   daemon [_thread_in_native, id=1332, stack(0x00000070cb000000,0x00000070cb100000) (1024K)]
  0x0000019057684360 JavaThread "Thread-7"                   daemon [_thread_in_native, id=11328, stack(0x00000070cb100000,0x00000070cb200000) (1024K)]
  0x0000019057bbaa30 JavaThread "Thread-8"                   daemon [_thread_in_native, id=16988, stack(0x00000070cb200000,0x00000070cb300000) (1024K)]
  0x0000019057bb8960 JavaThread "Thread-9"                   daemon [_thread_in_native, id=15912, stack(0x00000070cb300000,0x00000070cb400000) (1024K)]
  0x0000019057bba3a0 JavaThread "Thread-10"                  daemon [_thread_in_native, id=26832, stack(0x00000070cb400000,0x00000070cb500000) (1024K)]
  0x0000019057bb9d10 JavaThread "Thread-11"                  daemon [_thread_in_native, id=3048, stack(0x00000070cb500000,0x00000070cb600000) (1024K)]
  0x0000019057bb9680 JavaThread "Thread-12"                  daemon [_thread_in_native, id=29404, stack(0x00000070cb600000,0x00000070cb700000) (1024K)]
  0x0000019057bbb0c0 JavaThread "Thread-13"                  daemon [_thread_in_native, id=11700, stack(0x00000070cb700000,0x00000070cb800000) (1024K)]
  0x0000019057bbb750 JavaThread "pool-2-thread-1"                   [_thread_blocked, id=18060, stack(0x00000070cb800000,0x00000070cb900000) (1024K)]
  0x0000019057bb8ff0 JavaThread "WorkspaceEventsHandler"            [_thread_blocked, id=21984, stack(0x00000070cb900000,0x00000070cba00000) (1024K)]
  0x0000019057bbf8f0 JavaThread "pool-1-thread-1"                   [_thread_in_Java, id=13508, stack(0x00000070cba00000,0x00000070cbb00000) (1024K)]
  0x0000019057bbd820 JavaThread "ForkJoinPool.commonPool-worker-1" daemon [_thread_blocked, id=14652, stack(0x00000070cbc00000,0x00000070cbd00000) (1024K)]
  0x0000019057bbebd0 JavaThread "ForkJoinPool.commonPool-worker-2" daemon [_thread_blocked, id=13716, stack(0x00000070cbd00000,0x00000070cbe00000) (1024K)]
  0x0000019057bbdeb0 JavaThread "ForkJoinPool.commonPool-worker-3" daemon [_thread_blocked, id=16992, stack(0x00000070cbe00000,0x00000070cbf00000) (1024K)]
Total: 59

Other Threads:
  0x000001906f2de5d0 VMThread "VM Thread"                           [id=22332, stack(0x00000070c7800000,0x00000070c7900000) (1024K)]
  0x00000190500dca00 WatcherThread "VM Periodic Task Thread"        [id=11452, stack(0x00000070c7700000,0x00000070c7800000) (1024K)]
  0x000001906f239840 WorkerThread "GC Thread#0"                     [id=15576, stack(0x00000070c7600000,0x00000070c7700000) (1024K)]
  0x0000019052a41280 WorkerThread "GC Thread#1"                     [id=29272, stack(0x00000070c8500000,0x00000070c8600000) (1024K)]
  0x0000019052a3fc60 WorkerThread "GC Thread#2"                     [id=23108, stack(0x00000070c8600000,0x00000070c8700000) (1024K)]
  0x0000019052a41630 WorkerThread "GC Thread#3"                     [id=12956, stack(0x00000070c8700000,0x00000070c8800000) (1024K)]
  0x0000019052a40010 WorkerThread "GC Thread#4"                     [id=11580, stack(0x00000070c8800000,0x00000070c8900000) (1024K)]
  0x0000019052a40b20 WorkerThread "GC Thread#5"                     [id=21672, stack(0x00000070c8900000,0x00000070c8a00000) (1024K)]
  0x0000019052a403c0 WorkerThread "GC Thread#6"                     [id=22504, stack(0x00000070c8a00000,0x00000070c8b00000) (1024K)]
  0x0000019052a40770 WorkerThread "GC Thread#7"                     [id=27416, stack(0x00000070c9200000,0x00000070c9300000) (1024K)]
  0x0000019052a40ed0 WorkerThread "GC Thread#8"                     [id=29000, stack(0x00000070c9600000,0x00000070c9700000) (1024K)]
  0x0000019057b1c250 WorkerThread "GC Thread#9"                     [id=26928, stack(0x00000070c9d00000,0x00000070c9e00000) (1024K)]
Total: 12

Threads with active compile tasks:
C2 CompilerThread0  9681 7039       4       org.apache.felix.resolver.PackageSpaces::mergeUses (494 bytes)
C1 CompilerThread0  9681 7259       3       sun.util.locale.provider.LocaleProviderAdapter::getAdapter (177 bytes)
C2 CompilerThread1  9681 7067       4       org.apache.felix.resolver.PackageSpaces::mergeCandidatePackages (436 bytes)
C2 CompilerThread2  9681 7244       4       org.apache.felix.resolver.PackageSpaces::parseUses (157 bytes)
Total: 4

VM state: not at safepoint (normal execution)

VM Mutex/Monitor currently owned by a thread: None

Heap address: 0x0000000080000000, size: 2048 MB, Compressed Oops mode: 32-bit

CDS archive(s) mapped at: [0x000001900f000000-0x000001900fc60000-0x000001900fc60000), size 12976128, SharedBaseAddress: 0x000001900f000000, ArchiveRelocationMode: 1.
Compressed class space mapped at: 0x0000019010000000-0x0000019050000000, reserved size: 1073741824
Narrow klass base: 0x000001900f000000, Narrow klass shift: 0, Narrow klass range: 0x41000000

GC Precious Log:
 CardTable entry size: 512
 CPUs: 12 total, 12 available
 Memory: 15773M
 Large Page Support: Disabled
 NUMA Support: Disabled
 Compressed Oops: Enabled (32-bit)
 Alignments: Space 512K, Generation 512K, Heap 2M
 Heap Min Capacity: 100M
 Heap Initial Capacity: 100M
 Heap Max Capacity: 2G
 Pre-touch: Disabled
 Parallel Workers: 10

Heap:
 PSYoungGen      total 24576K, used 9485K [0x00000000d5580000, 0x00000000d7400000, 0x0000000100000000)
  eden space 22016K, 32% used [0x00000000d5580000,0x00000000d5c818d0,0x00000000d6b00000)
  from space 2560K, 90% used [0x00000000d6b00000,0x00000000d6d41b40,0x00000000d6d80000)
  to   space 4608K, 0% used [0x00000000d6f80000,0x00000000d6f80000,0x00000000d7400000)
 ParOldGen       total 68608K, used 30918K [0x0000000080000000, 0x0000000084300000, 0x00000000d5580000)
  object space 68608K, 45% used [0x0000000080000000,0x0000000081e31b88,0x0000000084300000)
 Metaspace       used 49997K, committed 51264K, reserved 1114112K
  class space    used 5465K, committed 6016K, reserved 1048576K

Card table byte_map: [0x000001906ebc0000,0x000001906efd0000] _byte_map_base: 0x000001906e7c0000

Marking Bits: (ParMarkBitMap*) 0x00007ff8d4c20b50
 Begin Bits: [0x0000019077810000, 0x0000019079810000)
 End Bits:   [0x0000019079810000, 0x000001907b810000)

Polling page: 0x000001906d130000

Metaspace:

Usage:
  Non-class:     43.49 MB used.
      Class:      5.34 MB used.
       Both:     48.83 MB used.

Virtual space:
  Non-class space:       64.00 MB reserved,      44.19 MB ( 69%) committed,  1 nodes.
      Class space:        1.00 GB reserved,       5.88 MB ( <1%) committed,  1 nodes.
             Both:        1.06 GB reserved,      50.06 MB (  5%) committed. 

Chunk freelists:
   Non-Class:  3.28 MB
       Class:  9.97 MB
        Both:  13.25 MB

MaxMetaspaceSize: unlimited
CompressedClassSpaceSize: 1.00 GB
Initial GC threshold: 21.00 MB
Current GC threshold: 58.38 MB
CDS: on
 - commit_granule_bytes: 65536.
 - commit_granule_words: 8192.
 - virtual_space_node_default_size: 8388608.
 - enlarge_chunks_in_place: 1.
 - use_allocation_guard: 0.


Internal statistics:

num_allocs_failed_limit: 6.
num_arena_births: 840.
num_arena_deaths: 14.
num_vsnodes_births: 2.
num_vsnodes_deaths: 0.
num_space_committed: 801.
num_space_uncommitted: 0.
num_chunks_returned_to_freelist: 20.
num_chunks_taken_from_freelist: 2818.
num_chunk_merges: 4.
num_chunk_splits: 1776.
num_chunks_enlarged: 1043.
num_inconsistent_stats: 0.

CodeHeap 'non-profiled nmethods': size=120000Kb used=3495Kb max_used=3495Kb free=116504Kb
 bounds [0x0000019007ad0000, 0x0000019007e40000, 0x000001900f000000]
CodeHeap 'profiled nmethods': size=120000Kb used=14051Kb max_used=14051Kb free=105948Kb
 bounds [0x0000019000000000, 0x0000019000dc0000, 0x0000019007530000]
CodeHeap 'non-nmethods': size=5760Kb used=1416Kb max_used=1497Kb free=4343Kb
 bounds [0x0000019007530000, 0x00000190077a0000, 0x0000019007ad0000]
 total_blobs=7259 nmethods=6545 adapters=620
 compilation: enabled
              stopped_count=0, restarted_count=0
 full_count=0

Compilation events (20 events):
Event: 9.559 Thread 0x0000019057e86190 nmethod 7164% 0x0000019007e2ba10 code [0x0000019007e2bc00, 0x0000019007e2cb48]
Event: 9.559 Thread 0x0000019057e86190 7179       4       org.apache.felix.resolver.PackageSpaces$5::compute (9 bytes)
Event: 9.561 Thread 0x0000019057e86190 nmethod 7179 0x0000019007e2d110 code [0x0000019007e2d2a0, 0x0000019007e2d468]
Event: 9.561 Thread 0x0000019057e86190 6928       4       jdk.xml.internal.XMLSecurityManager$Limit::is (35 bytes)
Event: 9.563 Thread 0x0000019057e86190 nmethod 6928 0x0000019007e2d610 code [0x0000019007e2d7a0, 0x0000019007e2dab8]
Event: 9.563 Thread 0x0000019057e86190 7180 %     4       org.apache.felix.resolver.PackageSpaces::parseUses @ 12 (157 bytes)
Event: 9.567 Thread 0x00000190523240e0 7181       3       java.util.concurrent.atomic.AtomicBoolean::<init> (14 bytes)
Event: 9.567 Thread 0x00000190523240e0 nmethod 7181 0x0000019000d87d10 code [0x0000019000d87ea0, 0x0000019000d88048]
Event: 9.572 Thread 0x00000190523240e0 7182       3       aQute.bnd.header.Attrs::<init> (15 bytes)
Event: 9.572 Thread 0x00000190523240e0 nmethod 7182 0x0000019000d88110 code [0x0000019000d882a0, 0x0000019000d88438]
Event: 9.572 Thread 0x00000190523240e0 7183       3       aQute.bnd.header.OSGiHeader$$Lambda/0x0000019010131dc8::<init> (10 bytes)
Event: 9.573 Thread 0x00000190523240e0 nmethod 7183 0x0000019000d88510 code [0x0000019000d886a0, 0x0000019000d88828]
Event: 9.573 Thread 0x00000190523240e0 7186       3       org.eclipse.osgi.container.Module::unlockStateChange (63 bytes)
Event: 9.574 Thread 0x00000190523240e0 nmethod 7186 0x0000019000d88910 code [0x0000019000d88bc0, 0x0000019000d898f8]
Event: 9.574 Thread 0x00000190523240e0 7184       3       java.util.HashMap::compute (339 bytes)
Event: 9.575 Thread 0x00000190523240e0 nmethod 7184 0x0000019000d89e10 code [0x0000019000d8a120, 0x0000019000d8b5a0]
Event: 9.575 Thread 0x00000190523240e0 7185       3       aQute.bnd.header.Attrs::<init> (19 bytes)
Event: 9.575 Thread 0x00000190523240e0 nmethod 7185 0x0000019000d8bb90 code [0x0000019000d8bd80, 0x0000019000d8c2f0]
Event: 9.575 Thread 0x00000190523240e0 7187   !   3       org.eclipse.osgi.container.Module::$SWITCH_TABLE$org$eclipse$osgi$container$ModuleContainerAdaptor$ModuleEvent (157 bytes)
Event: 9.576 Thread 0x00000190523240e0 nmethod 7187 0x0000019000d8c510 code [0x0000019000d8c720, 0x0000019000d8cdc8]

GC Heap History (20 events):
Event: 6.303 GC heap before
{Heap before GC invocations=15 (full 1):
 PSYoungGen      total 23552K, used 8729K [0x00000000d5580000, 0x00000000d7180000, 0x0000000100000000)
  eden space 22016K, 32% used [0x00000000d5580000,0x00000000d5c8f428,0x00000000d6b00000)
  from space 1536K, 97% used [0x00000000d6e80000,0x00000000d6ff7380,0x00000000d7000000)
  to   space 1536K, 0% used [0x00000000d7000000,0x00000000d7000000,0x00000000d7180000)
 ParOldGen       total 68608K, used 16949K [0x0000000080000000, 0x0000000084300000, 0x00000000d5580000)
  object space 68608K, 24% used [0x0000000080000000,0x000000008108d6c8,0x0000000084300000)
 Metaspace       used 34691K, committed 35840K, reserved 1114112K
  class space    used 3549K, committed 4032K, reserved 1048576K
}
Event: 6.305 GC heap after
{Heap after GC invocations=15 (full 1):
 PSYoungGen      total 23040K, used 603K [0x00000000d5580000, 0x00000000d7100000, 0x0000000100000000)
  eden space 22016K, 0% used [0x00000000d5580000,0x00000000d5580000,0x00000000d6b00000)
  from space 1024K, 58% used [0x00000000d7000000,0x00000000d7096c00,0x00000000d7100000)
  to   space 1024K, 0% used [0x00000000d6f00000,0x00000000d6f00000,0x00000000d7000000)
 ParOldGen       total 68608K, used 18334K [0x0000000080000000, 0x0000000084300000, 0x00000000d5580000)
  object space 68608K, 26% used [0x0000000080000000,0x00000000811e7bf0,0x0000000084300000)
 Metaspace       used 34691K, committed 35840K, reserved 1114112K
  class space    used 3549K, committed 4032K, reserved 1048576K
}
Event: 6.305 GC heap before
{Heap before GC invocations=16 (full 2):
 PSYoungGen      total 23040K, used 603K [0x00000000d5580000, 0x00000000d7100000, 0x0000000100000000)
  eden space 22016K, 0% used [0x00000000d5580000,0x00000000d5580000,0x00000000d6b00000)
  from space 1024K, 58% used [0x00000000d7000000,0x00000000d7096c00,0x00000000d7100000)
  to   space 1024K, 0% used [0x00000000d6f00000,0x00000000d6f00000,0x00000000d7000000)
 ParOldGen       total 68608K, used 18334K [0x0000000080000000, 0x0000000084300000, 0x00000000d5580000)
  object space 68608K, 26% used [0x0000000080000000,0x00000000811e7bf0,0x0000000084300000)
 Metaspace       used 34691K, committed 35840K, reserved 1114112K
  class space    used 3549K, committed 4032K, reserved 1048576K
}
Event: 6.343 GC heap after
{Heap after GC invocations=16 (full 2):
 PSYoungGen      total 23040K, used 0K [0x00000000d5580000, 0x00000000d7100000, 0x0000000100000000)
  eden space 22016K, 0% used [0x00000000d5580000,0x00000000d5580000,0x00000000d6b00000)
  from space 1024K, 0% used [0x00000000d7000000,0x00000000d7000000,0x00000000d7100000)
  to   space 1024K, 0% used [0x00000000d6f00000,0x00000000d6f00000,0x00000000d7000000)
 ParOldGen       total 68608K, used 17807K [0x0000000080000000, 0x0000000084300000, 0x00000000d5580000)
  object space 68608K, 25% used [0x0000000080000000,0x0000000081163d68,0x0000000084300000)
 Metaspace       used 34691K, committed 35840K, reserved 1114112K
  class space    used 3549K, committed 4032K, reserved 1048576K
}
Event: 6.575 GC heap before
{Heap before GC invocations=17 (full 2):
 PSYoungGen      total 23040K, used 21996K [0x00000000d5580000, 0x00000000d7100000, 0x0000000100000000)
  eden space 22016K, 99% used [0x00000000d5580000,0x00000000d6afb0a8,0x00000000d6b00000)
  from space 1024K, 0% used [0x00000000d7000000,0x00000000d7000000,0x00000000d7100000)
  to   space 1024K, 0% used [0x00000000d6f00000,0x00000000d6f00000,0x00000000d7000000)
 ParOldGen       total 68608K, used 17807K [0x0000000080000000, 0x0000000084300000, 0x00000000d5580000)
  object space 68608K, 25% used [0x0000000080000000,0x0000000081163d68,0x0000000084300000)
 Metaspace       used 36659K, committed 37824K, reserved 1114112K
  class space    used 3790K, committed 4288K, reserved 1048576K
}
Event: 6.577 GC heap after
{Heap after GC invocations=17 (full 2):
 PSYoungGen      total 23040K, used 1014K [0x00000000d5580000, 0x00000000d7080000, 0x0000000100000000)
  eden space 22016K, 0% used [0x00000000d5580000,0x00000000d5580000,0x00000000d6b00000)
  from space 1024K, 99% used [0x00000000d6f00000,0x00000000d6ffd9d0,0x00000000d7000000)
  to   space 512K, 0% used [0x00000000d7000000,0x00000000d7000000,0x00000000d7080000)
 ParOldGen       total 68608K, used 18159K [0x0000000080000000, 0x0000000084300000, 0x00000000d5580000)
  object space 68608K, 26% used [0x0000000080000000,0x00000000811bbd68,0x0000000084300000)
 Metaspace       used 36659K, committed 37824K, reserved 1114112K
  class space    used 3790K, committed 4288K, reserved 1048576K
}
Event: 6.768 GC heap before
{Heap before GC invocations=18 (full 2):
 PSYoungGen      total 23040K, used 23030K [0x00000000d5580000, 0x00000000d7080000, 0x0000000100000000)
  eden space 22016K, 100% used [0x00000000d5580000,0x00000000d6b00000,0x00000000d6b00000)
  from space 1024K, 99% used [0x00000000d6f00000,0x00000000d6ffd9d0,0x00000000d7000000)
  to   space 512K, 0% used [0x00000000d7000000,0x00000000d7000000,0x00000000d7080000)
 ParOldGen       total 68608K, used 18159K [0x0000000080000000, 0x0000000084300000, 0x00000000d5580000)
  object space 68608K, 26% used [0x0000000080000000,0x00000000811bbd68,0x0000000084300000)
 Metaspace       used 39249K, committed 40384K, reserved 1114112K
  class space    used 4109K, committed 4608K, reserved 1048576K
}
Event: 6.770 GC heap after
{Heap after GC invocations=18 (full 2):
 PSYoungGen      total 22528K, used 512K [0x00000000d5580000, 0x00000000d7080000, 0x0000000100000000)
  eden space 22016K, 0% used [0x00000000d5580000,0x00000000d5580000,0x00000000d6b00000)
  from space 512K, 100% used [0x00000000d7000000,0x00000000d7080000,0x00000000d7080000)
  to   space 2048K, 0% used [0x00000000d6c80000,0x00000000d6c80000,0x00000000d6e80000)
 ParOldGen       total 68608K, used 19279K [0x0000000080000000, 0x0000000084300000, 0x00000000d5580000)
  object space 68608K, 28% used [0x0000000080000000,0x00000000812d3d68,0x0000000084300000)
 Metaspace       used 39249K, committed 40384K, reserved 1114112K
  class space    used 4109K, committed 4608K, reserved 1048576K
}
Event: 7.113 GC heap before
{Heap before GC invocations=19 (full 2):
 PSYoungGen      total 22528K, used 22528K [0x00000000d5580000, 0x00000000d7080000, 0x0000000100000000)
  eden space 22016K, 100% used [0x00000000d5580000,0x00000000d6b00000,0x00000000d6b00000)
  from space 512K, 100% used [0x00000000d7000000,0x00000000d7080000,0x00000000d7080000)
  to   space 2048K, 0% used [0x00000000d6c80000,0x00000000d6c80000,0x00000000d6e80000)
 ParOldGen       total 68608K, used 19279K [0x0000000080000000, 0x0000000084300000, 0x00000000d5580000)
  object space 68608K, 28% used [0x0000000080000000,0x00000000812d3d68,0x0000000084300000)
 Metaspace       used 41563K, committed 42816K, reserved 1114112K
  class space    used 4381K, committed 4928K, reserved 1048576K
}
Event: 7.114 GC heap after
{Heap after GC invocations=19 (full 2):
 PSYoungGen      total 24064K, used 736K [0x00000000d5580000, 0x00000000d7080000, 0x0000000100000000)
  eden space 22016K, 0% used [0x00000000d5580000,0x00000000d5580000,0x00000000d6b00000)
  from space 2048K, 35% used [0x00000000d6c80000,0x00000000d6d38000,0x00000000d6e80000)
  to   space 1536K, 0% used [0x00000000d6f00000,0x00000000d6f00000,0x00000000d7080000)
 ParOldGen       total 68608K, used 19759K [0x0000000080000000, 0x0000000084300000, 0x00000000d5580000)
  object space 68608K, 28% used [0x0000000080000000,0x000000008134bd68,0x0000000084300000)
 Metaspace       used 41563K, committed 42816K, reserved 1114112K
  class space    used 4381K, committed 4928K, reserved 1048576K
}
Event: 7.511 GC heap before
{Heap before GC invocations=20 (full 2):
 PSYoungGen      total 24064K, used 22752K [0x00000000d5580000, 0x00000000d7080000, 0x0000000100000000)
  eden space 22016K, 100% used [0x00000000d5580000,0x00000000d6b00000,0x00000000d6b00000)
  from space 2048K, 35% used [0x00000000d6c80000,0x00000000d6d38000,0x00000000d6e80000)
  to   space 1536K, 0% used [0x00000000d6f00000,0x00000000d6f00000,0x00000000d7080000)
 ParOldGen       total 68608K, used 19759K [0x0000000080000000, 0x0000000084300000, 0x00000000d5580000)
  object space 68608K, 28% used [0x0000000080000000,0x000000008134bd68,0x0000000084300000)
 Metaspace       used 43930K, committed 45120K, reserved 1114112K
  class space    used 4707K, committed 5184K, reserved 1048576K
}
Event: 7.515 GC heap after
{Heap after GC invocations=20 (full 2):
 PSYoungGen      total 23552K, used 1513K [0x00000000d5580000, 0x00000000d7080000, 0x0000000100000000)
  eden space 22016K, 0% used [0x00000000d5580000,0x00000000d5580000,0x00000000d6b00000)
  from space 1536K, 98% used [0x00000000d6f00000,0x00000000d707a680,0x00000000d7080000)
  to   space 2560K, 0% used [0x00000000d6b80000,0x00000000d6b80000,0x00000000d6e00000)
 ParOldGen       total 68608K, used 20319K [0x0000000080000000, 0x0000000084300000, 0x00000000d5580000)
  object space 68608K, 29% used [0x0000000080000000,0x00000000813d7d78,0x0000000084300000)
 Metaspace       used 43930K, committed 45120K, reserved 1114112K
  class space    used 4707K, committed 5184K, reserved 1048576K
}
Event: 8.026 GC heap before
{Heap before GC invocations=21 (full 2):
 PSYoungGen      total 23552K, used 23529K [0x00000000d5580000, 0x00000000d7080000, 0x0000000100000000)
  eden space 22016K, 100% used [0x00000000d5580000,0x00000000d6b00000,0x00000000d6b00000)
  from space 1536K, 98% used [0x00000000d6f00000,0x00000000d707a680,0x00000000d7080000)
  to   space 2560K, 0% used [0x00000000d6b80000,0x00000000d6b80000,0x00000000d6e00000)
 ParOldGen       total 68608K, used 20319K [0x0000000080000000, 0x0000000084300000, 0x00000000d5580000)
  object space 68608K, 29% used [0x0000000080000000,0x00000000813d7d78,0x0000000084300000)
 Metaspace       used 46752K, committed 47872K, reserved 1114112K
  class space    used 5094K, committed 5568K, reserved 1048576K
}
Event: 8.029 GC heap after
{Heap after GC invocations=21 (full 2):
 PSYoungGen      total 23552K, used 1408K [0x00000000d5580000, 0x00000000d6f80000, 0x0000000100000000)
  eden space 22016K, 0% used [0x00000000d5580000,0x00000000d5580000,0x00000000d6b00000)
  from space 1536K, 91% used [0x00000000d6b80000,0x00000000d6ce0000,0x00000000d6d00000)
  to   space 2048K, 0% used [0x00000000d6d80000,0x00000000d6d80000,0x00000000d6f80000)
 ParOldGen       total 68608K, used 21674K [0x0000000080000000, 0x0000000084300000, 0x00000000d5580000)
  object space 68608K, 31% used [0x0000000080000000,0x000000008152a810,0x0000000084300000)
 Metaspace       used 46752K, committed 47872K, reserved 1114112K
  class space    used 5094K, committed 5568K, reserved 1048576K
}
Event: 8.995 GC heap before
{Heap before GC invocations=22 (full 2):
 PSYoungGen      total 23552K, used 23424K [0x00000000d5580000, 0x00000000d6f80000, 0x0000000100000000)
  eden space 22016K, 100% used [0x00000000d5580000,0x00000000d6b00000,0x00000000d6b00000)
  from space 1536K, 91% used [0x00000000d6b80000,0x00000000d6ce0000,0x00000000d6d00000)
  to   space 2048K, 0% used [0x00000000d6d80000,0x00000000d6d80000,0x00000000d6f80000)
 ParOldGen       total 68608K, used 21674K [0x0000000080000000, 0x0000000084300000, 0x00000000d5580000)
  object space 68608K, 31% used [0x0000000080000000,0x000000008152a810,0x0000000084300000)
 Metaspace       used 48899K, committed 50112K, reserved 1114112K
  class space    used 5344K, committed 5888K, reserved 1048576K
}
Event: 8.998 GC heap after
{Heap after GC invocations=22 (full 2):
 PSYoungGen      total 23040K, used 964K [0x00000000d5580000, 0x00000000d6e80000, 0x0000000100000000)
  eden space 22016K, 0% used [0x00000000d5580000,0x00000000d5580000,0x00000000d6b00000)
  from space 1024K, 94% used [0x00000000d6d80000,0x00000000d6e71170,0x00000000d6e80000)
  to   space 1536K, 0% used [0x00000000d6b80000,0x00000000d6b80000,0x00000000d6d00000)
 ParOldGen       total 68608K, used 22827K [0x0000000080000000, 0x0000000084300000, 0x00000000d5580000)
  object space 68608K, 33% used [0x0000000080000000,0x000000008164aeb0,0x0000000084300000)
 Metaspace       used 48899K, committed 50112K, reserved 1114112K
  class space    used 5344K, committed 5888K, reserved 1048576K
}
Event: 9.380 GC heap before
{Heap before GC invocations=23 (full 2):
 PSYoungGen      total 23040K, used 22980K [0x00000000d5580000, 0x00000000d6e80000, 0x0000000100000000)
  eden space 22016K, 100% used [0x00000000d5580000,0x00000000d6b00000,0x00000000d6b00000)
  from space 1024K, 94% used [0x00000000d6d80000,0x00000000d6e71170,0x00000000d6e80000)
  to   space 1536K, 0% used [0x00000000d6b80000,0x00000000d6b80000,0x00000000d6d00000)
 ParOldGen       total 68608K, used 22827K [0x0000000080000000, 0x0000000084300000, 0x00000000d5580000)
  object space 68608K, 33% used [0x0000000080000000,0x000000008164aeb0,0x0000000084300000)
 Metaspace       used 49801K, committed 51072K, reserved 1114112K
  class space    used 5455K, committed 6016K, reserved 1048576K
}
Event: 9.384 GC heap after
{Heap after GC invocations=23 (full 2):
 PSYoungGen      total 23552K, used 1513K [0x00000000d5580000, 0x00000000d7c00000, 0x0000000100000000)
  eden space 22016K, 0% used [0x00000000d5580000,0x00000000d5580000,0x00000000d6b00000)
  from space 1536K, 98% used [0x00000000d6b80000,0x00000000d6cfa670,0x00000000d6d00000)
  to   space 8704K, 0% used [0x00000000d7380000,0x00000000d7380000,0x00000000d7c00000)
 ParOldGen       total 68608K, used 28627K [0x0000000080000000, 0x0000000084300000, 0x00000000d5580000)
  object space 68608K, 41% used [0x0000000080000000,0x0000000081bf4c60,0x0000000084300000)
 Metaspace       used 49801K, committed 51072K, reserved 1114112K
  class space    used 5455K, committed 6016K, reserved 1048576K
}
Event: 9.490 GC heap before
{Heap before GC invocations=24 (full 2):
 PSYoungGen      total 23552K, used 23529K [0x00000000d5580000, 0x00000000d7c00000, 0x0000000100000000)
  eden space 22016K, 99% used [0x00000000d5580000,0x00000000d6afffe8,0x00000000d6b00000)
  from space 1536K, 98% used [0x00000000d6b80000,0x00000000d6cfa670,0x00000000d6d00000)
  to   space 8704K, 0% used [0x00000000d7380000,0x00000000d7380000,0x00000000d7c00000)
 ParOldGen       total 68608K, used 28627K [0x0000000080000000, 0x0000000084300000, 0x00000000d5580000)
  object space 68608K, 41% used [0x0000000080000000,0x0000000081bf4c60,0x0000000084300000)
 Metaspace       used 49881K, committed 51136K, reserved 1114112K
  class space    used 5460K, committed 6016K, reserved 1048576K
}
Event: 9.497 GC heap after
{Heap after GC invocations=24 (full 2):
 PSYoungGen      total 29696K, used 7680K [0x00000000d5580000, 0x00000000d7b00000, 0x0000000100000000)
  eden space 22016K, 0% used [0x00000000d5580000,0x00000000d5580000,0x00000000d6b00000)
  from space 7680K, 100% used [0x00000000d7380000,0x00000000d7b00000,0x00000000d7b00000)
  to   space 8192K, 0% used [0x00000000d6b00000,0x00000000d6b00000,0x00000000d7300000)
 ParOldGen       total 68608K, used 30042K [0x0000000080000000, 0x0000000084300000, 0x00000000d5580000)
  object space 68608K, 43% used [0x0000000080000000,0x0000000081d56ab8,0x0000000084300000)
 Metaspace       used 49881K, committed 51136K, reserved 1114112K
  class space    used 5460K, committed 6016K, reserved 1048576K
}

Dll operation events (13 events):
Event: 0.015 Loaded shared library C:\Program Files\Java\jdk-22\bin\java.dll
Event: 0.055 Loaded shared library C:\Program Files\Java\jdk-22\bin\jsvml.dll
Event: 0.115 Loaded shared library C:\Program Files\Java\jdk-22\bin\zip.dll
Event: 0.120 Loaded shared library C:\Program Files\Java\jdk-22\bin\instrument.dll
Event: 0.124 Loaded shared library C:\Program Files\Java\jdk-22\bin\net.dll
Event: 0.126 Loaded shared library C:\Program Files\Java\jdk-22\bin\nio.dll
Event: 0.131 Loaded shared library C:\Program Files\Java\jdk-22\bin\zip.dll
Event: 0.152 Loaded shared library C:\Program Files\Java\jdk-22\bin\jimage.dll
Event: 0.232 Loaded shared library C:\Program Files\Java\jdk-22\bin\verify.dll
Event: 1.763 Loaded shared library C:\Users\ASUS\AppData\Roaming\Code\User\globalStorage\redhat.java\1.48.0\config_win\org.eclipse.equinox.launcher\org.eclipse.equinox.launcher.win32.win32.x86_64_1.2.1400.v20250801-0854\eclipse_11916.dll
Event: 3.648 Loaded shared library C:\Users\ASUS\AppData\Local\Temp\jna-2018896\jna6646372726838525123.dll
Event: 6.657 Loaded shared library C:\Program Files\Java\jdk-22\bin\sunmscapi.dll
Event: 7.086 Loaded shared library C:\Program Files\Java\jdk-22\bin\extnet.dll

Deoptimization events (20 events):
Event: 9.348 Thread 0x0000019057187530 Uncommon trap: reason=profile_predicate action=maybe_recompile pc=0x0000019007bb9650 method=org.apache.felix.resolver.util.OpenHashMap.getOrCompute(Ljava/lang/Object;)Ljava/lang/Object; @ 108 c2
Event: 9.348 Thread 0x0000019057bbf8f0 Uncommon trap: reason=profile_predicate action=maybe_recompile pc=0x0000019007bb9650 method=org.apache.felix.resolver.util.OpenHashMap.getOrCompute(Ljava/lang/Object;)Ljava/lang/Object; @ 108 c2
Event: 9.348 Thread 0x0000019057187530 DEOPT PACKING pc=0x0000019007bb9650 sp=0x00000070c94febb0
Event: 9.348 Thread 0x0000019057bbf8f0 DEOPT PACKING pc=0x0000019007bb9650 sp=0x00000070cbafdc50
Event: 9.348 Thread 0x0000019057187530 DEOPT UNPACKING pc=0x0000019007583aa2 sp=0x00000070c94feb48 mode 2
Event: 9.348 Thread 0x0000019057187530 Uncommon trap: trap_request=0xffffffbe fr.pc=0x0000019007bb9650 relative=0x00000000000007f0
Event: 9.348 Thread 0x0000019057bbf8f0 DEOPT UNPACKING pc=0x0000019007583aa2 sp=0x00000070cbafdbe8 mode 2
Event: 9.348 Thread 0x0000019057187530 Uncommon trap: reason=profile_predicate action=maybe_recompile pc=0x0000019007bb9650 method=org.apache.felix.resolver.util.OpenHashMap.getOrCompute(Ljava/lang/Object;)Ljava/lang/Object; @ 108 c2
Event: 9.348 Thread 0x0000019057187530 DEOPT PACKING pc=0x0000019007bb9650 sp=0x00000070c94febb0
Event: 9.348 Thread 0x0000019057187530 DEOPT UNPACKING pc=0x0000019007583aa2 sp=0x00000070c94feb48 mode 2
Event: 9.438 Thread 0x0000019057187530 Uncommon trap: trap_request=0xffffff45 fr.pc=0x0000019007d27de8 relative=0x0000000000000068
Event: 9.438 Thread 0x0000019057187530 Uncommon trap: reason=unstable_if action=reinterpret pc=0x0000019007d27de8 method=java.util.concurrent.locks.AbstractQueuedSynchronizer.apparentlyFirstQueuedIsExclusive()Z @ 6 c2
Event: 9.438 Thread 0x0000019057187530 DEOPT PACKING pc=0x0000019007d27de8 sp=0x00000070c94feef0
Event: 9.438 Thread 0x0000019057187530 DEOPT UNPACKING pc=0x0000019007583aa2 sp=0x00000070c94fee18 mode 2
Event: 9.449 Thread 0x0000019057bbf8f0 DEOPT PACKING pc=0x0000019000a05245 sp=0x00000070cbafd960
Event: 9.449 Thread 0x0000019057bbf8f0 DEOPT UNPACKING pc=0x0000019007584242 sp=0x00000070cbafce70 mode 0
Event: 9.530 Thread 0x0000019052dc2d00 Uncommon trap: trap_request=0xffffff45 fr.pc=0x0000019007c778e4 relative=0x0000000000000c84
Event: 9.531 Thread 0x0000019052dc2d00 Uncommon trap: reason=unstable_if action=reinterpret pc=0x0000019007c778e4 method=java.util.concurrent.ConcurrentHashMap.putVal(Ljava/lang/Object;Ljava/lang/Object;Z)Ljava/lang/Object; @ 197 c2
Event: 9.531 Thread 0x0000019052dc2d00 DEOPT PACKING pc=0x0000019007c778e4 sp=0x00000070c8bfe3e0
Event: 9.531 Thread 0x0000019052dc2d00 DEOPT UNPACKING pc=0x0000019007583aa2 sp=0x00000070c8bfe350 mode 2

Classes loaded (20 events):
Event: 8.967 Loading class sun/net/www/protocol/http/HttpURLConnection$HttpInputStream
Event: 8.968 Loading class sun/net/www/protocol/http/HttpURLConnection$HttpInputStream done
Event: 9.357 Loading class java/util/stream/ReferencePipeline$5
Event: 9.359 Loading class java/util/stream/LongPipeline$StatelessOp
Event: 9.359 Loading class java/util/stream/LongPipeline
Event: 9.361 Loading class java/util/stream/LongStream
Event: 9.361 Loading class java/util/stream/LongStream done
Event: 9.362 Loading class java/util/stream/LongPipeline done
Event: 9.362 Loading class java/util/stream/LongPipeline$StatelessOp done
Event: 9.362 Loading class java/util/stream/ReferencePipeline$5 done
Event: 9.362 Loading class java/util/function/LongBinaryOperator
Event: 9.363 Loading class java/util/function/LongBinaryOperator done
Event: 9.363 Loading class java/util/stream/ReduceOps$10
Event: 9.363 Loading class java/util/stream/ReduceOps$10 done
Event: 9.363 Loading class java/util/stream/ReduceOps$8ReducingSink
Event: 9.363 Loading class java/util/stream/Sink$OfLong
Event: 9.364 Loading class java/util/stream/Sink$OfLong done
Event: 9.364 Loading class java/util/stream/ReduceOps$8ReducingSink done
Event: 9.364 Loading class java/util/stream/ReferencePipeline$5$1
Event: 9.364 Loading class java/util/stream/ReferencePipeline$5$1 done

Classes unloaded (7 events):
Event: 4.339 Thread 0x000001906f2de5d0 Unloading class 0x00000190101b1000 'java/lang/invoke/LambdaForm$MH+0x00000190101b1000'
Event: 4.339 Thread 0x000001906f2de5d0 Unloading class 0x00000190101b0c00 'java/lang/invoke/LambdaForm$MH+0x00000190101b0c00'
Event: 4.339 Thread 0x000001906f2de5d0 Unloading class 0x00000190101b0800 'java/lang/invoke/LambdaForm$MH+0x00000190101b0800'
Event: 4.339 Thread 0x000001906f2de5d0 Unloading class 0x00000190101b0400 'java/lang/invoke/LambdaForm$MH+0x00000190101b0400'
Event: 4.339 Thread 0x000001906f2de5d0 Unloading class 0x00000190101b0000 'java/lang/invoke/LambdaForm$BMH+0x00000190101b0000'
Event: 4.339 Thread 0x000001906f2de5d0 Unloading class 0x00000190101afc00 'java/lang/invoke/LambdaForm$DMH+0x00000190101afc00'
Event: 4.339 Thread 0x000001906f2de5d0 Unloading class 0x00000190101ae800 'java/lang/invoke/LambdaForm$DMH+0x00000190101ae800'

Classes redefined (0 events):
No events

Internal exceptions (20 events):
Event: 8.099 Thread 0x0000019057680ee0 Exception <a 'sun/nio/fs/WindowsException'{0x00000000d5c787b8}> (0x00000000d5c787b8) 
thrown [s\open\src\hotspot\share\prims\jni.cpp, line 520]
Event: 8.102 Thread 0x0000019057680ee0 Exception <a 'sun/nio/fs/WindowsException'{0x00000000d5ca0ed0}> (0x00000000d5ca0ed0) 
thrown [s\open\src\hotspot\share\prims\jni.cpp, line 520]
Event: 8.103 Thread 0x0000019057680ee0 Exception <a 'sun/nio/fs/WindowsException'{0x00000000d5ca1500}> (0x00000000d5ca1500) 
thrown [s\open\src\hotspot\share\prims\jni.cpp, line 520]
Event: 8.104 Thread 0x0000019057680ee0 Exception <a 'sun/nio/fs/WindowsException'{0x00000000d5cac2f0}> (0x00000000d5cac2f0) 
thrown [s\open\src\hotspot\share\prims\jni.cpp, line 520]
Event: 8.104 Thread 0x0000019057680ee0 Exception <a 'sun/nio/fs/WindowsException'{0x00000000d5cac920}> (0x00000000d5cac920) 
thrown [s\open\src\hotspot\share\prims\jni.cpp, line 520]
Event: 8.107 Thread 0x0000019057680ee0 Exception <a 'java/lang/NoSuchMethodError'{0x00000000d5cd4fb8}: 'void java.lang.invoke.DirectMethodHandle$Holder.invokeVirtual(java.lang.Object, java.lang.Object, java.lang.Object, java.lang.Object)'> (0x00000000d5cd4fb8) 
thrown [s\open\src\hotspot\share\interpreter\linkResolver.cpp, line 774]
Event: 8.115 Thread 0x0000019057680ee0 Exception <a 'java/io/FileNotFoundException'{0x00000000d5d62988}> (0x00000000d5d62988) 
thrown [s\open\src\hotspot\share\prims\jni.cpp, line 520]
Event: 8.175 Thread 0x0000019057680ee0 Exception <a 'sun/nio/fs/WindowsException'{0x00000000d6162568}> (0x00000000d6162568) 
thrown [s\open\src\hotspot\share\prims\jni.cpp, line 520]
Event: 8.175 Thread 0x0000019057680ee0 Exception <a 'sun/nio/fs/WindowsException'{0x00000000d6162b98}> (0x00000000d6162b98) 
thrown [s\open\src\hotspot\share\prims\jni.cpp, line 520]
Event: 8.191 Thread 0x0000019057680ee0 Exception <a 'sun/nio/fs/WindowsException'{0x00000000d61ce098}> (0x00000000d61ce098) 
thrown [s\open\src\hotspot\share\prims\jni.cpp, line 520]
Event: 8.191 Thread 0x0000019057680ee0 Exception <a 'sun/nio/fs/WindowsException'{0x00000000d61ce948}> (0x00000000d61ce948) 
thrown [s\open\src\hotspot\share\prims\jni.cpp, line 520]
Event: 8.233 Thread 0x0000019057680ee0 Exception <a 'sun/nio/fs/WindowsException'{0x00000000d64e67f8}> (0x00000000d64e67f8) 
thrown [s\open\src\hotspot\share\prims\jni.cpp, line 520]
Event: 8.242 Thread 0x0000019057680ee0 Exception <a 'java/io/FileNotFoundException'{0x00000000d65501a0}> (0x00000000d65501a0) 
thrown [s\open\src\hotspot\share\prims\jni.cpp, line 520]
Event: 8.242 Thread 0x0000019057680ee0 Exception <a 'java/io/FileNotFoundException'{0x00000000d6551650}> (0x00000000d6551650) 
thrown [s\open\src\hotspot\share\prims\jni.cpp, line 520]
Event: 8.244 Thread 0x0000019057680ee0 Exception <a 'java/lang/NoSuchMethodError'{0x00000000d6560ef0}: 'java.lang.Object java.lang.invoke.DirectMethodHandle$Holder.newInvokeSpecial(java.lang.Object, java.lang.Object, java.lang.Object, int)'> (0x00000000d6560ef0) 
thrown [s\open\src\hotspot\share\interpreter\linkResolver.cpp, line 774]
Event: 8.244 Thread 0x0000019057680ee0 Exception <a 'java/lang/NoSuchMethodError'{0x00000000d6565278}: 'java.lang.Object java.lang.invoke.DirectMethodHandle$Holder.invokeSpecial(java.lang.Object, java.lang.Object, java.lang.Object, java.lang.Object, int)'> (0x00000000d6565278) 
thrown [s\open\src\hotspot\share\interpreter\linkResolver.cpp, line 774]
Event: 8.244 Thread 0x0000019057680ee0 Exception <a 'java/lang/NoSuchMethodError'{0x00000000d6568bd0}: 'java.lang.Object java.lang.invoke.Invokers$Holder.linkToTargetMethod(java.lang.Object, java.lang.Object, int, java.lang.Object)'> (0x00000000d6568bd0) 
thrown [s\open\src\hotspot\share\interpreter\linkResolver.cpp, line 774]
Event: 8.259 Thread 0x0000019057680ee0 Exception <a 'java/io/FileNotFoundException'{0x00000000d65e6040}> (0x00000000d65e6040) 
thrown [s\open\src\hotspot\share\prims\jni.cpp, line 520]
Event: 8.260 Thread 0x0000019057680ee0 Exception <a 'java/io/FileNotFoundException'{0x00000000d65e6d80}> (0x00000000d65e6d80) 
thrown [s\open\src\hotspot\share\prims\jni.cpp, line 520]
Event: 9.114 Thread 0x0000019057bbf8f0 Exception <a 'java/io/FileNotFoundException'{0x00000000d5a4c160}> (0x00000000d5a4c160) 
thrown [s\open\src\hotspot\share\prims\jni.cpp, line 520]

ZGC Phase Switch (0 events):
No events

VM Operations (20 events):
Event: 7.416 Executing VM operation: HandshakeAllThreads (Deoptimize)
Event: 7.416 Executing VM operation: HandshakeAllThreads (Deoptimize) done
Event: 7.486 Executing VM operation: HandshakeAllThreads (Deoptimize)
Event: 7.486 Executing VM operation: HandshakeAllThreads (Deoptimize) done
Event: 7.511 Executing VM operation: ParallelGCFailedAllocation (Allocation Failure)
Event: 7.515 Executing VM operation: ParallelGCFailedAllocation (Allocation Failure) done
Event: 8.024 Executing VM operation: ICBufferFull
Event: 8.025 Executing VM operation: ICBufferFull done
Event: 8.025 Executing VM operation: ParallelGCFailedAllocation (Allocation Failure)
Event: 8.029 Executing VM operation: ParallelGCFailedAllocation (Allocation Failure) done
Event: 8.967 Executing VM operation: HandshakeAllThreads (Deoptimize)
Event: 8.967 Executing VM operation: HandshakeAllThreads (Deoptimize) done
Event: 8.995 Executing VM operation: ParallelGCFailedAllocation (Allocation Failure)
Event: 8.998 Executing VM operation: ParallelGCFailedAllocation (Allocation Failure) done
Event: 9.100 Executing VM operation: HandshakeAllThreads (Deoptimize)
Event: 9.101 Executing VM operation: HandshakeAllThreads (Deoptimize) done
Event: 9.379 Executing VM operation: ParallelGCFailedAllocation (Allocation Failure)
Event: 9.384 Executing VM operation: ParallelGCFailedAllocation (Allocation Failure) done
Event: 9.490 Executing VM operation: ParallelGCFailedAllocation (Allocation Failure)
Event: 9.497 Executing VM operation: ParallelGCFailedAllocation (Allocation Failure) done

Events (20 events):
Event: 6.326 Thread 0x000001906f2de5d0 flushing nmethod 0x00000190007c3210
Event: 6.326 Thread 0x000001906f2de5d0 flushing nmethod 0x00000190007c4410
Event: 6.326 Thread 0x000001906f2de5d0 flushing nmethod 0x00000190007c4c10
Event: 6.326 Thread 0x000001906f2de5d0 flushing nmethod 0x00000190007c5390
Event: 6.326 Thread 0x000001906f2de5d0 flushing nmethod 0x00000190007c6890
Event: 6.326 Thread 0x000001906f2de5d0 flushing nmethod 0x00000190007c6d90
Event: 6.326 Thread 0x000001906f2de5d0 flushing nmethod 0x00000190007c8210
Event: 6.326 Thread 0x000001906f2de5d0 flushing nmethod 0x00000190007c8a90
Event: 6.326 Thread 0x000001906f2de5d0 flushing nmethod 0x00000190007cac10
Event: 6.326 Thread 0x000001906f2de5d0 flushing nmethod 0x00000190007d4f90
Event: 6.326 Thread 0x000001906f2de5d0 flushing nmethod 0x00000190007e9690
Event: 6.326 Thread 0x000001906f2de5d0 flushing nmethod 0x0000019000876f10
Event: 6.326 Thread 0x000001906f2de5d0 flushing nmethod 0x000001900088d090
Event: 6.782 Thread 0x0000019057bb8ff0 Thread added: 0x0000019057bb8ff0
Event: 6.783 Thread 0x0000019057bbf8f0 Thread added: 0x0000019057bbf8f0
Event: 8.265 Thread 0x0000019057bbd820 Thread added: 0x0000019057bbd820
Event: 8.265 Thread 0x0000019057bbebd0 Thread added: 0x0000019057bbebd0
Event: 8.266 Thread 0x0000019057bbdeb0 Thread added: 0x0000019057bbdeb0
Event: 8.698 Thread 0x0000019057bbf260 Thread added: 0x0000019057bbf260
Event: 8.698 Thread 0x0000019057bbf260 Thread exited: 0x0000019057bbf260


Dynamic libraries:
0x00007ff699a70000 - 0x00007ff699a80000 	C:\Program Files\Java\jdk-22\bin\java.exe
0x00007ff964620000 - 0x00007ff964888000 	C:\WINDOWS\SYSTEM32\ntdll.dll
0x00007ff963390000 - 0x00007ff963459000 	C:\WINDOWS\System32\KERNEL32.DLL
0x00007ff961ce0000 - 0x00007ff9620d8000 	C:\WINDOWS\System32\KERNELBASE.dll
0x00007ff9619a0000 - 0x00007ff961aeb000 	C:\WINDOWS\System32\ucrtbase.dll
0x00007ff9500c0000 - 0x00007ff9500db000 	C:\Program Files\Java\jdk-22\bin\VCRUNTIME140.dll
0x00007ff950110000 - 0x00007ff950127000 	C:\Program Files\Java\jdk-22\bin\jli.dll
0x00007ff9624d0000 - 0x00007ff962584000 	C:\WINDOWS\System32\ADVAPI32.dll
0x00007ff964360000 - 0x00007ff964409000 	C:\WINDOWS\System32\msvcrt.dll
0x00007ff964160000 - 0x00007ff964206000 	C:\WINDOWS\System32\sechost.dll
0x00007ff962ec0000 - 0x00007ff962fd8000 	C:\WINDOWS\System32\RPCRT4.dll
0x00007ff964410000 - 0x00007ff9645d7000 	C:\WINDOWS\System32\USER32.dll
0x00007ff961cb0000 - 0x00007ff961cd7000 	C:\WINDOWS\System32\win32u.dll
0x00007ff94cab0000 - 0x00007ff94cd44000 	C:\WINDOWS\WinSxS\amd64_microsoft.windows.common-controls_6595b64144ccf1df_6.0.26100.7019_none_3e06ffa0e335b8a8\COMCTL32.dll
0x00007ff963c90000 - 0x00007ff963cbb000 	C:\WINDOWS\System32\GDI32.dll
0x00007ff961af0000 - 0x00007ff961c1c000 	C:\WINDOWS\System32\gdi32full.dll
0x00007ff9620e0000 - 0x00007ff962183000 	C:\WINDOWS\System32\msvcp_win.dll
0x00007ff9579f0000 - 0x00007ff9579fb000 	C:\WINDOWS\SYSTEM32\VERSION.dll
0x00007ff9642a0000 - 0x00007ff9642d1000 	C:\WINDOWS\System32\IMM32.DLL
0x00007ff95b0f0000 - 0x00007ff95b0fc000 	C:\Program Files\Java\jdk-22\bin\vcruntime140_1.dll
0x00007ff92f780000 - 0x00007ff92f80e000 	C:\Program Files\Java\jdk-22\bin\msvcp140.dll
0x00007ff8d3fb0000 - 0x00007ff8d4cf7000 	C:\Program Files\Java\jdk-22\bin\server\jvm.dll
0x00007ff962c40000 - 0x00007ff962cb4000 	C:\WINDOWS\System32\WS2_32.dll
0x00007ff9615d0000 - 0x00007ff96162e000 	C:\WINDOWS\SYSTEM32\POWRPROF.dll
0x00007ff956670000 - 0x00007ff9566a5000 	C:\WINDOWS\SYSTEM32\WINMM.dll
0x00007ff9615b0000 - 0x00007ff9615c4000 	C:\WINDOWS\SYSTEM32\UMPDC.dll
0x00007ff960500000 - 0x00007ff96051b000 	C:\WINDOWS\SYSTEM32\kernel.appcore.dll
0x00007ff959240000 - 0x00007ff95924a000 	C:\Program Files\Java\jdk-22\bin\jimage.dll
0x00007ff95ed10000 - 0x00007ff95ef52000 	C:\WINDOWS\SYSTEM32\DBGHELP.DLL
0x00007ff963cc0000 - 0x00007ff96404b000 	C:\WINDOWS\System32\combase.dll
0x00007ff9623f0000 - 0x00007ff9624c7000 	C:\WINDOWS\System32\OLEAUT32.dll
0x00007ff94a310000 - 0x00007ff94a34c000 	C:\WINDOWS\SYSTEM32\dbgcore.DLL
0x00007ff961770000 - 0x00007ff961815000 	C:\WINDOWS\System32\bcryptPrimitives.dll
0x00007ff950070000 - 0x00007ff95007f000 	C:\Program Files\Java\jdk-22\bin\instrument.dll
0x00007ff94f6f0000 - 0x00007ff94f70e000 	C:\Program Files\Java\jdk-22\bin\java.dll
0x00007ff963470000 - 0x00007ff963bbf000 	C:\WINDOWS\System32\SHELL32.dll
0x00007ff962250000 - 0x00007ff9623bb000 	C:\WINDOWS\System32\wintypes.dll
0x00007ff962a20000 - 0x00007ff962bb7000 	C:\WINDOWS\System32\ole32.dll
0x00007ff95f350000 - 0x00007ff95fbad000 	C:\WINDOWS\SYSTEM32\windows.storage.dll
0x00007ff962d40000 - 0x00007ff962e32000 	C:\WINDOWS\System32\SHCORE.dll
0x00007ff962e40000 - 0x00007ff962ea7000 	C:\WINDOWS\System32\shlwapi.dll
0x00007ff961690000 - 0x00007ff9616b9000 	C:\WINDOWS\SYSTEM32\profapi.dll
0x00007ff925d30000 - 0x00007ff925e07000 	C:\Program Files\Java\jdk-22\bin\jsvml.dll
0x00007ff94bdf0000 - 0x00007ff94be07000 	C:\Program Files\Java\jdk-22\bin\zip.dll
0x00007ff950080000 - 0x00007ff950090000 	C:\Program Files\Java\jdk-22\bin\net.dll
0x00007ff960aa0000 - 0x00007ff960b0b000 	C:\WINDOWS\system32\mswsock.dll
0x00007ff9477f0000 - 0x00007ff947806000 	C:\Program Files\Java\jdk-22\bin\nio.dll
0x00007ff94bde0000 - 0x00007ff94bdf0000 	C:\Program Files\Java\jdk-22\bin\verify.dll
0x00007ff93d3c0000 - 0x00007ff93d404000 	C:\Users\ASUS\AppData\Roaming\Code\User\globalStorage\redhat.java\1.48.0\config_win\org.eclipse.equinox.launcher\org.eclipse.equinox.launcher.win32.win32.x86_64_1.2.1400.v20250801-0854\eclipse_11916.dll
0x00007ff960d60000 - 0x00007ff960d7b000 	C:\WINDOWS\SYSTEM32\CRYPTSP.dll
0x00007ff960460000 - 0x00007ff96049a000 	C:\WINDOWS\system32\rsaenh.dll
0x00007ff960b50000 - 0x00007ff960b7b000 	C:\WINDOWS\SYSTEM32\USERENV.dll
0x00007ff961660000 - 0x00007ff96168a000 	C:\WINDOWS\SYSTEM32\bcrypt.dll
0x00007ff960d80000 - 0x00007ff960d8c000 	C:\WINDOWS\SYSTEM32\CRYPTBASE.dll
0x00007ff95fee0000 - 0x00007ff95ff14000 	C:\WINDOWS\SYSTEM32\IPHLPAPI.DLL
0x00007ff962c30000 - 0x00007ff962c3a000 	C:\WINDOWS\System32\NSI.dll
0x00007ff93b1b0000 - 0x00007ff93b1f9000 	C:\Users\ASUS\AppData\Local\Temp\jna-2018896\jna6646372726838525123.dll
0x00007ff963460000 - 0x00007ff963468000 	C:\WINDOWS\System32\PSAPI.DLL
0x00007ff95a5d0000 - 0x00007ff95a6f8000 	C:\WINDOWS\SYSTEM32\winhttp.dll
0x00007ff95ad00000 - 0x00007ff95ad1e000 	C:\WINDOWS\SYSTEM32\dhcpcsvc6.DLL
0x00007ff95acd0000 - 0x00007ff95acf3000 	C:\WINDOWS\SYSTEM32\dhcpcsvc.DLL
0x00007ff94bdd0000 - 0x00007ff94bdde000 	C:\Program Files\Java\jdk-22\bin\sunmscapi.dll
0x00007ff961820000 - 0x00007ff961997000 	C:\WINDOWS\System32\CRYPT32.dll
0x00007ff960f80000 - 0x00007ff960fb0000 	C:\WINDOWS\SYSTEM32\ncrypt.dll
0x00007ff960f30000 - 0x00007ff960f6f000 	C:\WINDOWS\SYSTEM32\NTASN1.dll
0x00007ff95ff70000 - 0x00007ff96009c000 	C:\WINDOWS\SYSTEM32\DNSAPI.dll
0x00007ff959b50000 - 0x00007ff959b5b000 	C:\Windows\System32\rasadhlp.dll
0x00007ff95b050000 - 0x00007ff95b0d6000 	C:\WINDOWS\System32\fwpuclnt.dll
0x00007ff94bd30000 - 0x00007ff94bd39000 	C:\Program Files\Java\jdk-22\bin\extnet.dll

dbghelp: loaded successfully - version: 4.0.5 - missing functions: none
symbol engine: initialized successfully - sym options: 0x614 - pdb path: .;C:\Program Files\Java\jdk-22\bin;C:\WINDOWS\SYSTEM32;C:\WINDOWS\WinSxS\amd64_microsoft.windows.common-controls_6595b64144ccf1df_6.0.26100.7019_none_3e06ffa0e335b8a8;C:\Program Files\Java\jdk-22\bin\server;C:\Users\ASUS\AppData\Roaming\Code\User\globalStorage\redhat.java\1.48.0\config_win\org.eclipse.equinox.launcher\org.eclipse.equinox.launcher.win32.win32.x86_64_1.2.1400.v20250801-0854;C:\Users\ASUS\AppData\Local\Temp\jna-2018896

VM Arguments:
jvm_args: --add-modules=ALL-SYSTEM --add-opens=java.base/java.util=ALL-UNNAMED --add-opens=java.base/java.lang=ALL-UNNAMED --add-opens=java.base/sun.nio.fs=ALL-UNNAMED -Declipse.application=org.eclipse.jdt.ls.core.id1 -Dosgi.bundles.defaultStartLevel=4 -Declipse.product=org.eclipse.jdt.ls.core.product -Djava.import.generatesMetadataFilesAtProjectRoot=false -DDetectVMInstallationsJob.disabled=true -Dfile.encoding=utf8 -XX:+UseParallelGC -XX:GCTimeRatio=4 -XX:AdaptiveSizePolicyWeight=90 -Dsun.zip.disableMemoryMapping=true -Xmx2G -Xms100m -Xlog:disable -javaagent:c:\Users\ASUS\.vscode\extensions\redhat.java-1.48.0\lombok\lombok-1.18.39-4050.jar -XX:+HeapDumpOnOutOfMemoryError -XX:HeapDumpPath=c:\Users\ASUS\AppData\Roaming\Code\User\workspaceStorage\89e1db3ebefe5f936c154524965b6285\redhat.java -Daether.dependencyCollector.impl=bf 
java_command: c:\Users\ASUS\.vscode\extensions\redhat.java-1.48.0\server\plugins\org.eclipse.equinox.launcher_1.7.100.v20251111-0406.jar -configuration c:\Users\ASUS\AppData\Roaming\Code\User\globalStorage\redhat.java\1.48.0\config_win -data c:\Users\ASUS\AppData\Roaming\Code\User\workspaceStorage\89e1db3ebefe5f936c154524965b6285\redhat.java\jdt_ws --pipe=\\.\pipe\lsp-86a3e8164ed3ab0b38f682c8e2a6876e-sock
java_class_path (initial): c:\Users\ASUS\.vscode\extensions\redhat.java-1.48.0\server\plugins\org.eclipse.equinox.launcher_1.7.100.v20251111-0406.jar
Launcher Type: SUN_STANDARD

[Global flags]
     uint AdaptiveSizePolicyWeight                 = 90                                        {product} {command line}
     intx CICompilerCount                          = 4                                         {product} {ergonomic}
     uint GCTimeRatio                              = 4                                         {product} {command line}
     bool HeapDumpOnOutOfMemoryError               = true                                   {manageable} {command line}
    ccstr HeapDumpPath                             = c:\Users\ASUS\AppData\Roaming\Code\User\workspaceStorage\89e1db3ebefe5f936c154524965b6285\redhat.java         {manageable} {command line}
   size_t InitialHeapSize                          = 104857600                                 {product} {command line}
   size_t MaxHeapSize                              = 2147483648                                {product} {command line}
   size_t MaxNewSize                               = 715653120                                 {product} {ergonomic}
   size_t MinHeapDeltaBytes                        = 524288                                    {product} {ergonomic}
   size_t MinHeapSize                              = 104857600                                 {product} {command line}
   size_t NewSize                                  = 34603008                                  {product} {ergonomic}
    uintx NonNMethodCodeHeapSize                   = 5839372                                {pd product} {ergonomic}
    uintx NonProfiledCodeHeapSize                  = 122909434                              {pd product} {ergonomic}
   size_t OldSize                                  = 70254592                                  {product} {ergonomic}
    uintx ProfiledCodeHeapSize                     = 122909434                              {pd product} {ergonomic}
    uintx ReservedCodeCacheSize                    = 251658240                              {pd product} {ergonomic}
     bool SegmentedCodeCache                       = true                                      {product} {ergonomic}
   size_t SoftMaxHeapSize                          = 2147483648                             {manageable} {ergonomic}
     bool UseCompressedOops                        = true                           {product lp64_product} {ergonomic}
     bool UseLargePagesIndividualAllocation        = false                                  {pd product} {ergonomic}
     bool UseParallelGC                            = true                                      {product} {command line}

Logging:
Log output configuration:
 #0: stdout all=off uptime,level,tags foldmultilines=false
 #1: stderr all=off uptime,level,tags foldmultilines=false

Environment Variables:
PATH=C:\Program Files\Common Files\Oracle\Java\javapath;C:\WINDOWS\system32;C:\WINDOWS;C:\WINDOWS\System32\Wbem;C:\WINDOWS\System32\WindowsPowerShell\v1.0\;C:\WINDOWS\System32\OpenSSH\;C:\Program Files\Amazon\AWSCLIV2\;C:\MinGW\bin;C:\Program Files\Java\jdk-22\bin;C:\Program Files\Git\cmd;C:\Users\ASUS\Downloads\apache-maven-3.9.9\bin;C:\Program Files\sf\bin;C:\Program Files\nodejs\;C:\Program Files\CMake\bin;C:\Program Files\cursor\resources\app\bin;C:\Program Files\MySQL\MySQL Shell 8.0\bin\;C:\Users\ASUS\AppData\Local\Microsoft\WindowsApps;C:\Users\ASUS\AppData\Local\Programs\Microsoft VS Code\bin;C:\MinGW\bin;C:\Users\ASUS\AppData\Local\GitHubDesktop\bin;C:\Program Files\sf\bin;C:\Users\ASUS\AppData\Roaming\npm
USERNAME=ASUS
OS=Windows_NT
PROCESSOR_IDENTIFIER=AMD64 Family 25 Model 80 Stepping 0, AuthenticAMD
TMP=C:\Users\ASUS\AppData\Local\Temp
TEMP=C:\Users\ASUS\AppData\Local\Temp




Periodic native trim disabled

---------------  S Y S T E M  ---------------

OS:
 Windows 11 , 64 bit Build 26100 (10.0.26100.7019)
OS uptime: 5 days 12:45 hours
Hyper-V role detected

CPU: total 12 (initial active 12) (12 cores per cpu, 2 threads per core) family 25 model 80 stepping 0 microcode 0xa50000d, cx8, cmov, fxsr, ht, mmx, 3dnowpref, sse, sse2, sse3, ssse3, sse4a, sse4.1, sse4.2, popcnt, lzcnt, tsc, tscinvbit, avx, avx2, aes, erms, clmul, bmi1, bmi2, adx, sha, fma, vzeroupper, clflush, clflushopt, hv, rdtscp, rdpid, fsrm, f16c, cet_ss
Processor Information for all 12 processors :
  Max Mhz: 3301, Current Mhz: 3301, Mhz Limit: 3301

Memory: 4k page, system-wide physical 15773M (2375M free)
TotalPageFile size 27457M (AvailPageFile size 0M)
current process WorkingSet (physical memory assigned to process): 249M, peak: 255M
current process commit charge ("private bytes"): 373M, peak: 381M

vm_info: Java HotSpot(TM) 64-Bit Server VM (22.0.1+8-16) for windows-amd64 JRE (22.0.1+8-16), built on 2024-03-12T10:33:16Z by "mach5one" with MS VC++ 17.6 (VS2022)

END.
