#
# There is insufficient memory for the Java Runtime Environment to continue.
# Native memory allocation (malloc) failed to allocate 730768 bytes. Error detail: Chunk::new
# Possible reasons:
#   The system is out of physical RAM or swap space
#   This process is running with CompressedOops enabled, and the Java Heap may be blocking the growth of the native heap
# Possible solutions:
#   Reduce memory load on the system
#   Increase physical memory or swap space
#   Check if swap backing store is full
#   Decrease Java heap size (-Xmx/-Xms)
#   Decrease number of Java threads
#   Decrease Java thread stack sizes (-Xss)
#   Set larger code cache with -XX:ReservedCodeCacheSize=
#   JVM is running with Unscaled Compressed Oops mode in which the Java heap is
#     placed in the first 4GB address space. The Java Heap base address is the
#     maximum limit for the native heap growth. Please use -XX:HeapBaseMinAddress
#     to set the Java Heap base and to place the Java Heap above 4GB virtual address.
# This output file may be truncated or incomplete.
#
#  Out of Memory Error (arena.cpp:150), pid=13600, tid=15564
#
# JRE version: Java(TM) SE Runtime Environment (22.0.1+8) (build 22.0.1+8-16)
# Java VM: Java HotSpot(TM) 64-Bit Server VM (22.0.1+8-16, mixed mode, sharing, tiered, compressed oops, compressed class ptrs, parallel gc, windows-amd64)
# No core dump will be written. Minidumps are not enabled by default on client versions of Windows
#

---------------  S U M M A R Y ------------

Command Line: --add-modules=ALL-SYSTEM --add-opens=java.base/java.util=ALL-UNNAMED --add-opens=java.base/java.lang=ALL-UNNAMED --add-opens=java.base/sun.nio.fs=ALL-UNNAMED -Declipse.application=org.eclipse.jdt.ls.core.id1 -Dosgi.bundles.defaultStartLevel=4 -Declipse.product=org.eclipse.jdt.ls.core.product -Djava.import.generatesMetadataFilesAtProjectRoot=false -DDetectVMInstallationsJob.disabled=true -Dfile.encoding=utf8 -XX:+UseParallelGC -XX:GCTimeRatio=4 -XX:AdaptiveSizePolicyWeight=90 -Dsun.zip.disableMemoryMapping=true -Xmx2G -Xms100m -Xlog:disable -javaagent:c:\Users\ASUS\.vscode\extensions\redhat.java-1.48.0\lombok\lombok-1.18.39-4050.jar -XX:+HeapDumpOnOutOfMemoryError -XX:HeapDumpPath=c:\Users\ASUS\AppData\Roaming\Code\User\workspaceStorage\89e1db3ebefe5f936c154524965b6285\redhat.java -Daether.dependencyCollector.impl=bf c:\Users\ASUS\.vscode\extensions\redhat.java-1.48.0\server\plugins\org.eclipse.equinox.launcher_1.7.100.v20251111-0406.jar -configuration c:\Users\ASUS\AppData\Roaming\Code\User\globalStorage\redhat.java\1.48.0\config_win -data c:\Users\ASUS\AppData\Roaming\Code\User\workspaceStorage\89e1db3ebefe5f936c154524965b6285\redhat.java\jdt_ws --pipe=\\.\pipe\lsp-49e353481f46784ffb699420298c1e0c-sock

Host: AMD Ryzen 5 5600H with Radeon Graphics         , 12 cores, 15G,  Windows 11 , 64 bit Build 26100 (10.0.26100.7019)
Time: Wed Nov 19 23:38:32 2025 India Standard Time elapsed time: 3.930779 seconds (0d 0h 0m 3s)

---------------  T H R E A D  ---------------

Current thread (0x000001c36a2c9730):  JavaThread "C2 CompilerThread1" daemon [_thread_in_native, id=15564, stack(0x0000007cf5700000,0x0000007cf5800000) (1024K)]


Current CompileTask:
C2:3931 4469       4       lombok.patcher.PatchScript$MethodPatcher::visitMethod (158 bytes)

Stack: [0x0000007cf5700000,0x0000007cf5800000]
Native frames: (J=compiled Java code, j=interpreted, Vv=VM code, C=native code)
V  [jvm.dll+0x6e2279]  (no source info available)
V  [jvm.dll+0x874e33]  (no source info available)
V  [jvm.dll+0x87725e]  (no source info available)
V  [jvm.dll+0x877933]  (no source info available)
V  [jvm.dll+0x27fd76]  (no source info available)
V  [jvm.dll+0xc3d0f]  (no source info available)
V  [jvm.dll+0xc3f6b]  (no source info available)
V  [jvm.dll+0x3bb10c]  (no source info available)
V  [jvm.dll+0x1df87e]  (no source info available)
V  [jvm.dll+0x247a5c]  (no source info available)
V  [jvm.dll+0x246fbf]  (no source info available)
V  [jvm.dll+0x1c4e90]  (no source info available)
V  [jvm.dll+0x2569fe]  (no source info available)
V  [jvm.dll+0x254cba]  (no source info available)
V  [jvm.dll+0x3f5336]  (no source info available)
V  [jvm.dll+0x81d44b]  (no source info available)
V  [jvm.dll+0x6e0915]  (no source info available)
C  [ucrtbase.dll+0x37b0]  (no source info available)
C  [KERNEL32.DLL+0x2e8d7]  (no source info available)
C  [ntdll.dll+0x8c53c]  (no source info available)


---------------  P R O C E S S  ---------------

Threads class SMR info:
_java_thread_list=0x000001c36bad6ac0, length=36, elements={
0x000001c305265b10, 0x000001c322fbdab0, 0x000001c322fbe920, 0x000001c36a122240,
0x000001c36a123200, 0x000001c36a124b80, 0x000001c36a1300e0, 0x000001c36a131a10,
0x000001c36a1331e0, 0x000001c36a1fa8f0, 0x000001c36a2c9730, 0x000001c36a4820c0,
0x000001c36a9f6b70, 0x000001c36ab17e70, 0x000001c36ab184e0, 0x000001c36ab18b50,
0x000001c36ab96ef0, 0x000001c36ab97a70, 0x000001c36aa06c60, 0x000001c36ae68d20,
0x000001c36ae693b0, 0x000001c36ae69a40, 0x000001c36ae68000, 0x000001c36ae6a760,
0x000001c36ae6a0d0, 0x000001c36ae6adf0, 0x000001c36ae68690, 0x000001c36b35a9a0,
0x000001c36b358f60, 0x000001c36b3595f0, 0x000001c36b358240, 0x000001c36b3588d0,
0x000001c36b359c80, 0x000001c36b35a310, 0x000001c36b35b030, 0x000001c36c7c9650
}

Java Threads: ( => current thread )
  0x000001c305265b10 JavaThread "main"                              [_thread_blocked, id=14600, stack(0x0000007cf4a00000,0x0000007cf4b00000) (1024K)]
  0x000001c322fbdab0 JavaThread "Reference Handler"          daemon [_thread_blocked, id=17744, stack(0x0000007cf4e00000,0x0000007cf4f00000) (1024K)]
  0x000001c322fbe920 JavaThread "Finalizer"                  daemon [_thread_blocked, id=9536, stack(0x0000007cf4f00000,0x0000007cf5000000) (1024K)]
  0x000001c36a122240 JavaThread "Signal Dispatcher"          daemon [_thread_blocked, id=21780, stack(0x0000007cf5000000,0x0000007cf5100000) (1024K)]
  0x000001c36a123200 JavaThread "Attach Listener"            daemon [_thread_blocked, id=6924, stack(0x0000007cf5100000,0x0000007cf5200000) (1024K)]
  0x000001c36a124b80 JavaThread "Service Thread"             daemon [_thread_blocked, id=7564, stack(0x0000007cf5200000,0x0000007cf5300000) (1024K)]
  0x000001c36a1300e0 JavaThread "Monitor Deflation Thread"   daemon [_thread_blocked, id=19448, stack(0x0000007cf5300000,0x0000007cf5400000) (1024K)]
  0x000001c36a131a10 JavaThread "C2 CompilerThread0"         daemon [_thread_in_native, id=26452, stack(0x0000007cf5400000,0x0000007cf5500000) (1024K)]
  0x000001c36a1331e0 JavaThread "C1 CompilerThread0"         daemon [_thread_blocked, id=17932, stack(0x0000007cf5500000,0x0000007cf5600000) (1024K)]
  0x000001c36a1fa8f0 JavaThread "Common-Cleaner"             daemon [_thread_blocked, id=11184, stack(0x0000007cf5600000,0x0000007cf5700000) (1024K)]
=>0x000001c36a2c9730 JavaThread "C2 CompilerThread1"         daemon [_thread_in_native, id=15564, stack(0x0000007cf5700000,0x0000007cf5800000) (1024K)]
  0x000001c36a4820c0 JavaThread "Notification Thread"        daemon [_thread_blocked, id=26068, stack(0x0000007cf5800000,0x0000007cf5900000) (1024K)]
  0x000001c36a9f6b70 JavaThread "Equinox resolver thread - Equinox Container: 6a2971a4-cb15-4d15-b42c-e3575675c8d1" daemon [_thread_blocked, id=19736, stack(0x0000007cf6000000,0x0000007cf6100000) (1024K)]
  0x000001c36ab17e70 JavaThread "Equinox resolver thread - Equinox Container: 6a2971a4-cb15-4d15-b42c-e3575675c8d1" daemon [_thread_blocked, id=5700, stack(0x0000007cf6100000,0x0000007cf6200000) (1024K)]
  0x000001c36ab184e0 JavaThread "Equinox resolver thread - Equinox Container: 6a2971a4-cb15-4d15-b42c-e3575675c8d1" daemon [_thread_blocked, id=6412, stack(0x0000007cf6200000,0x0000007cf6300000) (1024K)]
  0x000001c36ab18b50 JavaThread "Equinox resolver thread - Equinox Container: 6a2971a4-cb15-4d15-b42c-e3575675c8d1" daemon [_thread_blocked, id=26340, stack(0x0000007cf6300000,0x0000007cf6400000) (1024K)]
  0x000001c36ab96ef0 JavaThread "Equinox resolver thread - Equinox Container: 6a2971a4-cb15-4d15-b42c-e3575675c8d1" daemon [_thread_blocked, id=10436, stack(0x0000007cf6400000,0x0000007cf6500000) (1024K)]
  0x000001c36ab97a70 JavaThread "Equinox resolver thread - Equinox Container: 6a2971a4-cb15-4d15-b42c-e3575675c8d1" daemon [_thread_blocked, id=13068, stack(0x0000007cf6500000,0x0000007cf6600000) (1024K)]
  0x000001c36aa06c60 JavaThread "Active Thread: Equinox Container: 6a2971a4-cb15-4d15-b42c-e3575675c8d1"        [_thread_blocked, id=1628, stack(0x0000007cf6600000,0x0000007cf6700000) (1024K)]
  0x000001c36ae68d20 JavaThread "Framework Event Dispatcher: Equinox Container: 6a2971a4-cb15-4d15-b42c-e3575675c8d1" daemon [_thread_blocked, id=17388, stack(0x0000007cf6700000,0x0000007cf6800000) (1024K)]
  0x000001c36ae693b0 JavaThread "Start Level: Equinox Container: 6a2971a4-cb15-4d15-b42c-e3575675c8d1" daemon [_thread_in_Java, id=16196, stack(0x0000007cf6900000,0x0000007cf6a00000) (1024K)]
  0x000001c36ae69a40 JavaThread "Refresh Thread: Equinox Container: 6a2971a4-cb15-4d15-b42c-e3575675c8d1" daemon [_thread_blocked, id=30672, stack(0x0000007cf6a00000,0x0000007cf6b00000) (1024K)]
  0x000001c36ae68000 JavaThread "Equinox resolver thread - Equinox Container: 6a2971a4-cb15-4d15-b42c-e3575675c8d1" daemon [_thread_blocked, id=12392, stack(0x0000007cf6c00000,0x0000007cf6d00000) (1024K)]
  0x000001c36ae6a760 JavaThread "Equinox resolver thread - Equinox Container: 6a2971a4-cb15-4d15-b42c-e3575675c8d1" daemon [_thread_blocked, id=27540, stack(0x0000007cf6d00000,0x0000007cf6e00000) (1024K)]
  0x000001c36ae6a0d0 JavaThread "Equinox resolver thread - Equinox Container: 6a2971a4-cb15-4d15-b42c-e3575675c8d1" daemon [_thread_blocked, id=4852, stack(0x0000007cf6e00000,0x0000007cf6f00000) (1024K)]
  0x000001c36ae6adf0 JavaThread "Equinox resolver thread - Equinox Container: 6a2971a4-cb15-4d15-b42c-e3575675c8d1" daemon [_thread_blocked, id=17372, stack(0x0000007cf6f00000,0x0000007cf7000000) (1024K)]
  0x000001c36ae68690 JavaThread "Equinox resolver thread - Equinox Container: 6a2971a4-cb15-4d15-b42c-e3575675c8d1" daemon [_thread_blocked, id=15508, stack(0x0000007cf7000000,0x0000007cf7100000) (1024K)]
  0x000001c36b35a9a0 JavaThread "Equinox resolver thread - Equinox Container: 6a2971a4-cb15-4d15-b42c-e3575675c8d1" daemon [_thread_blocked, id=5572, stack(0x0000007cf7100000,0x0000007cf7200000) (1024K)]
  0x000001c36b358f60 JavaThread "Bundle File Closer"         daemon [_thread_blocked, id=29640, stack(0x0000007cf7300000,0x0000007cf7400000) (1024K)]
  0x000001c36b3595f0 JavaThread "SCR Component Actor"        daemon [_thread_blocked, id=15556, stack(0x0000007cf7400000,0x0000007cf7500000) (1024K)]
  0x000001c36b358240 JavaThread "Worker-JM"                         [_thread_blocked, id=23864, stack(0x0000007cf7500000,0x0000007cf7600000) (1024K)]
  0x000001c36b3588d0 JavaThread "JNA Cleaner"                daemon [_thread_blocked, id=22656, stack(0x0000007cf7600000,0x0000007cf7700000) (1024K)]
  0x000001c36b359c80 JavaThread "Worker-0"                          [_thread_blocked, id=5688, stack(0x0000007cf7700000,0x0000007cf7800000) (1024K)]
  0x000001c36b35a310 JavaThread "Worker-1"                          [_thread_blocked, id=18036, stack(0x0000007cf7800000,0x0000007cf7900000) (1024K)]
  0x000001c36b35b030 JavaThread "Java indexing"              daemon [_thread_blocked, id=19212, stack(0x0000007cf5900000,0x0000007cf5a00000) (1024K)]
  0x000001c36c7c9650 JavaThread "C2 CompilerThread2"         daemon [_thread_in_native, id=23596, stack(0x0000007cf7900000,0x0000007cf7a00000) (1024K)]
Total: 36

Other Threads:
  0x000001c30565e9b0 VMThread "VM Thread"                           [id=10448, stack(0x0000007cf4d00000,0x0000007cf4e00000) (1024K)]
  0x000001c322e9ca00 WatcherThread "VM Periodic Task Thread"        [id=28060, stack(0x0000007cf4c00000,0x0000007cf4d00000) (1024K)]
  0x000001c3055b74b0 WorkerThread "GC Thread#0"                     [id=22896, stack(0x0000007cf4b00000,0x0000007cf4c00000) (1024K)]
  0x000001c36a9fda60 WorkerThread "GC Thread#1"                     [id=23176, stack(0x0000007cf5a00000,0x0000007cf5b00000) (1024K)]
  0x000001c36ab20210 WorkerThread "GC Thread#2"                     [id=15452, stack(0x0000007cf5b00000,0x0000007cf5c00000) (1024K)]
  0x000001c36a4c7430 WorkerThread "GC Thread#3"                     [id=22396, stack(0x0000007cf5c00000,0x0000007cf5d00000) (1024K)]
  0x000001c36a4c77e0 WorkerThread "GC Thread#4"                     [id=9996, stack(0x0000007cf5d00000,0x0000007cf5e00000) (1024K)]
  0x000001c36a4c7b90 WorkerThread "GC Thread#5"                     [id=21212, stack(0x0000007cf5e00000,0x0000007cf5f00000) (1024K)]
  0x000001c36ae0a2e0 WorkerThread "GC Thread#6"                     [id=1520, stack(0x0000007cf5f00000,0x0000007cf6000000) (1024K)]
  0x000001c36aebb210 WorkerThread "GC Thread#7"                     [id=26108, stack(0x0000007cf6800000,0x0000007cf6900000) (1024K)]
  0x000001c36b21baf0 WorkerThread "GC Thread#8"                     [id=616, stack(0x0000007cf6b00000,0x0000007cf6c00000) (1024K)]
  0x000001c36b253200 WorkerThread "GC Thread#9"                     [id=14732, stack(0x0000007cf7200000,0x0000007cf7300000) (1024K)]
Total: 12

Threads with active compile tasks:
C2 CompilerThread0  4019 4402       4       org.lombokweb.asm.ClassReader::readMethod (1070 bytes)
C2 CompilerThread1  4019 4469       4       lombok.patcher.PatchScript$MethodPatcher::visitMethod (158 bytes)
C2 CompilerThread2  4019 4552       4       sun.util.locale.BaseLocale::getInstance (150 bytes)
Total: 3

VM state: not at safepoint (normal execution)

VM Mutex/Monitor currently owned by a thread: None

Heap address: 0x0000000080000000, size: 2048 MB, Compressed Oops mode: 32-bit

CDS archive(s) mapped at: [0x000001c323000000-0x000001c323c60000-0x000001c323c60000), size 12976128, SharedBaseAddress: 0x000001c323000000, ArchiveRelocationMode: 1.
Compressed class space mapped at: 0x000001c324000000-0x000001c364000000, reserved size: 1073741824
Narrow klass base: 0x000001c323000000, Narrow klass shift: 0, Narrow klass range: 0x41000000

GC Precious Log:
 CardTable entry size: 512
 CPUs: 12 total, 12 available
 Memory: 15773M
 Large Page Support: Disabled
 NUMA Support: Disabled
 Compressed Oops: Enabled (32-bit)
 Alignments: Space 512K, Generation 512K, Heap 2M
 Heap Min Capacity: 100M
 Heap Initial Capacity: 100M
 Heap Max Capacity: 2G
 Pre-touch: Disabled
 Parallel Workers: 10

Heap:
 PSYoungGen      total 24576K, used 5820K [0x00000000d5580000, 0x00000000d7100000, 0x0000000100000000)
  eden space 22528K, 17% used [0x00000000d5580000,0x00000000d5972038,0x00000000d6b80000)
  from space 2048K, 86% used [0x00000000d6e80000,0x00000000d703d018,0x00000000d7080000)
  to   space 512K, 0% used [0x00000000d7080000,0x00000000d7080000,0x00000000d7100000)
 ParOldGen       total 68608K, used 14448K [0x0000000080000000, 0x0000000084300000, 0x00000000d5580000)
  object space 68608K, 21% used [0x0000000080000000,0x0000000080e1c268,0x0000000084300000)
 Metaspace       used 28564K, committed 29504K, reserved 1114112K
  class space    used 2786K, committed 3200K, reserved 1048576K

Card table byte_map: [0x000001c31e300000,0x000001c31e710000] _byte_map_base: 0x000001c31df00000

Marking Bits: (ParMarkBitMap*) 0x00007ff8d4c20b50
 Begin Bits: [0x000001c31e9c0000, 0x000001c3209c0000)
 End Bits:   [0x000001c3209c0000, 0x000001c3229c0000)

Polling page: 0x000001c305660000

Metaspace:

Usage:
  Non-class:     25.17 MB used.
      Class:      2.72 MB used.
       Both:     27.90 MB used.

Virtual space:
  Non-class space:       64.00 MB reserved,      25.69 MB ( 40%) committed,  1 nodes.
      Class space:        1.00 GB reserved,       3.12 MB ( <1%) committed,  1 nodes.
             Both:        1.06 GB reserved,      28.81 MB (  3%) committed. 

Chunk freelists:
   Non-Class:  5.95 MB
       Class:  12.85 MB
        Both:  18.80 MB

MaxMetaspaceSize: unlimited
CompressedClassSpaceSize: 1.00 GB
Initial GC threshold: 21.00 MB
Current GC threshold: 35.00 MB
CDS: on
 - commit_granule_bytes: 65536.
 - commit_granule_words: 8192.
 - virtual_space_node_default_size: 8388608.
 - enlarge_chunks_in_place: 1.
 - use_allocation_guard: 0.


Internal statistics:

num_allocs_failed_limit: 3.
num_arena_births: 708.
num_arena_deaths: 14.
num_vsnodes_births: 2.
num_vsnodes_deaths: 0.
num_space_committed: 461.
num_space_uncommitted: 0.
num_chunks_returned_to_freelist: 17.
num_chunks_taken_from_freelist: 1836.
num_chunk_merges: 7.
num_chunk_splits: 1201.
num_chunks_enlarged: 766.
num_inconsistent_stats: 0.

CodeHeap 'non-profiled nmethods': size=120000Kb used=2159Kb max_used=2159Kb free=117840Kb
 bounds [0x000001c316ce0000, 0x000001c316f50000, 0x000001c31e210000]
CodeHeap 'profiled nmethods': size=120000Kb used=9570Kb max_used=9570Kb free=110429Kb
 bounds [0x000001c30f210000, 0x000001c30fb70000, 0x000001c316740000]
CodeHeap 'non-nmethods': size=5760Kb used=1346Kb max_used=1361Kb free=4413Kb
 bounds [0x000001c316740000, 0x000001c3169b0000, 0x000001c316ce0000]
 total_blobs=5197 nmethods=4563 adapters=540
 compilation: enabled
              stopped_count=0, restarted_count=0
 full_count=0

Compilation events (20 events):
Event: 3.924 Thread 0x000001c36a1331e0 4522       3       com.sun.org.apache.xerces.internal.dom.DeferredDocumentImpl::clearChunkValue (69 bytes)
Event: 3.925 Thread 0x000001c36a1331e0 nmethod 4522 0x000001c30fb50110 code [0x000001c30fb502e0, 0x000001c30fb50960]
Event: 3.925 Thread 0x000001c36a1331e0 4523       3       com.sun.org.apache.xerces.internal.dom.NodeImpl::needsSyncData (15 bytes)
Event: 3.925 Thread 0x000001c36a1331e0 nmethod 4523 0x000001c30fb50c10 code [0x000001c30fb50da0, 0x000001c30fb50f08]
Event: 3.925 Thread 0x000001c36a1331e0 4524       3       com.sun.org.apache.xerces.internal.dom.AttrImpl::getNodeName (16 bytes)
Event: 3.925 Thread 0x000001c36a1331e0 nmethod 4524 0x000001c30fb50f90 code [0x000001c30fb51140, 0x000001c30fb51400]
Event: 3.925 Thread 0x000001c36a1331e0 4521       1       com.sun.org.apache.xerces.internal.dom.DocumentImpl::setMutationEvents (6 bytes)
Event: 3.925 Thread 0x000001c36a1331e0 nmethod 4521 0x000001c316ef5690 code [0x000001c316ef5820, 0x000001c316ef58f0]
Event: 3.925 Thread 0x000001c36a1331e0 4526       3       com.sun.org.apache.xerces.internal.dom.NodeImpl::needsSyncChildren (15 bytes)
Event: 3.925 Thread 0x000001c36a1331e0 nmethod 4526 0x000001c30fb51510 code [0x000001c30fb516a0, 0x000001c30fb51808]
Event: 3.925 Thread 0x000001c36a1331e0 4525       1       com.sun.org.apache.xerces.internal.dom.ChildNode::getNextSibling (5 bytes)
Event: 3.925 Thread 0x000001c36a1331e0 nmethod 4525 0x000001c316ef5990 code [0x000001c316ef5b20, 0x000001c316ef5be8]
Event: 3.925 Thread 0x000001c36a1331e0 4527       1       com.sun.org.apache.xerces.internal.dom.TextImpl::getNodeType (2 bytes)
Event: 3.925 Thread 0x000001c36a1331e0 nmethod 4527 0x000001c316ef5c90 code [0x000001c316ef5e20, 0x000001c316ef5ee8]
Event: 3.926 Thread 0x000001c36a1331e0 4528       3       org.eclipse.core.runtime.Path::isRoot (30 bytes)
Event: 3.926 Thread 0x000001c36a1331e0 nmethod 4528 0x000001c30fb51890 code [0x000001c30fb51a40, 0x000001c30fb51c40]
Event: 3.927 Thread 0x000001c36a1331e0 4529       3       jdk.internal.misc.Unsafe::weakCompareAndSetReference (11 bytes)
Event: 3.928 Thread 0x000001c36a1331e0 nmethod 4529 0x000001c30fb51d10 code [0x000001c30fb51ea0, 0x000001c30fb51fe0]
Event: 3.928 Thread 0x000001c36a1331e0 4530       3       java.util.stream.FindOps$FindSink$OfRef$$Lambda/0x80000004e::get (8 bytes)
Event: 3.928 Thread 0x000001c36a1331e0 nmethod 4530 0x000001c30fb52090 code [0x000001c30fb52240, 0x000001c30fb524c0]

GC Heap History (20 events):
Event: 1.303 GC heap before
{Heap before GC invocations=2 (full 0):
 PSYoungGen      total 29696K, used 28896K [0x00000000d5580000, 0x00000000d7680000, 0x0000000100000000)
  eden space 25600K, 100% used [0x00000000d5580000,0x00000000d6e80000,0x00000000d6e80000)
  from space 4096K, 80% used [0x00000000d6e80000,0x00000000d71b8138,0x00000000d7280000)
  to   space 4096K, 0% used [0x00000000d7280000,0x00000000d7280000,0x00000000d7680000)
 ParOldGen       total 68608K, used 16K [0x0000000080000000, 0x0000000084300000, 0x00000000d5580000)
  object space 68608K, 0% used [0x0000000080000000,0x0000000080004000,0x0000000084300000)
 Metaspace       used 8107K, committed 8384K, reserved 1114112K
  class space    used 851K, committed 960K, reserved 1048576K
}
Event: 1.307 GC heap after
{Heap after GC invocations=2 (full 0):
 PSYoungGen      total 29696K, used 4077K [0x00000000d5580000, 0x00000000d7680000, 0x0000000100000000)
  eden space 25600K, 0% used [0x00000000d5580000,0x00000000d5580000,0x00000000d6e80000)
  from space 4096K, 99% used [0x00000000d7280000,0x00000000d767b560,0x00000000d7680000)
  to   space 4096K, 0% used [0x00000000d6e80000,0x00000000d6e80000,0x00000000d7280000)
 ParOldGen       total 68608K, used 56K [0x0000000080000000, 0x0000000084300000, 0x00000000d5580000)
  object space 68608K, 0% used [0x0000000080000000,0x000000008000e000,0x0000000084300000)
 Metaspace       used 8107K, committed 8384K, reserved 1114112K
  class space    used 851K, committed 960K, reserved 1048576K
}
Event: 1.680 GC heap before
{Heap before GC invocations=3 (full 0):
 PSYoungGen      total 29696K, used 29677K [0x00000000d5580000, 0x00000000d7680000, 0x0000000100000000)
  eden space 25600K, 100% used [0x00000000d5580000,0x00000000d6e80000,0x00000000d6e80000)
  from space 4096K, 99% used [0x00000000d7280000,0x00000000d767b560,0x00000000d7680000)
  to   space 4096K, 0% used [0x00000000d6e80000,0x00000000d6e80000,0x00000000d7280000)
 ParOldGen       total 68608K, used 56K [0x0000000080000000, 0x0000000084300000, 0x00000000d5580000)
  object space 68608K, 0% used [0x0000000080000000,0x000000008000e000,0x0000000084300000)
 Metaspace       used 8577K, committed 8896K, reserved 1114112K
  class space    used 881K, committed 1024K, reserved 1048576K
}
Event: 1.687 GC heap after
{Heap after GC invocations=3 (full 0):
 PSYoungGen      total 29696K, used 4092K [0x00000000d5580000, 0x00000000d7680000, 0x0000000100000000)
  eden space 25600K, 0% used [0x00000000d5580000,0x00000000d5580000,0x00000000d6e80000)
  from space 4096K, 99% used [0x00000000d6e80000,0x00000000d727f168,0x00000000d7280000)
  to   space 4096K, 0% used [0x00000000d7280000,0x00000000d7280000,0x00000000d7680000)
 ParOldGen       total 68608K, used 4766K [0x0000000080000000, 0x0000000084300000, 0x00000000d5580000)
  object space 68608K, 6% used [0x0000000080000000,0x00000000804a7a30,0x0000000084300000)
 Metaspace       used 8577K, committed 8896K, reserved 1114112K
  class space    used 881K, committed 1024K, reserved 1048576K
}
Event: 1.945 GC heap before
{Heap before GC invocations=4 (full 0):
 PSYoungGen      total 29696K, used 29692K [0x00000000d5580000, 0x00000000d7680000, 0x0000000100000000)
  eden space 25600K, 100% used [0x00000000d5580000,0x00000000d6e80000,0x00000000d6e80000)
  from space 4096K, 99% used [0x00000000d6e80000,0x00000000d727f168,0x00000000d7280000)
  to   space 4096K, 0% used [0x00000000d7280000,0x00000000d7280000,0x00000000d7680000)
 ParOldGen       total 68608K, used 4766K [0x0000000080000000, 0x0000000084300000, 0x00000000d5580000)
  object space 68608K, 6% used [0x0000000080000000,0x00000000804a7a30,0x0000000084300000)
 Metaspace       used 9800K, committed 10112K, reserved 1114112K
  class space    used 1012K, committed 1152K, reserved 1048576K
}
Event: 1.949 GC heap after
{Heap after GC invocations=4 (full 0):
 PSYoungGen      total 29696K, used 4078K [0x00000000d5580000, 0x00000000d7680000, 0x0000000100000000)
  eden space 25600K, 0% used [0x00000000d5580000,0x00000000d5580000,0x00000000d6e80000)
  from space 4096K, 99% used [0x00000000d7280000,0x00000000d767bb58,0x00000000d7680000)
  to   space 4096K, 0% used [0x00000000d6e80000,0x00000000d6e80000,0x00000000d7280000)
 ParOldGen       total 68608K, used 6339K [0x0000000080000000, 0x0000000084300000, 0x00000000d5580000)
  object space 68608K, 9% used [0x0000000080000000,0x0000000080630fb0,0x0000000084300000)
 Metaspace       used 9800K, committed 10112K, reserved 1114112K
  class space    used 1012K, committed 1152K, reserved 1048576K
}
Event: 2.286 GC heap before
{Heap before GC invocations=5 (full 0):
 PSYoungGen      total 29696K, used 29678K [0x00000000d5580000, 0x00000000d7680000, 0x0000000100000000)
  eden space 25600K, 100% used [0x00000000d5580000,0x00000000d6e80000,0x00000000d6e80000)
  from space 4096K, 99% used [0x00000000d7280000,0x00000000d767bb58,0x00000000d7680000)
  to   space 4096K, 0% used [0x00000000d6e80000,0x00000000d6e80000,0x00000000d7280000)
 ParOldGen       total 68608K, used 6339K [0x0000000080000000, 0x0000000084300000, 0x00000000d5580000)
  object space 68608K, 9% used [0x0000000080000000,0x0000000080630fb0,0x0000000084300000)
 Metaspace       used 12257K, committed 12608K, reserved 1114112K
  class space    used 1276K, committed 1408K, reserved 1048576K
}
Event: 2.290 GC heap after
{Heap after GC invocations=5 (full 0):
 PSYoungGen      total 29184K, used 4075K [0x00000000d5580000, 0x00000000d7900000, 0x0000000100000000)
  eden space 25088K, 0% used [0x00000000d5580000,0x00000000d5580000,0x00000000d6e00000)
  from space 4096K, 99% used [0x00000000d6e80000,0x00000000d727aea8,0x00000000d7280000)
  to   space 5632K, 0% used [0x00000000d7380000,0x00000000d7380000,0x00000000d7900000)
 ParOldGen       total 68608K, used 7254K [0x0000000080000000, 0x0000000084300000, 0x00000000d5580000)
  object space 68608K, 10% used [0x0000000080000000,0x0000000080715a18,0x0000000084300000)
 Metaspace       used 12257K, committed 12608K, reserved 1114112K
  class space    used 1276K, committed 1408K, reserved 1048576K
}
Event: 2.785 GC heap before
{Heap before GC invocations=6 (full 0):
 PSYoungGen      total 29184K, used 29163K [0x00000000d5580000, 0x00000000d7900000, 0x0000000100000000)
  eden space 25088K, 100% used [0x00000000d5580000,0x00000000d6e00000,0x00000000d6e00000)
  from space 4096K, 99% used [0x00000000d6e80000,0x00000000d727aea8,0x00000000d7280000)
  to   space 5632K, 0% used [0x00000000d7380000,0x00000000d7380000,0x00000000d7900000)
 ParOldGen       total 68608K, used 7254K [0x0000000080000000, 0x0000000084300000, 0x00000000d5580000)
  object space 68608K, 10% used [0x0000000080000000,0x0000000080715a18,0x0000000084300000)
 Metaspace       used 15386K, committed 15872K, reserved 1114112K
  class space    used 1563K, committed 1728K, reserved 1048576K
}
Event: 2.788 GC heap after
{Heap after GC invocations=6 (full 0):
 PSYoungGen      total 30208K, used 5618K [0x00000000d5580000, 0x00000000d7980000, 0x0000000100000000)
  eden space 24576K, 0% used [0x00000000d5580000,0x00000000d5580000,0x00000000d6d80000)
  from space 5632K, 99% used [0x00000000d7380000,0x00000000d78fcbf0,0x00000000d7900000)
  to   space 6144K, 0% used [0x00000000d6d80000,0x00000000d6d80000,0x00000000d7380000)
 ParOldGen       total 68608K, used 7358K [0x0000000080000000, 0x0000000084300000, 0x00000000d5580000)
  object space 68608K, 10% used [0x0000000080000000,0x000000008072fa18,0x0000000084300000)
 Metaspace       used 15386K, committed 15872K, reserved 1114112K
  class space    used 1563K, committed 1728K, reserved 1048576K
}
Event: 3.147 GC heap before
{Heap before GC invocations=7 (full 0):
 PSYoungGen      total 30208K, used 30194K [0x00000000d5580000, 0x00000000d7980000, 0x0000000100000000)
  eden space 24576K, 100% used [0x00000000d5580000,0x00000000d6d80000,0x00000000d6d80000)
  from space 5632K, 99% used [0x00000000d7380000,0x00000000d78fcbf0,0x00000000d7900000)
  to   space 6144K, 0% used [0x00000000d6d80000,0x00000000d6d80000,0x00000000d7380000)
 ParOldGen       total 68608K, used 7358K [0x0000000080000000, 0x0000000084300000, 0x00000000d5580000)
  object space 68608K, 10% used [0x0000000080000000,0x000000008072fa18,0x0000000084300000)
 Metaspace       used 18691K, committed 19328K, reserved 1114112K
  class space    used 1932K, committed 2176K, reserved 1048576K
}
Event: 3.150 GC heap after
{Heap after GC invocations=7 (full 0):
 PSYoungGen      total 29696K, used 5469K [0x00000000d5580000, 0x00000000d7800000, 0x0000000100000000)
  eden space 24064K, 0% used [0x00000000d5580000,0x00000000d5580000,0x00000000d6d00000)
  from space 5632K, 97% used [0x00000000d6d80000,0x00000000d72d7560,0x00000000d7300000)
  to   space 5120K, 0% used [0x00000000d7300000,0x00000000d7300000,0x00000000d7800000)
 ParOldGen       total 68608K, used 8280K [0x0000000080000000, 0x0000000084300000, 0x00000000d5580000)
  object space 68608K, 12% used [0x0000000080000000,0x0000000080816190,0x0000000084300000)
 Metaspace       used 18691K, committed 19328K, reserved 1114112K
  class space    used 1932K, committed 2176K, reserved 1048576K
}
Event: 3.384 GC heap before
{Heap before GC invocations=8 (full 0):
 PSYoungGen      total 29696K, used 27116K [0x00000000d5580000, 0x00000000d7800000, 0x0000000100000000)
  eden space 24064K, 89% used [0x00000000d5580000,0x00000000d6aa3e08,0x00000000d6d00000)
  from space 5632K, 97% used [0x00000000d6d80000,0x00000000d72d7560,0x00000000d7300000)
  to   space 5120K, 0% used [0x00000000d7300000,0x00000000d7300000,0x00000000d7800000)
 ParOldGen       total 68608K, used 8280K [0x0000000080000000, 0x0000000084300000, 0x00000000d5580000)
  object space 68608K, 12% used [0x0000000080000000,0x0000000080816190,0x0000000084300000)
 Metaspace       used 20709K, committed 21504K, reserved 1114112K
  class space    used 2181K, committed 2496K, reserved 1048576K
}
Event: 3.386 GC heap after
{Heap after GC invocations=8 (full 0):
 PSYoungGen      total 29184K, used 5118K [0x00000000d5580000, 0x00000000d7900000, 0x0000000100000000)
  eden space 24064K, 0% used [0x00000000d5580000,0x00000000d5580000,0x00000000d6d00000)
  from space 5120K, 99% used [0x00000000d7300000,0x00000000d77ff810,0x00000000d7800000)
  to   space 6144K, 0% used [0x00000000d6d00000,0x00000000d6d00000,0x00000000d7300000)
 ParOldGen       total 68608K, used 9086K [0x0000000080000000, 0x0000000084300000, 0x00000000d5580000)
  object space 68608K, 13% used [0x0000000080000000,0x00000000808dfbf8,0x0000000084300000)
 Metaspace       used 20709K, committed 21504K, reserved 1114112K
  class space    used 2181K, committed 2496K, reserved 1048576K
}
Event: 3.386 GC heap before
{Heap before GC invocations=9 (full 1):
 PSYoungGen      total 29184K, used 5118K [0x00000000d5580000, 0x00000000d7900000, 0x0000000100000000)
  eden space 24064K, 0% used [0x00000000d5580000,0x00000000d5580000,0x00000000d6d00000)
  from space 5120K, 99% used [0x00000000d7300000,0x00000000d77ff810,0x00000000d7800000)
  to   space 6144K, 0% used [0x00000000d6d00000,0x00000000d6d00000,0x00000000d7300000)
 ParOldGen       total 68608K, used 9086K [0x0000000080000000, 0x0000000084300000, 0x00000000d5580000)
  object space 68608K, 13% used [0x0000000080000000,0x00000000808dfbf8,0x0000000084300000)
 Metaspace       used 20709K, committed 21504K, reserved 1114112K
  class space    used 2181K, committed 2496K, reserved 1048576K
}
Event: 3.415 GC heap after
{Heap after GC invocations=9 (full 1):
 PSYoungGen      total 29184K, used 0K [0x00000000d5580000, 0x00000000d7900000, 0x0000000100000000)
  eden space 24064K, 0% used [0x00000000d5580000,0x00000000d5580000,0x00000000d6d00000)
  from space 5120K, 0% used [0x00000000d7300000,0x00000000d7300000,0x00000000d7800000)
  to   space 6144K, 0% used [0x00000000d6d00000,0x00000000d6d00000,0x00000000d7300000)
 ParOldGen       total 68608K, used 12867K [0x0000000080000000, 0x0000000084300000, 0x00000000d5580000)
  object space 68608K, 18% used [0x0000000080000000,0x0000000080c90e00,0x0000000084300000)
 Metaspace       used 20697K, committed 21504K, reserved 1114112K
  class space    used 2177K, committed 2496K, reserved 1048576K
}
Event: 3.582 GC heap before
{Heap before GC invocations=10 (full 1):
 PSYoungGen      total 29184K, used 24064K [0x00000000d5580000, 0x00000000d7900000, 0x0000000100000000)
  eden space 24064K, 100% used [0x00000000d5580000,0x00000000d6d00000,0x00000000d6d00000)
  from space 5120K, 0% used [0x00000000d7300000,0x00000000d7300000,0x00000000d7800000)
  to   space 6144K, 0% used [0x00000000d6d00000,0x00000000d6d00000,0x00000000d7300000)
 ParOldGen       total 68608K, used 12867K [0x0000000080000000, 0x0000000084300000, 0x00000000d5580000)
  object space 68608K, 18% used [0x0000000080000000,0x0000000080c90e00,0x0000000084300000)
 Metaspace       used 22965K, committed 23872K, reserved 1114112K
  class space    used 2339K, committed 2688K, reserved 1048576K
}
Event: 3.583 GC heap after
{Heap after GC invocations=10 (full 1):
 PSYoungGen      total 24576K, used 754K [0x00000000d5580000, 0x00000000d7380000, 0x0000000100000000)
  eden space 23552K, 0% used [0x00000000d5580000,0x00000000d5580000,0x00000000d6c80000)
  from space 1024K, 73% used [0x00000000d6d00000,0x00000000d6dbcbf0,0x00000000d6e00000)
  to   space 3072K, 0% used [0x00000000d7080000,0x00000000d7080000,0x00000000d7380000)
 ParOldGen       total 68608K, used 12875K [0x0000000080000000, 0x0000000084300000, 0x00000000d5580000)
  object space 68608K, 18% used [0x0000000080000000,0x0000000080c92e00,0x0000000084300000)
 Metaspace       used 22965K, committed 23872K, reserved 1114112K
  class space    used 2339K, committed 2688K, reserved 1048576K
}
Event: 3.737 GC heap before
{Heap before GC invocations=11 (full 1):
 PSYoungGen      total 24576K, used 23843K [0x00000000d5580000, 0x00000000d7380000, 0x0000000100000000)
  eden space 23552K, 98% used [0x00000000d5580000,0x00000000d6c0c080,0x00000000d6c80000)
  from space 1024K, 73% used [0x00000000d6d00000,0x00000000d6dbcbf0,0x00000000d6e00000)
  to   space 3072K, 0% used [0x00000000d7080000,0x00000000d7080000,0x00000000d7380000)
 ParOldGen       total 68608K, used 12875K [0x0000000080000000, 0x0000000084300000, 0x00000000d5580000)
  object space 68608K, 18% used [0x0000000080000000,0x0000000080c92e00,0x0000000084300000)
 Metaspace       used 26287K, committed 27264K, reserved 1114112K
  class space    used 2603K, committed 3008K, reserved 1048576K
}
Event: 3.738 GC heap after
{Heap after GC invocations=11 (full 1):
 PSYoungGen      total 25088K, used 1724K [0x00000000d5580000, 0x00000000d7280000, 0x0000000100000000)
  eden space 23040K, 0% used [0x00000000d5580000,0x00000000d5580000,0x00000000d6c00000)
  from space 2048K, 84% used [0x00000000d7080000,0x00000000d722f128,0x00000000d7280000)
  to   space 2048K, 0% used [0x00000000d6e80000,0x00000000d6e80000,0x00000000d7080000)
 ParOldGen       total 68608K, used 12875K [0x0000000080000000, 0x0000000084300000, 0x00000000d5580000)
  object space 68608K, 18% used [0x0000000080000000,0x0000000080c92e00,0x0000000084300000)
 Metaspace       used 26287K, committed 27264K, reserved 1114112K
  class space    used 2603K, committed 3008K, reserved 1048576K
}

Dll operation events (11 events):
Event: 0.012 Loaded shared library C:\Program Files\Java\jdk-22\bin\java.dll
Event: 0.040 Loaded shared library C:\Program Files\Java\jdk-22\bin\jsvml.dll
Event: 0.098 Loaded shared library C:\Program Files\Java\jdk-22\bin\zip.dll
Event: 0.102 Loaded shared library C:\Program Files\Java\jdk-22\bin\instrument.dll
Event: 0.106 Loaded shared library C:\Program Files\Java\jdk-22\bin\net.dll
Event: 0.108 Loaded shared library C:\Program Files\Java\jdk-22\bin\nio.dll
Event: 0.112 Loaded shared library C:\Program Files\Java\jdk-22\bin\zip.dll
Event: 0.130 Loaded shared library C:\Program Files\Java\jdk-22\bin\jimage.dll
Event: 0.204 Loaded shared library C:\Program Files\Java\jdk-22\bin\verify.dll
Event: 1.615 Loaded shared library C:\Users\ASUS\AppData\Roaming\Code\User\globalStorage\redhat.java\1.48.0\config_win\org.eclipse.equinox.launcher\org.eclipse.equinox.launcher.win32.win32.x86_64_1.2.1400.v20250801-0854\eclipse_11916.dll
Event: 2.943 Loaded shared library C:\Users\ASUS\AppData\Local\Temp\jna-2018896\jna8430559941826494460.dll

Deoptimization events (20 events):
Event: 3.514 Thread 0x000001c36ae693b0 Uncommon trap: trap_request=0xffffff45 fr.pc=0x000001c316edff5c relative=0x000000000000085c
Event: 3.514 Thread 0x000001c36ae693b0 Uncommon trap: reason=unstable_if action=reinterpret pc=0x000001c316edff5c method=org.lombokweb.asm.ClassReader.readUTF8(I[C)Ljava/lang/String; @ 11 c2
Event: 3.514 Thread 0x000001c36ae693b0 DEOPT PACKING pc=0x000001c316edff5c sp=0x0000007cf69ef220
Event: 3.514 Thread 0x000001c36ae693b0 DEOPT UNPACKING pc=0x000001c316793aa2 sp=0x0000007cf69ef228 mode 2
Event: 3.684 Thread 0x000001c36ae693b0 Uncommon trap: trap_request=0xffffff45 fr.pc=0x000001c316ee8d6c relative=0x000000000000014c
Event: 3.684 Thread 0x000001c36ae693b0 Uncommon trap: reason=unstable_if action=reinterpret pc=0x000001c316ee8d6c method=org.lombokweb.asm.ByteVector.putByteArray([BII)Lorg/lombokweb/asm/ByteVector; @ 20 c2
Event: 3.684 Thread 0x000001c36ae693b0 DEOPT PACKING pc=0x000001c316ee8d6c sp=0x0000007cf69ee740
Event: 3.684 Thread 0x000001c36ae693b0 DEOPT UNPACKING pc=0x000001c316793aa2 sp=0x0000007cf69ee710 mode 2
Event: 3.684 Thread 0x000001c36ae693b0 Uncommon trap: trap_request=0xffffff45 fr.pc=0x000001c316ee8690 relative=0x0000000000000350
Event: 3.684 Thread 0x000001c36ae693b0 Uncommon trap: reason=unstable_if action=reinterpret pc=0x000001c316ee8690 method=org.lombokweb.asm.Label.resolve([BLorg/lombokweb/asm/ByteVector;I)Z @ 81 c2
Event: 3.684 Thread 0x000001c36ae693b0 DEOPT PACKING pc=0x000001c316ee8690 sp=0x0000007cf69ee7d0
Event: 3.684 Thread 0x000001c36ae693b0 DEOPT UNPACKING pc=0x000001c316793aa2 sp=0x0000007cf69ee6d8 mode 2
Event: 3.875 Thread 0x000001c36ae693b0 Uncommon trap: trap_request=0xffffff45 fr.pc=0x000001c316e6a6fc relative=0x0000000000000dfc
Event: 3.875 Thread 0x000001c36ae693b0 Uncommon trap: reason=unstable_if action=reinterpret pc=0x000001c316e6a6fc method=java.util.Properties.loadConvert([CIILjava/lang/StringBuilder;)Ljava/lang/String; @ 463 c2
Event: 3.875 Thread 0x000001c36ae693b0 DEOPT PACKING pc=0x000001c316e6a6fc sp=0x0000007cf69f79e0
Event: 3.875 Thread 0x000001c36ae693b0 DEOPT UNPACKING pc=0x000001c316793aa2 sp=0x0000007cf69f79c0 mode 2
Event: 3.913 Thread 0x000001c36ae693b0 Uncommon trap: trap_request=0xffffff45 fr.pc=0x000001c316db0788 relative=0x0000000000000548
Event: 3.913 Thread 0x000001c36ae693b0 Uncommon trap: reason=unstable_if action=reinterpret pc=0x000001c316db0788 method=java.util.ArrayList.toArray([Ljava/lang/Object;)[Ljava/lang/Object; @ 45 c2
Event: 3.913 Thread 0x000001c36ae693b0 DEOPT PACKING pc=0x000001c316db0788 sp=0x0000007cf69f9620
Event: 3.913 Thread 0x000001c36ae693b0 DEOPT UNPACKING pc=0x000001c316793aa2 sp=0x0000007cf69f9628 mode 2

Classes loaded (20 events):
Event: 3.910 Loading class com/sun/org/apache/xerces/internal/impl/msg/XMLSerializerMessages_en
Event: 3.910 Loading class com/sun/org/apache/xerces/internal/impl/msg/XMLSerializerMessages_en done
Event: 3.910 Loading class com/sun/org/apache/xerces/internal/impl/msg/XMLSerializerMessages_en
Event: 3.910 Loading class com/sun/org/apache/xerces/internal/impl/msg/XMLSerializerMessages_en done
Event: 3.910 Loading class com/sun/org/apache/xerces/internal/impl/msg/XMLSerializerMessages_en_IN
Event: 3.910 Loading class com/sun/org/apache/xerces/internal/impl/msg/XMLSerializerMessages_en_IN done
Event: 3.910 Loading class com/sun/org/apache/xerces/internal/impl/msg/XMLSerializerMessages_en_IN
Event: 3.910 Loading class com/sun/org/apache/xerces/internal/impl/msg/XMLSerializerMessages_en_IN done
Event: 3.910 Loading class com/sun/org/apache/xerces/internal/impl/msg/XMLMessages
Event: 3.910 Loading class com/sun/org/apache/xerces/internal/impl/msg/XMLMessages done
Event: 3.910 Loading class com/sun/org/apache/xerces/internal/impl/msg/XMLMessages
Event: 3.910 Loading class com/sun/org/apache/xerces/internal/impl/msg/XMLMessages done
Event: 3.912 Loading class com/sun/org/apache/xerces/internal/impl/msg/XMLMessages_en
Event: 3.912 Loading class com/sun/org/apache/xerces/internal/impl/msg/XMLMessages_en done
Event: 3.912 Loading class com/sun/org/apache/xerces/internal/impl/msg/XMLMessages_en
Event: 3.912 Loading class com/sun/org/apache/xerces/internal/impl/msg/XMLMessages_en done
Event: 3.912 Loading class com/sun/org/apache/xerces/internal/impl/msg/XMLMessages_en_IN
Event: 3.912 Loading class com/sun/org/apache/xerces/internal/impl/msg/XMLMessages_en_IN done
Event: 3.912 Loading class com/sun/org/apache/xerces/internal/impl/msg/XMLMessages_en_IN
Event: 3.912 Loading class com/sun/org/apache/xerces/internal/impl/msg/XMLMessages_en_IN done

Classes unloaded (7 events):
Event: 3.390 Thread 0x000001c30565e9b0 Unloading class 0x000001c3241a9800 'java/lang/invoke/LambdaForm$MH+0x000001c3241a9800'
Event: 3.390 Thread 0x000001c30565e9b0 Unloading class 0x000001c3241a9400 'java/lang/invoke/LambdaForm$MH+0x000001c3241a9400'
Event: 3.390 Thread 0x000001c30565e9b0 Unloading class 0x000001c3241a9000 'java/lang/invoke/LambdaForm$MH+0x000001c3241a9000'
Event: 3.390 Thread 0x000001c30565e9b0 Unloading class 0x000001c3241a8c00 'java/lang/invoke/LambdaForm$MH+0x000001c3241a8c00'
Event: 3.390 Thread 0x000001c30565e9b0 Unloading class 0x000001c3241a8800 'java/lang/invoke/LambdaForm$BMH+0x000001c3241a8800'
Event: 3.390 Thread 0x000001c30565e9b0 Unloading class 0x000001c3241a8400 'java/lang/invoke/LambdaForm$DMH+0x000001c3241a8400'
Event: 3.390 Thread 0x000001c30565e9b0 Unloading class 0x000001c3241a3000 'java/lang/invoke/LambdaForm$DMH+0x000001c3241a3000'

Classes redefined (0 events):
No events

Internal exceptions (20 events):
Event: 3.346 Thread 0x000001c36ae693b0 Exception <a 'java/lang/NoSuchMethodError'{0x00000000d67b5718}: 'long java.lang.invoke.Invokers$Holder.invokeExact_MT(java.lang.Object, java.lang.Object)'> (0x00000000d67b5718) 
thrown [s\open\src\hotspot\share\interpreter\linkResolver.cpp, line 774]
Event: 3.353 Thread 0x000001c36ae693b0 Exception <a 'java/lang/NoSuchMethodError'{0x00000000d68333e0}: 'long java.lang.invoke.DirectMethodHandle$Holder.invokeStatic(java.lang.Object, java.lang.Object, int)'> (0x00000000d68333e0) 
thrown [s\open\src\hotspot\share\interpreter\linkResolver.cpp, line 774]
Event: 3.357 Thread 0x000001c36ae693b0 Exception <a 'java/lang/NoSuchMethodError'{0x00000000d687d318}: 'java.lang.Object java.lang.invoke.DirectMethodHandle$Holder.invokeStatic(java.lang.Object, java.lang.Object, java.lang.Object, java.lang.Object, int, java.lang.Object)'> (0x00000000d687d318) 
thrown [s\open\src\hotspot\share\interpreter\linkResolver.cpp, line 774]
Event: 3.361 Thread 0x000001c36ae693b0 Exception <a 'java/lang/NoSuchMethodError'{0x00000000d68c2c70}: 'java.lang.Object java.lang.invoke.DirectMethodHandle$Holder.invokeStaticInit(java.lang.Object, java.lang.Object, java.lang.Object, java.lang.Object, java.lang.Object, java.lang.Object, java.lang.Object)'> (0x00000000d68c2c70) 
thrown [s\open\src\hotspot\share\interpreter\linkResolver.cpp, line 774]
Event: 3.362 Thread 0x000001c36ae693b0 Exception <a 'java/lang/NoSuchMethodError'{0x00000000d68c8fd8}: 'java.lang.Object java.lang.invoke.Invokers$Holder.invoke_MT(java.lang.Object, java.lang.Object, java.lang.Object, java.lang.Object, java.lang.Object, java.lang.Object, java.lang.Object, java.lang.Object, java.lang.Object, java.lang.Object, java.lang.Object)'> (0x00000000d68c8fd8) 
thrown [s\open\src\hotspot\share\interpreter\linkResolver.cpp, line 774]
Event: 3.365 Thread 0x000001c36ae693b0 Exception <a 'java/lang/NoSuchMethodError'{0x00000000d68ff3e8}: 'int java.lang.invoke.DirectMethodHandle$Holder.invokeVirtual(java.lang.Object, java.lang.Object, java.lang.Object)'> (0x00000000d68ff3e8) 
thrown [s\open\src\hotspot\share\interpreter\linkResolver.cpp, line 774]
Event: 3.366 Thread 0x000001c36ae693b0 Exception <a 'java/lang/NoSuchMethodError'{0x00000000d6904460}: 'int java.lang.invoke.DirectMethodHandle$Holder.invokeStaticInit(java.lang.Object, int, int)'> (0x00000000d6904460) 
thrown [s\open\src\hotspot\share\interpreter\linkResolver.cpp, line 774]
Event: 3.366 Thread 0x000001c36ae693b0 Exception <a 'java/lang/NoSuchMethodError'{0x00000000d690c6a8}: 'int java.lang.invoke.DirectMethodHandle$Holder.invokeStaticInit(java.lang.Object, long, long)'> (0x00000000d690c6a8) 
thrown [s\open\src\hotspot\share\interpreter\linkResolver.cpp, line 774]
Event: 3.367 Thread 0x000001c36ae693b0 Exception <a 'java/lang/NoSuchMethodError'{0x00000000d6913e90}: 'int java.lang.invoke.DirectMethodHandle$Holder.invokeStaticInit(java.lang.Object, float, float)'> (0x00000000d6913e90) 
thrown [s\open\src\hotspot\share\interpreter\linkResolver.cpp, line 774]
Event: 3.367 Thread 0x000001c36ae693b0 Exception <a 'java/lang/NoSuchMethodError'{0x00000000d691b670}: 'int java.lang.invoke.DirectMethodHandle$Holder.invokeStaticInit(java.lang.Object, double, double)'> (0x00000000d691b670) 
thrown [s\open\src\hotspot\share\interpreter\linkResolver.cpp, line 774]
Event: 3.367 Thread 0x000001c36ae693b0 Exception <a 'java/lang/NoSuchMethodError'{0x00000000d6920970}: 'int java.lang.invoke.DirectMethodHandle$Holder.invokeStatic(java.lang.Object, long)'> (0x00000000d6920970) 
thrown [s\open\src\hotspot\share\interpreter\linkResolver.cpp, line 774]
Event: 3.368 Thread 0x000001c36ae693b0 Exception <a 'java/lang/NoSuchMethodError'{0x00000000d6932810}: 'int java.lang.invoke.DirectMethodHandle$Holder.invokeSpecial(java.lang.Object, java.lang.Object, int, int)'> (0x00000000d6932810) 
thrown [s\open\src\hotspot\share\interpreter\linkResolver.cpp, line 774]
Event: 3.369 Thread 0x000001c36ae693b0 Exception <a 'java/lang/NoSuchMethodError'{0x00000000d69416a0}: 'int java.lang.invoke.Invokers$Holder.linkToTargetMethod(java.lang.Object, java.lang.Object)'> (0x00000000d69416a0) 
thrown [s\open\src\hotspot\share\interpreter\linkResolver.cpp, line 774]
Event: 3.464 Thread 0x000001c36ae693b0 Exception <a 'java/lang/NoSuchMethodError'{0x00000000d5979148}: 'double java.lang.invoke.DirectMethodHandle$Holder.invokeStatic(java.lang.Object, java.lang.Object)'> (0x00000000d5979148) 
thrown [s\open\src\hotspot\share\interpreter\linkResolver.cpp, line 774]
Event: 3.465 Thread 0x000001c36ae693b0 Exception <a 'java/lang/NoSuchMethodError'{0x00000000d597c7f8}: 'double java.lang.invoke.DirectMethodHandle$Holder.invokeStaticInit(java.lang.Object, java.lang.Object)'> (0x00000000d597c7f8) 
thrown [s\open\src\hotspot\share\interpreter\linkResolver.cpp, line 774]
Event: 3.684 Thread 0x000001c36ae693b0 Implicit null exception at 0x000001c316ee8c75 to 0x000001c316ee8d50
Event: 3.774 Thread 0x000001c36ae693b0 Exception <a 'java/lang/NoSuchMethodError'{0x00000000d6076a40}: 'java.lang.Object java.lang.invoke.DirectMethodHandle$Holder.newInvokeSpecial(java.lang.Object, int, java.lang.Object, java.lang.Object)'> (0x00000000d6076a40) 
thrown [s\open\src\hotspot\share\interpreter\linkResolver.cpp, line 774]
Event: 3.908 Thread 0x000001c36ae693b0 Exception <a 'java/lang/ClassNotFoundException'{0x00000000d693c870}: com/sun/org/apache/xerces/internal/impl/msg/spi/DOMMessagesProvider> (0x00000000d693c870) 
thrown [s\open\src\hotspot\share\classfile\systemDictionary.cpp, line 313]
Event: 3.909 Thread 0x000001c36ae693b0 Exception <a 'java/lang/ClassNotFoundException'{0x00000000d6949830}: com/sun/org/apache/xerces/internal/impl/msg/spi/XMLSerializerMessagesProvider> (0x00000000d6949830) 
thrown [s\open\src\hotspot\share\classfile\systemDictionary.cpp, line 313]
Event: 3.910 Thread 0x000001c36ae693b0 Exception <a 'java/lang/ClassNotFoundException'{0x00000000d6954870}: com/sun/org/apache/xerces/internal/impl/msg/spi/XMLMessagesProvider> (0x00000000d6954870) 
thrown [s\open\src\hotspot\share\classfile\systemDictionary.cpp, line 313]

ZGC Phase Switch (0 events):
No events

VM Operations (20 events):
Event: 2.950 Executing VM operation: HandshakeAllThreads (Deoptimize)
Event: 2.950 Executing VM operation: HandshakeAllThreads (Deoptimize) done
Event: 3.101 Executing VM operation: HandshakeAllThreads (Deoptimize)
Event: 3.101 Executing VM operation: HandshakeAllThreads (Deoptimize) done
Event: 3.106 Executing VM operation: HandshakeAllThreads (Deoptimize)
Event: 3.106 Executing VM operation: HandshakeAllThreads (Deoptimize) done
Event: 3.113 Executing VM operation: ICBufferFull
Event: 3.113 Executing VM operation: ICBufferFull done
Event: 3.146 Executing VM operation: ParallelGCFailedAllocation (Allocation Failure)
Event: 3.150 Executing VM operation: ParallelGCFailedAllocation (Allocation Failure) done
Event: 3.352 Executing VM operation: HandshakeAllThreads (Deoptimize)
Event: 3.352 Executing VM operation: HandshakeAllThreads (Deoptimize) done
Event: 3.384 Executing VM operation: CollectForMetadataAllocation (Metadata GC Threshold)
Event: 3.415 Executing VM operation: CollectForMetadataAllocation (Metadata GC Threshold) done
Event: 3.582 Executing VM operation: ParallelGCFailedAllocation (Allocation Failure)
Event: 3.583 Executing VM operation: ParallelGCFailedAllocation (Allocation Failure) done
Event: 3.737 Executing VM operation: ParallelGCFailedAllocation (Allocation Failure)
Event: 3.738 Executing VM operation: ParallelGCFailedAllocation (Allocation Failure) done
Event: 3.895 Executing VM operation: HandshakeAllThreads (Deoptimize)
Event: 3.895 Executing VM operation: HandshakeAllThreads (Deoptimize) done

Events (20 events):
Event: 1.045 Thread 0x000001c36ab96ef0 Thread added: 0x000001c36ab96ef0
Event: 1.047 Thread 0x000001c36ab97a70 Thread added: 0x000001c36ab97a70
Event: 1.077 Thread 0x000001c36aa06c60 Thread added: 0x000001c36aa06c60
Event: 1.303 Thread 0x000001c36ae68d20 Thread added: 0x000001c36ae68d20
Event: 1.308 Thread 0x000001c36ae693b0 Thread added: 0x000001c36ae693b0
Event: 1.611 Thread 0x000001c36ae69a40 Thread added: 0x000001c36ae69a40
Event: 1.691 Thread 0x000001c36ae68000 Thread added: 0x000001c36ae68000
Event: 1.691 Thread 0x000001c36ae6a760 Thread added: 0x000001c36ae6a760
Event: 1.691 Thread 0x000001c36ae6a0d0 Thread added: 0x000001c36ae6a0d0
Event: 1.691 Thread 0x000001c36ae6adf0 Thread added: 0x000001c36ae6adf0
Event: 1.691 Thread 0x000001c36ae68690 Thread added: 0x000001c36ae68690
Event: 1.691 Thread 0x000001c36b35a9a0 Thread added: 0x000001c36b35a9a0
Event: 1.961 Thread 0x000001c36b358f60 Thread added: 0x000001c36b358f60
Event: 2.254 Thread 0x000001c36b3595f0 Thread added: 0x000001c36b3595f0
Event: 2.667 Thread 0x000001c36b358240 Thread added: 0x000001c36b358240
Event: 2.965 Thread 0x000001c36b3588d0 Thread added: 0x000001c36b3588d0
Event: 2.998 Thread 0x000001c36b359c80 Thread added: 0x000001c36b359c80
Event: 3.019 Thread 0x000001c36b35a310 Thread added: 0x000001c36b35a310
Event: 3.648 Thread 0x000001c36a4a85f0 Thread exited: 0x000001c36a4a85f0
Event: 3.927 Thread 0x000001c36b35b030 Thread added: 0x000001c36b35b030


Dynamic libraries:
0x00007ff699a70000 - 0x00007ff699a80000 	C:\Program Files\Java\jdk-22\bin\java.exe
0x00007ff964620000 - 0x00007ff964888000 	C:\WINDOWS\SYSTEM32\ntdll.dll
0x00007ff963390000 - 0x00007ff963459000 	C:\WINDOWS\System32\KERNEL32.DLL
0x00007ff961ce0000 - 0x00007ff9620d8000 	C:\WINDOWS\System32\KERNELBASE.dll
0x00007ff9619a0000 - 0x00007ff961aeb000 	C:\WINDOWS\System32\ucrtbase.dll
0x00007ff950110000 - 0x00007ff950127000 	C:\Program Files\Java\jdk-22\bin\jli.dll
0x00007ff9500c0000 - 0x00007ff9500db000 	C:\Program Files\Java\jdk-22\bin\VCRUNTIME140.dll
0x00007ff9624d0000 - 0x00007ff962584000 	C:\WINDOWS\System32\ADVAPI32.dll
0x00007ff964360000 - 0x00007ff964409000 	C:\WINDOWS\System32\msvcrt.dll
0x00007ff964160000 - 0x00007ff964206000 	C:\WINDOWS\System32\sechost.dll
0x00007ff962ec0000 - 0x00007ff962fd8000 	C:\WINDOWS\System32\RPCRT4.dll
0x00007ff964410000 - 0x00007ff9645d7000 	C:\WINDOWS\System32\USER32.dll
0x00007ff94cab0000 - 0x00007ff94cd44000 	C:\WINDOWS\WinSxS\amd64_microsoft.windows.common-controls_6595b64144ccf1df_6.0.26100.7019_none_3e06ffa0e335b8a8\COMCTL32.dll
0x00007ff961cb0000 - 0x00007ff961cd7000 	C:\WINDOWS\System32\win32u.dll
0x00007ff963c90000 - 0x00007ff963cbb000 	C:\WINDOWS\System32\GDI32.dll
0x00007ff9579f0000 - 0x00007ff9579fb000 	C:\WINDOWS\SYSTEM32\VERSION.dll
0x00007ff961af0000 - 0x00007ff961c1c000 	C:\WINDOWS\System32\gdi32full.dll
0x00007ff9620e0000 - 0x00007ff962183000 	C:\WINDOWS\System32\msvcp_win.dll
0x00007ff9642a0000 - 0x00007ff9642d1000 	C:\WINDOWS\System32\IMM32.DLL
0x00007ff95b0f0000 - 0x00007ff95b0fc000 	C:\Program Files\Java\jdk-22\bin\vcruntime140_1.dll
0x00007ff92f780000 - 0x00007ff92f80e000 	C:\Program Files\Java\jdk-22\bin\msvcp140.dll
0x00007ff8d3fb0000 - 0x00007ff8d4cf7000 	C:\Program Files\Java\jdk-22\bin\server\jvm.dll
0x00007ff962c40000 - 0x00007ff962cb4000 	C:\WINDOWS\System32\WS2_32.dll
0x00007ff9615d0000 - 0x00007ff96162e000 	C:\WINDOWS\SYSTEM32\POWRPROF.dll
0x00007ff956670000 - 0x00007ff9566a5000 	C:\WINDOWS\SYSTEM32\WINMM.dll
0x00007ff9615b0000 - 0x00007ff9615c4000 	C:\WINDOWS\SYSTEM32\UMPDC.dll
0x00007ff960500000 - 0x00007ff96051b000 	C:\WINDOWS\SYSTEM32\kernel.appcore.dll
0x00007ff959240000 - 0x00007ff95924a000 	C:\Program Files\Java\jdk-22\bin\jimage.dll
0x00007ff95ed10000 - 0x00007ff95ef52000 	C:\WINDOWS\SYSTEM32\DBGHELP.DLL
0x00007ff963cc0000 - 0x00007ff96404b000 	C:\WINDOWS\System32\combase.dll
0x00007ff9623f0000 - 0x00007ff9624c7000 	C:\WINDOWS\System32\OLEAUT32.dll
0x00007ff94a310000 - 0x00007ff94a34c000 	C:\WINDOWS\SYSTEM32\dbgcore.DLL
0x00007ff961770000 - 0x00007ff961815000 	C:\WINDOWS\System32\bcryptPrimitives.dll
0x00007ff950070000 - 0x00007ff95007f000 	C:\Program Files\Java\jdk-22\bin\instrument.dll
0x00007ff94f6f0000 - 0x00007ff94f70e000 	C:\Program Files\Java\jdk-22\bin\java.dll
0x00007ff963470000 - 0x00007ff963bbf000 	C:\WINDOWS\System32\SHELL32.dll
0x00007ff962250000 - 0x00007ff9623bb000 	C:\WINDOWS\System32\wintypes.dll
0x00007ff962a20000 - 0x00007ff962bb7000 	C:\WINDOWS\System32\ole32.dll
0x00007ff95f350000 - 0x00007ff95fbad000 	C:\WINDOWS\SYSTEM32\windows.storage.dll
0x00007ff962d40000 - 0x00007ff962e32000 	C:\WINDOWS\System32\SHCORE.dll
0x00007ff962e40000 - 0x00007ff962ea7000 	C:\WINDOWS\System32\shlwapi.dll
0x00007ff961690000 - 0x00007ff9616b9000 	C:\WINDOWS\SYSTEM32\profapi.dll
0x00007ff925d30000 - 0x00007ff925e07000 	C:\Program Files\Java\jdk-22\bin\jsvml.dll
0x00007ff94bdf0000 - 0x00007ff94be07000 	C:\Program Files\Java\jdk-22\bin\zip.dll
0x00007ff950080000 - 0x00007ff950090000 	C:\Program Files\Java\jdk-22\bin\net.dll
0x00007ff960aa0000 - 0x00007ff960b0b000 	C:\WINDOWS\system32\mswsock.dll
0x00007ff9477f0000 - 0x00007ff947806000 	C:\Program Files\Java\jdk-22\bin\nio.dll
0x00007ff94bde0000 - 0x00007ff94bdf0000 	C:\Program Files\Java\jdk-22\bin\verify.dll
0x00007ff93d3c0000 - 0x00007ff93d404000 	C:\Users\ASUS\AppData\Roaming\Code\User\globalStorage\redhat.java\1.48.0\config_win\org.eclipse.equinox.launcher\org.eclipse.equinox.launcher.win32.win32.x86_64_1.2.1400.v20250801-0854\eclipse_11916.dll
0x00007ff960d60000 - 0x00007ff960d7b000 	C:\WINDOWS\SYSTEM32\CRYPTSP.dll
0x00007ff960460000 - 0x00007ff96049a000 	C:\WINDOWS\system32\rsaenh.dll
0x00007ff960b50000 - 0x00007ff960b7b000 	C:\WINDOWS\SYSTEM32\USERENV.dll
0x00007ff961660000 - 0x00007ff96168a000 	C:\WINDOWS\SYSTEM32\bcrypt.dll
0x00007ff960d80000 - 0x00007ff960d8c000 	C:\WINDOWS\SYSTEM32\CRYPTBASE.dll
0x00007ff95fee0000 - 0x00007ff95ff14000 	C:\WINDOWS\SYSTEM32\IPHLPAPI.DLL
0x00007ff962c30000 - 0x00007ff962c3a000 	C:\WINDOWS\System32\NSI.dll
0x00007ff93a690000 - 0x00007ff93a6d9000 	C:\Users\ASUS\AppData\Local\Temp\jna-2018896\jna8430559941826494460.dll
0x00007ff963460000 - 0x00007ff963468000 	C:\WINDOWS\System32\PSAPI.DLL

dbghelp: loaded successfully - version: 4.0.5 - missing functions: none
symbol engine: initialized successfully - sym options: 0x614 - pdb path: .;C:\Program Files\Java\jdk-22\bin;C:\WINDOWS\SYSTEM32;C:\WINDOWS\WinSxS\amd64_microsoft.windows.common-controls_6595b64144ccf1df_6.0.26100.7019_none_3e06ffa0e335b8a8;C:\Program Files\Java\jdk-22\bin\server;C:\Users\ASUS\AppData\Roaming\Code\User\globalStorage\redhat.java\1.48.0\config_win\org.eclipse.equinox.launcher\org.eclipse.equinox.launcher.win32.win32.x86_64_1.2.1400.v20250801-0854;C:\Users\ASUS\AppData\Local\Temp\jna-2018896

VM Arguments:
jvm_args: --add-modules=ALL-SYSTEM --add-opens=java.base/java.util=ALL-UNNAMED --add-opens=java.base/java.lang=ALL-UNNAMED --add-opens=java.base/sun.nio.fs=ALL-UNNAMED -Declipse.application=org.eclipse.jdt.ls.core.id1 -Dosgi.bundles.defaultStartLevel=4 -Declipse.product=org.eclipse.jdt.ls.core.product -Djava.import.generatesMetadataFilesAtProjectRoot=false -DDetectVMInstallationsJob.disabled=true -Dfile.encoding=utf8 -XX:+UseParallelGC -XX:GCTimeRatio=4 -XX:AdaptiveSizePolicyWeight=90 -Dsun.zip.disableMemoryMapping=true -Xmx2G -Xms100m -Xlog:disable -javaagent:c:\Users\ASUS\.vscode\extensions\redhat.java-1.48.0\lombok\lombok-1.18.39-4050.jar -XX:+HeapDumpOnOutOfMemoryError -XX:HeapDumpPath=c:\Users\ASUS\AppData\Roaming\Code\User\workspaceStorage\89e1db3ebefe5f936c154524965b6285\redhat.java -Daether.dependencyCollector.impl=bf 
java_command: c:\Users\ASUS\.vscode\extensions\redhat.java-1.48.0\server\plugins\org.eclipse.equinox.launcher_1.7.100.v20251111-0406.jar -configuration c:\Users\ASUS\AppData\Roaming\Code\User\globalStorage\redhat.java\1.48.0\config_win -data c:\Users\ASUS\AppData\Roaming\Code\User\workspaceStorage\89e1db3ebefe5f936c154524965b6285\redhat.java\jdt_ws --pipe=\\.\pipe\lsp-49e353481f46784ffb699420298c1e0c-sock
java_class_path (initial): c:\Users\ASUS\.vscode\extensions\redhat.java-1.48.0\server\plugins\org.eclipse.equinox.launcher_1.7.100.v20251111-0406.jar
Launcher Type: SUN_STANDARD

[Global flags]
     uint AdaptiveSizePolicyWeight                 = 90                                        {product} {command line}
     intx CICompilerCount                          = 4                                         {product} {ergonomic}
     uint GCTimeRatio                              = 4                                         {product} {command line}
     bool HeapDumpOnOutOfMemoryError               = true                                   {manageable} {command line}
    ccstr HeapDumpPath                             = c:\Users\ASUS\AppData\Roaming\Code\User\workspaceStorage\89e1db3ebefe5f936c154524965b6285\redhat.java         {manageable} {command line}
   size_t InitialHeapSize                          = 104857600                                 {product} {command line}
   size_t MaxHeapSize                              = 2147483648                                {product} {command line}
   size_t MaxNewSize                               = 715653120                                 {product} {ergonomic}
   size_t MinHeapDeltaBytes                        = 524288                                    {product} {ergonomic}
   size_t MinHeapSize                              = 104857600                                 {product} {command line}
   size_t NewSize                                  = 34603008                                  {product} {ergonomic}
    uintx NonNMethodCodeHeapSize                   = 5839372                                {pd product} {ergonomic}
    uintx NonProfiledCodeHeapSize                  = 122909434                              {pd product} {ergonomic}
   size_t OldSize                                  = 70254592                                  {product} {ergonomic}
    uintx ProfiledCodeHeapSize                     = 122909434                              {pd product} {ergonomic}
    uintx ReservedCodeCacheSize                    = 251658240                              {pd product} {ergonomic}
     bool SegmentedCodeCache                       = true                                      {product} {ergonomic}
   size_t SoftMaxHeapSize                          = 2147483648                             {manageable} {ergonomic}
     bool UseCompressedOops                        = true                           {product lp64_product} {ergonomic}
     bool UseLargePagesIndividualAllocation        = false                                  {pd product} {ergonomic}
     bool UseParallelGC                            = true                                      {product} {command line}

Logging:
Log output configuration:
 #0: stdout all=off uptime,level,tags foldmultilines=false
 #1: stderr all=off uptime,level,tags foldmultilines=false

Environment Variables:
PATH=C:\Program Files\Common Files\Oracle\Java\javapath;C:\WINDOWS\system32;C:\WINDOWS;C:\WINDOWS\System32\Wbem;C:\WINDOWS\System32\WindowsPowerShell\v1.0\;C:\WINDOWS\System32\OpenSSH\;C:\Program Files\Amazon\AWSCLIV2\;C:\MinGW\bin;C:\Program Files\Java\jdk-22\bin;C:\Program Files\Git\cmd;C:\Users\ASUS\Downloads\apache-maven-3.9.9\bin;C:\Program Files\sf\bin;C:\Program Files\nodejs\;C:\Program Files\CMake\bin;C:\Program Files\cursor\resources\app\bin;C:\Program Files\MySQL\MySQL Shell 8.0\bin\;C:\Users\ASUS\AppData\Local\Microsoft\WindowsApps;C:\Users\ASUS\AppData\Local\Programs\Microsoft VS Code\bin;C:\MinGW\bin;C:\Users\ASUS\AppData\Local\GitHubDesktop\bin;C:\Program Files\sf\bin;C:\Users\ASUS\AppData\Roaming\npm
USERNAME=ASUS
OS=Windows_NT
PROCESSOR_IDENTIFIER=AMD64 Family 25 Model 80 Stepping 0, AuthenticAMD
TMP=C:\Users\ASUS\AppData\Local\Temp
TEMP=C:\Users\ASUS\AppData\Local\Temp




Periodic native trim disabled

---------------  S Y S T E M  ---------------

OS:
 Windows 11 , 64 bit Build 26100 (10.0.26100.7019)
OS uptime: 5 days 12:45 hours
Hyper-V role detected

CPU: total 12 (initial active 12) (12 cores per cpu, 2 threads per core) family 25 model 80 stepping 0 microcode 0xa50000d, cx8, cmov, fxsr, ht, mmx, 3dnowpref, sse, sse2, sse3, ssse3, sse4a, sse4.1, sse4.2, popcnt, lzcnt, tsc, tscinvbit, avx, avx2, aes, erms, clmul, bmi1, bmi2, adx, sha, fma, vzeroupper, clflush, clflushopt, hv, rdtscp, rdpid, fsrm, f16c, cet_ss
Processor Information for processor 0
  Max Mhz: 3301, Current Mhz: 3301, Mhz Limit: 3301
Processor Information for processor 1
  Max Mhz: 3301, Current Mhz: 3301, Mhz Limit: 3301
Processor Information for processor 2
  Max Mhz: 3301, Current Mhz: 1805, Mhz Limit: 3301
Processor Information for processor 3
  Max Mhz: 3301, Current Mhz: 3301, Mhz Limit: 3301
Processor Information for processor 4
  Max Mhz: 3301, Current Mhz: 3301, Mhz Limit: 3301
Processor Information for processor 5
  Max Mhz: 3301, Current Mhz: 3301, Mhz Limit: 3301
Processor Information for processor 6
  Max Mhz: 3301, Current Mhz: 3301, Mhz Limit: 3301
Processor Information for processor 7
  Max Mhz: 3301, Current Mhz: 3301, Mhz Limit: 3301
Processor Information for processor 8
  Max Mhz: 3301, Current Mhz: 1805, Mhz Limit: 3301
Processor Information for processor 9
  Max Mhz: 3301, Current Mhz: 3301, Mhz Limit: 3301
Processor Information for processor 10
  Max Mhz: 3301, Current Mhz: 3301, Mhz Limit: 3301
Processor Information for processor 11
  Max Mhz: 3301, Current Mhz: 3301, Mhz Limit: 3301

Memory: 4k page, system-wide physical 15773M (2461M free)
TotalPageFile size 27457M (AvailPageFile size 15M)
current process WorkingSet (physical memory assigned to process): 167M, peak: 167M
current process commit charge ("private bytes"): 306M, peak: 306M

vm_info: Java HotSpot(TM) 64-Bit Server VM (22.0.1+8-16) for windows-amd64 JRE (22.0.1+8-16), built on 2024-03-12T10:33:16Z by "mach5one" with MS VC++ 17.6 (VS2022)

END.
