#
# There is insufficient memory for the Java Runtime Environment to continue.
# Native memory allocation (malloc) failed to allocate 995856 bytes. Error detail: Chunk::new
# Possible reasons:
#   The system is out of physical RAM or swap space
#   This process is running with CompressedOops enabled, and the Java Heap may be blocking the growth of the native heap
# Possible solutions:
#   Reduce memory load on the system
#   Increase physical memory or swap space
#   Check if swap backing store is full
#   Decrease Java heap size (-Xmx/-Xms)
#   Decrease number of Java threads
#   Decrease Java thread stack sizes (-Xss)
#   Set larger code cache with -XX:ReservedCodeCacheSize=
#   JVM is running with Unscaled Compressed Oops mode in which the Java heap is
#     placed in the first 4GB address space. The Java Heap base address is the
#     maximum limit for the native heap growth. Please use -XX:HeapBaseMinAddress
#     to set the Java Heap base and to place the Java Heap above 4GB virtual address.
# This output file may be truncated or incomplete.
#
#  Out of Memory Error (arena.cpp:150), pid=16368, tid=3876
#
# JRE version: Java(TM) SE Runtime Environment (22.0.1+8) (build 22.0.1+8-16)
# Java VM: Java HotSpot(TM) 64-Bit Server VM (22.0.1+8-16, mixed mode, sharing, tiered, compressed oops, compressed class ptrs, parallel gc, windows-amd64)
# No core dump will be written. Minidumps are not enabled by default on client versions of Windows
#

---------------  S U M M A R Y ------------

Command Line: --add-modules=ALL-SYSTEM --add-opens=java.base/java.util=ALL-UNNAMED --add-opens=java.base/java.lang=ALL-UNNAMED --add-opens=java.base/sun.nio.fs=ALL-UNNAMED -Declipse.application=org.eclipse.jdt.ls.core.id1 -Dosgi.bundles.defaultStartLevel=4 -Declipse.product=org.eclipse.jdt.ls.core.product -Djava.import.generatesMetadataFilesAtProjectRoot=false -DDetectVMInstallationsJob.disabled=true -Dfile.encoding=utf8 -XX:+UseParallelGC -XX:GCTimeRatio=4 -XX:AdaptiveSizePolicyWeight=90 -Dsun.zip.disableMemoryMapping=true -Xmx2G -Xms100m -Xlog:disable -javaagent:c:\Users\ASUS\.vscode\extensions\redhat.java-1.48.0\lombok\lombok-1.18.39-4050.jar c:\Users\ASUS\.vscode\extensions\redhat.java-1.48.0\server\plugins\org.eclipse.equinox.launcher_1.7.100.v20251111-0406.jar -configuration c:\Users\ASUS\AppData\Roaming\Code\User\globalStorage\redhat.java\1.48.0\config_ss_win -data c:\Users\ASUS\AppData\Roaming\Code\User\workspaceStorage\89e1db3ebefe5f936c154524965b6285\redhat.java\ss_ws --pipe=\\.\pipe\lsp-8cd954848dfe4cb88f52e03ed271be4a-sock

Host: AMD Ryzen 5 5600H with Radeon Graphics         , 12 cores, 15G,  Windows 11 , 64 bit Build 26100 (10.0.26100.7019)
Time: Wed Nov 19 23:38:22 2025 India Standard Time elapsed time: 10.045765 seconds (0d 0h 0m 10s)

---------------  T H R E A D  ---------------

Current thread (0x000001ba065a29f0):  JavaThread "C2 CompilerThread0" daemon [_thread_in_native, id=3876, stack(0x0000009c90c00000,0x0000009c90d00000) (1024K)]


Current CompileTask:
C2:10045 6600 % !   4       org.eclipse.jdt.internal.compiler.classfmt.ClassFileReader::<init> @ 81 (1968 bytes)

Stack: [0x0000009c90c00000,0x0000009c90d00000]
Native frames: (J=compiled Java code, j=interpreted, Vv=VM code, C=native code)
V  [jvm.dll+0x6e2279]  (no source info available)
V  [jvm.dll+0x874e33]  (no source info available)
V  [jvm.dll+0x87725e]  (no source info available)
V  [jvm.dll+0x877933]  (no source info available)
V  [jvm.dll+0x27fd76]  (no source info available)
V  [jvm.dll+0xc3d0f]  (no source info available)
V  [jvm.dll+0xc3f6b]  (no source info available)
V  [jvm.dll+0x2f3c2f]  (no source info available)
V  [jvm.dll+0x60bc9a]  (no source info available)
V  [jvm.dll+0x249a35]  (no source info available)
V  [jvm.dll+0x246ec6]  (no source info available)
V  [jvm.dll+0x1c4e90]  (no source info available)
V  [jvm.dll+0x2569fe]  (no source info available)
V  [jvm.dll+0x254cba]  (no source info available)
V  [jvm.dll+0x3f5336]  (no source info available)
V  [jvm.dll+0x81d44b]  (no source info available)
V  [jvm.dll+0x6e0915]  (no source info available)
C  [ucrtbase.dll+0x37b0]  (no source info available)
C  [KERNEL32.DLL+0x2e8d7]  (no source info available)
C  [ntdll.dll+0x8c53c]  (no source info available)


---------------  P R O C E S S  ---------------

Threads class SMR info:
_java_thread_list=0x000001ba0dd57ca0, length=51, elements={
0x000001b9a57a8ad0, 0x000001ba06568330, 0x000001ba0656a350, 0x000001ba06570330,
0x000001ba06590fa0, 0x000001ba06596b80, 0x000001ba065a0840, 0x000001ba065a29f0,
0x000001ba065a5d60, 0x000001ba06682b40, 0x000001ba068ea5d0, 0x000001ba0b4431a0,
0x000001ba0b8a7760, 0x000001ba0b9eaf90, 0x000001ba0b9eb8a0, 0x000001ba0b7fdf30,
0x000001ba0b7fe5a0, 0x000001ba0ba06130, 0x000001ba0b89de60, 0x000001ba0b89e4f0,
0x000001ba0b89b700, 0x000001ba0b89b070, 0x000001ba0b89c420, 0x000001ba0b89cab0,
0x000001ba0b89d140, 0x000001ba0b89bd90, 0x000001ba0b89d7d0, 0x000001ba0bfb13c0,
0x000001ba0bfb1a50, 0x000001ba0bfb41b0, 0x000001ba0bfb2770, 0x000001ba0bfb2e00,
0x000001ba0bfb3b20, 0x000001ba0bfb3490, 0x000001ba0bfb0d30, 0x000001ba0bfb6280,
0x000001ba0bfb4840, 0x000001ba0bfb7630, 0x000001ba0bfb4ed0, 0x000001ba0bfb5560,
0x000001ba0bfb6910, 0x000001ba0bfb8350, 0x000001ba0bfb6fa0, 0x000001ba0bfb7cc0,
0x000001ba0bfb5bf0, 0x000001ba0d097f40, 0x000001ba0d0992f0, 0x000001ba0d096500,
0x000001ba0d0985d0, 0x000001ba0c469440, 0x000001ba0e5248d0
}

Java Threads: ( => current thread )
  0x000001b9a57a8ad0 JavaThread "main"                              [_thread_blocked, id=27260, stack(0x0000009c90200000,0x0000009c90300000) (1024K)]
  0x000001ba06568330 JavaThread "Reference Handler"          daemon [_thread_blocked, id=21440, stack(0x0000009c90600000,0x0000009c90700000) (1024K)]
  0x000001ba0656a350 JavaThread "Finalizer"                  daemon [_thread_blocked, id=25896, stack(0x0000009c90700000,0x0000009c90800000) (1024K)]
  0x000001ba06570330 JavaThread "Signal Dispatcher"          daemon [_thread_blocked, id=24544, stack(0x0000009c90800000,0x0000009c90900000) (1024K)]
  0x000001ba06590fa0 JavaThread "Attach Listener"            daemon [_thread_blocked, id=28268, stack(0x0000009c90900000,0x0000009c90a00000) (1024K)]
  0x000001ba06596b80 JavaThread "Service Thread"             daemon [_thread_blocked, id=28304, stack(0x0000009c90a00000,0x0000009c90b00000) (1024K)]
  0x000001ba065a0840 JavaThread "Monitor Deflation Thread"   daemon [_thread_blocked, id=29732, stack(0x0000009c90b00000,0x0000009c90c00000) (1024K)]
=>0x000001ba065a29f0 JavaThread "C2 CompilerThread0"         daemon [_thread_in_native, id=3876, stack(0x0000009c90c00000,0x0000009c90d00000) (1024K)]
  0x000001ba065a5d60 JavaThread "C1 CompilerThread0"         daemon [_thread_in_vm, id=844, stack(0x0000009c90d00000,0x0000009c90e00000) (1024K)]
  0x000001ba06682b40 JavaThread "Common-Cleaner"             daemon [_thread_blocked, id=13660, stack(0x0000009c90e00000,0x0000009c90f00000) (1024K)]
  0x000001ba068ea5d0 JavaThread "Notification Thread"        daemon [_thread_blocked, id=3036, stack(0x0000009c91000000,0x0000009c91100000) (1024K)]
  0x000001ba0b4431a0 JavaThread "Equinox resolver thread - Equinox Container: 3392f462-e049-40a9-9359-f7c5dc632b13" daemon [_thread_blocked, id=25388, stack(0x0000009c91800000,0x0000009c91900000) (1024K)]
  0x000001ba0b8a7760 JavaThread "Equinox resolver thread - Equinox Container: 3392f462-e049-40a9-9359-f7c5dc632b13" daemon [_thread_blocked, id=28276, stack(0x0000009c91900000,0x0000009c91a00000) (1024K)]
  0x000001ba0b9eaf90 JavaThread "Equinox resolver thread - Equinox Container: 3392f462-e049-40a9-9359-f7c5dc632b13" daemon [_thread_blocked, id=11196, stack(0x0000009c91a00000,0x0000009c91b00000) (1024K)]
  0x000001ba0b9eb8a0 JavaThread "Equinox resolver thread - Equinox Container: 3392f462-e049-40a9-9359-f7c5dc632b13" daemon [_thread_blocked, id=20196, stack(0x0000009c91b00000,0x0000009c91c00000) (1024K)]
  0x000001ba0b7fdf30 JavaThread "Equinox resolver thread - Equinox Container: 3392f462-e049-40a9-9359-f7c5dc632b13" daemon [_thread_blocked, id=21692, stack(0x0000009c91c00000,0x0000009c91d00000) (1024K)]
  0x000001ba0b7fe5a0 JavaThread "Equinox resolver thread - Equinox Container: 3392f462-e049-40a9-9359-f7c5dc632b13" daemon [_thread_blocked, id=28048, stack(0x0000009c91d00000,0x0000009c91e00000) (1024K)]
  0x000001ba0ba06130 JavaThread "Active Thread: Equinox Container: 3392f462-e049-40a9-9359-f7c5dc632b13"        [_thread_blocked, id=4704, stack(0x0000009c91e00000,0x0000009c91f00000) (1024K)]
  0x000001ba0b89de60 JavaThread "Framework Event Dispatcher: Equinox Container: 3392f462-e049-40a9-9359-f7c5dc632b13" daemon [_thread_blocked, id=10972, stack(0x0000009c91100000,0x0000009c91200000) (1024K)]
  0x000001ba0b89e4f0 JavaThread "Start Level: Equinox Container: 3392f462-e049-40a9-9359-f7c5dc632b13" daemon [_thread_blocked, id=28628, stack(0x0000009c91f00000,0x0000009c92000000) (1024K)]
  0x000001ba0b89b700 JavaThread "Refresh Thread: Equinox Container: 3392f462-e049-40a9-9359-f7c5dc632b13" daemon [_thread_blocked, id=17560, stack(0x0000009c92100000,0x0000009c92200000) (1024K)]
  0x000001ba0b89b070 JavaThread "Equinox resolver thread - Equinox Container: 3392f462-e049-40a9-9359-f7c5dc632b13" daemon [_thread_blocked, id=27588, stack(0x0000009c92200000,0x0000009c92300000) (1024K)]
  0x000001ba0b89c420 JavaThread "Equinox resolver thread - Equinox Container: 3392f462-e049-40a9-9359-f7c5dc632b13" daemon [_thread_blocked, id=12456, stack(0x0000009c92300000,0x0000009c92400000) (1024K)]
  0x000001ba0b89cab0 JavaThread "Equinox resolver thread - Equinox Container: 3392f462-e049-40a9-9359-f7c5dc632b13" daemon [_thread_blocked, id=18256, stack(0x0000009c92400000,0x0000009c92500000) (1024K)]
  0x000001ba0b89d140 JavaThread "Equinox resolver thread - Equinox Container: 3392f462-e049-40a9-9359-f7c5dc632b13" daemon [_thread_blocked, id=25316, stack(0x0000009c92500000,0x0000009c92600000) (1024K)]
  0x000001ba0b89bd90 JavaThread "Equinox resolver thread - Equinox Container: 3392f462-e049-40a9-9359-f7c5dc632b13" daemon [_thread_blocked, id=25404, stack(0x0000009c92600000,0x0000009c92700000) (1024K)]
  0x000001ba0b89d7d0 JavaThread "Equinox resolver thread - Equinox Container: 3392f462-e049-40a9-9359-f7c5dc632b13" daemon [_thread_blocked, id=20708, stack(0x0000009c92700000,0x0000009c92800000) (1024K)]
  0x000001ba0bfb13c0 JavaThread "SCR Component Actor"        daemon [_thread_blocked, id=9992, stack(0x0000009c92a00000,0x0000009c92b00000) (1024K)]
  0x000001ba0bfb1a50 JavaThread "Worker-JM"                         [_thread_blocked, id=3052, stack(0x0000009c92c00000,0x0000009c92d00000) (1024K)]
  0x000001ba0bfb41b0 JavaThread "JNA Cleaner"                daemon [_thread_blocked, id=21472, stack(0x0000009c92d00000,0x0000009c92e00000) (1024K)]
  0x000001ba0bfb2770 JavaThread "Worker-0: Publish Diagnostics"        [_thread_in_vm, id=24108, stack(0x0000009c92e00000,0x0000009c92f00000) (1024K)]
  0x000001ba0bfb2e00 JavaThread "Worker-1"                          [_thread_blocked, id=17956, stack(0x0000009c92f00000,0x0000009c93000000) (1024K)]
  0x000001ba0bfb3b20 JavaThread "Worker-2"                          [_thread_blocked, id=18216, stack(0x0000009c93100000,0x0000009c93200000) (1024K)]
  0x000001ba0bfb3490 JavaThread "Thread-1"                   daemon [_thread_in_native, id=19844, stack(0x0000009c93200000,0x0000009c93300000) (1024K)]
  0x000001ba0bfb0d30 JavaThread "Thread-2"                   daemon [_thread_in_native, id=28952, stack(0x0000009c93300000,0x0000009c93400000) (1024K)]
  0x000001ba0bfb6280 JavaThread "Thread-3"                   daemon [_thread_in_native, id=18628, stack(0x0000009c93400000,0x0000009c93500000) (1024K)]
  0x000001ba0bfb4840 JavaThread "Thread-4"                   daemon [_thread_in_native, id=13004, stack(0x0000009c93500000,0x0000009c93600000) (1024K)]
  0x000001ba0bfb7630 JavaThread "Thread-5"                   daemon [_thread_in_native, id=22440, stack(0x0000009c93600000,0x0000009c93700000) (1024K)]
  0x000001ba0bfb4ed0 JavaThread "Thread-6"                   daemon [_thread_in_native, id=7020, stack(0x0000009c93700000,0x0000009c93800000) (1024K)]
  0x000001ba0bfb5560 JavaThread "Thread-7"                   daemon [_thread_in_native, id=26692, stack(0x0000009c93800000,0x0000009c93900000) (1024K)]
  0x000001ba0bfb6910 JavaThread "Thread-8"                   daemon [_thread_in_native, id=29152, stack(0x0000009c93900000,0x0000009c93a00000) (1024K)]
  0x000001ba0bfb8350 JavaThread "Thread-9"                   daemon [_thread_in_native, id=13048, stack(0x0000009c93a00000,0x0000009c93b00000) (1024K)]
  0x000001ba0bfb6fa0 JavaThread "Thread-10"                  daemon [_thread_in_native, id=29564, stack(0x0000009c93b00000,0x0000009c93c00000) (1024K)]
  0x000001ba0bfb7cc0 JavaThread "Thread-11"                  daemon [_thread_in_native, id=29964, stack(0x0000009c93c00000,0x0000009c93d00000) (1024K)]
  0x000001ba0bfb5bf0 JavaThread "Thread-12"                  daemon [_thread_in_native, id=17808, stack(0x0000009c93d00000,0x0000009c93e00000) (1024K)]
  0x000001ba0d097f40 JavaThread "Thread-13"                  daemon [_thread_in_native, id=23272, stack(0x0000009c93e00000,0x0000009c93f00000) (1024K)]
  0x000001ba0d0992f0 JavaThread "pool-2-thread-1"                   [_thread_blocked, id=1408, stack(0x0000009c93f00000,0x0000009c94000000) (1024K)]
  0x000001ba0d096500 JavaThread "WorkspaceEventsHandler"            [_thread_blocked, id=20520, stack(0x0000009c94000000,0x0000009c94100000) (1024K)]
  0x000001ba0d0985d0 JavaThread "pool-1-thread-1"                   [_thread_blocked, id=29940, stack(0x0000009c94100000,0x0000009c94200000) (1024K)]
  0x000001ba0c469440 JavaThread "C2 CompilerThread1"         daemon [_thread_in_native, id=8724, stack(0x0000009c90f00000,0x0000009c91000000) (1024K)]
  0x000001ba0e5248d0 JavaThread "C2 CompilerThread2"         daemon [_thread_in_native, id=27780, stack(0x0000009c94200000,0x0000009c94300000) (1024K)]
Total: 51

Other Threads:
  0x000001b9a725e970 VMThread "VM Thread"                           [id=27456, stack(0x0000009c90500000,0x0000009c90600000) (1024K)]
  0x000001b9c330ca00 WatcherThread "VM Periodic Task Thread"        [id=17068, stack(0x0000009c90400000,0x0000009c90500000) (1024K)]
  0x000001b9a71b9260 WorkerThread "GC Thread#0"                     [id=8580, stack(0x0000009c90300000,0x0000009c90400000) (1024K)]
  0x000001ba0b8a2f40 WorkerThread "GC Thread#1"                     [id=5020, stack(0x0000009c91200000,0x0000009c91300000) (1024K)]
  0x000001ba0b1cf3b0 WorkerThread "GC Thread#2"                     [id=28632, stack(0x0000009c91300000,0x0000009c91400000) (1024K)]
  0x000001ba0b1cf760 WorkerThread "GC Thread#3"                     [id=21388, stack(0x0000009c91400000,0x0000009c91500000) (1024K)]
  0x000001ba0b200d20 WorkerThread "GC Thread#4"                     [id=16948, stack(0x0000009c91500000,0x0000009c91600000) (1024K)]
  0x000001ba0b2010d0 WorkerThread "GC Thread#5"                     [id=14460, stack(0x0000009c91600000,0x0000009c91700000) (1024K)]
  0x000001ba0b201480 WorkerThread "GC Thread#6"                     [id=26348, stack(0x0000009c91700000,0x0000009c91800000) (1024K)]
  0x000001ba0b0968a0 WorkerThread "GC Thread#7"                     [id=6444, stack(0x0000009c92000000,0x0000009c92100000) (1024K)]
  0x000001ba0bcf4b20 WorkerThread "GC Thread#8"                     [id=29208, stack(0x0000009c92900000,0x0000009c92a00000) (1024K)]
  0x000001ba0bcee220 WorkerThread "GC Thread#9"                     [id=30660, stack(0x0000009c92b00000,0x0000009c92c00000) (1024K)]
Total: 12

Threads with active compile tasks:
C2 CompilerThread0  10152 6600 % !   4       org.eclipse.jdt.internal.compiler.classfmt.ClassFileReader::<init> @ 81 (1968 bytes)
C1 CompilerThread0  10152 6722       3       org.eclipse.jdt.internal.compiler.codegen.ConstantPool::literalIndex (400 bytes)
C2 CompilerThread1  10152 6628   !   4       lombok.core.AST::buildWithField0 (121 bytes)
C2 CompilerThread2  10152 6629       4       lombok.core.AST::buildWithField (21 bytes)
Total: 4

VM state: not at safepoint (normal execution)

VM Mutex/Monitor currently owned by a thread:  ([mutex/lock_event])
[0x00007ff8d4c19b38] Metaspace_lock - owner thread: 0x000001ba065a5d60

Heap address: 0x0000000080000000, size: 2048 MB, Compressed Oops mode: 32-bit

CDS archive(s) mapped at: [0x000001b9c4000000-0x000001b9c4c60000-0x000001b9c4c60000), size 12976128, SharedBaseAddress: 0x000001b9c4000000, ArchiveRelocationMode: 1.
Compressed class space mapped at: 0x000001b9c5000000-0x000001ba05000000, reserved size: 1073741824
Narrow klass base: 0x000001b9c4000000, Narrow klass shift: 0, Narrow klass range: 0x41000000

GC Precious Log:
 CardTable entry size: 512
 CPUs: 12 total, 12 available
 Memory: 15773M
 Large Page Support: Disabled
 NUMA Support: Disabled
 Compressed Oops: Enabled (32-bit)
 Alignments: Space 512K, Generation 512K, Heap 2M
 Heap Min Capacity: 100M
 Heap Initial Capacity: 100M
 Heap Max Capacity: 2G
 Pre-touch: Disabled
 Parallel Workers: 10

Heap:
 PSYoungGen      total 20992K, used 6520K [0x00000000d5580000, 0x00000000d6d00000, 0x0000000100000000)
  eden space 17920K, 20% used [0x00000000d5580000,0x00000000d5919a50,0x00000000d6700000)
  from space 3072K, 92% used [0x00000000d6700000,0x00000000d69c4898,0x00000000d6a00000)
  to   space 3072K, 0% used [0x00000000d6a00000,0x00000000d6a00000,0x00000000d6d00000)
 ParOldGen       total 68608K, used 33395K [0x0000000080000000, 0x0000000084300000, 0x00000000d5580000)
  object space 68608K, 48% used [0x0000000080000000,0x000000008209cc68,0x0000000084300000)
 Metaspace       used 42747K, committed 43712K, reserved 1114112K
  class space    used 4223K, committed 4672K, reserved 1048576K

Card table byte_map: [0x000001b9be770000,0x000001b9beb80000] _byte_map_base: 0x000001b9be370000

Marking Bits: (ParMarkBitMap*) 0x00007ff8d4c20b50
 Begin Bits: [0x000001b9bee30000, 0x000001b9c0e30000)
 End Bits:   [0x000001b9c0e30000, 0x000001b9c2e30000)

Polling page: 0x000001b9a5750000

Metaspace:

Usage:
  Non-class:     37.62 MB used.
      Class:      4.12 MB used.
       Both:     41.75 MB used.

Virtual space:
  Non-class space:       64.00 MB reserved,      38.12 MB ( 60%) committed,  1 nodes.
      Class space:        1.00 GB reserved,       4.56 MB ( <1%) committed,  1 nodes.
             Both:        1.06 GB reserved,      42.69 MB (  4%) committed. 

Chunk freelists:
   Non-Class:  9.80 MB
       Class:  11.38 MB
        Both:  21.18 MB

MaxMetaspaceSize: unlimited
CompressedClassSpaceSize: 1.00 GB
Initial GC threshold: 21.00 MB
Current GC threshold: 58.38 MB
CDS: on
 - commit_granule_bytes: 65536.
 - commit_granule_words: 8192.
 - virtual_space_node_default_size: 8388608.
 - enlarge_chunks_in_place: 1.
 - use_allocation_guard: 0.


Internal statistics:

num_allocs_failed_limit: 8.
num_arena_births: 810.
num_arena_deaths: 14.
num_vsnodes_births: 2.
num_vsnodes_deaths: 0.
num_space_committed: 683.
num_space_uncommitted: 0.
num_chunks_returned_to_freelist: 22.
num_chunks_taken_from_freelist: 2556.
num_chunk_merges: 12.
num_chunk_splits: 1656.
num_chunks_enlarged: 1078.
num_inconsistent_stats: 0.

CodeHeap 'non-profiled nmethods': size=120000Kb used=3831Kb max_used=3831Kb free=116168Kb
 bounds [0x000001b9b7060000, 0x000001b9b7420000, 0x000001b9be590000]
CodeHeap 'profiled nmethods': size=120000Kb used=14071Kb max_used=14071Kb free=105928Kb
 bounds [0x000001b9af590000, 0x000001b9b0350000, 0x000001b9b6ac0000]
CodeHeap 'non-nmethods': size=5760Kb used=1408Kb max_used=1481Kb free=4351Kb
 bounds [0x000001b9b6ac0000, 0x000001b9b6d30000, 0x000001b9b7060000]
 total_blobs=6925 nmethods=6210 adapters=621
 compilation: enabled
              stopped_count=0, restarted_count=0
 full_count=0

Compilation events (20 events):
Event: 10.038 Thread 0x000001ba065a5d60 6656       3       org.eclipse.jdt.internal.compiler.lookup.ReferenceBinding::isDeprecated (15 bytes)
Event: 10.039 Thread 0x000001ba065a5d60 nmethod 6656 0x000001b9b031d790 code [0x000001b9b031d920, 0x000001b9b031da98]
Event: 10.039 Thread 0x000001ba0c469440 nmethod 6617 0x000001b9b7412190 code [0x000001b9b7412680, 0x000001b9b7415ca8]
Event: 10.040 Thread 0x000001ba0c469440 6653       4       org.eclipse.jdt.internal.compiler.util.HashtableOfType::get (68 bytes)
Event: 10.040 Thread 0x000001ba065a5d60 6657       3       org.eclipse.jdt.internal.compiler.lookup.SourceTypeBinding::typeVariables (38 bytes)
Event: 10.041 Thread 0x000001ba065a5d60 nmethod 6657 0x000001b9b031db10 code [0x000001b9b031dce0, 0x000001b9b031e0b8]
Event: 10.041 Thread 0x000001ba065a5d60 6658       3       org.eclipse.jdt.internal.compiler.ast.StringLiteral::computeConstant (15 bytes)
Event: 10.041 Thread 0x000001ba065a5d60 nmethod 6658 0x000001b9b031e210 code [0x000001b9b031e400, 0x000001b9b031e8d0]
Event: 10.041 Thread 0x000001ba065a5d60 6659       3       org.eclipse.jdt.internal.compiler.ast.StringLiteral::source (55 bytes)
Event: 10.041 Thread 0x000001ba065a5d60 nmethod 6659 0x000001b9b031ea90 code [0x000001b9b031ec60, 0x000001b9b031f2a8]
Event: 10.042 Thread 0x000001ba065a5d60 6660       3       org.eclipse.jdt.internal.compiler.lookup.TypeVariableBinding::unannotated (20 bytes)
Event: 10.042 Thread 0x000001ba065a5d60 nmethod 6660 0x000001b9b031f410 code [0x000001b9b031f5e0, 0x000001b9b031f8c8]
Event: 10.042 Thread 0x000001ba065a5d60 6661       3       org.eclipse.jdt.internal.compiler.lookup.InferenceSubstitution::getP (10 bytes)
Event: 10.042 Thread 0x000001ba065a5d60 nmethod 6661 0x000001b9b031fa10 code [0x000001b9b031fba0, 0x000001b9b031fce0]
Event: 10.042 Thread 0x000001ba065a5d60 6662       3       org.eclipse.jdt.internal.compiler.lookup.TypeBinding::collectInferenceVariables (1 bytes)
Event: 10.042 Thread 0x000001ba065a5d60 nmethod 6662 0x000001b9b031fe10 code [0x000001b9b031ffa0, 0x000001b9b03200a8]
Event: 10.042 Thread 0x000001ba065a5d60 6663   !   3       org.eclipse.jdt.internal.compiler.lookup.ParameterizedTypeBinding::getMethods (314 bytes)
Event: 10.043 Thread 0x000001ba0c469440 nmethod 6653 0x000001b9b7417e10 code [0x000001b9b7417fe0, 0x000001b9b74185e0]
Event: 10.043 Thread 0x000001ba0c469440 6651       4       org.eclipse.jdt.internal.compiler.lookup.BinaryTypeBinding::kind (31 bytes)
Event: 10.044 Thread 0x000001ba065a5d60 nmethod 6663 0x000001b9b0320110 code [0x000001b9b03203e0, 0x000001b9b0321548]

GC Heap History (20 events):
Event: 5.873 GC heap before
{Heap before GC invocations=18 (full 1):
 PSYoungGen      total 23552K, used 23136K [0x00000000d5580000, 0x00000000d6f80000, 0x0000000100000000)
  eden space 20992K, 100% used [0x00000000d5580000,0x00000000d6a00000,0x00000000d6a00000)
  from space 2560K, 83% used [0x00000000d6d00000,0x00000000d6f18010,0x00000000d6f80000)
  to   space 2560K, 0% used [0x00000000d6a80000,0x00000000d6a80000,0x00000000d6d00000)
 ParOldGen       total 68608K, used 24461K [0x0000000080000000, 0x0000000084300000, 0x00000000d5580000)
  object space 68608K, 35% used [0x0000000080000000,0x00000000817e3660,0x0000000084300000)
 Metaspace       used 32961K, committed 33856K, reserved 1114112K
  class space    used 3278K, committed 3712K, reserved 1048576K
}
Event: 5.876 GC heap after
{Heap after GC invocations=18 (full 1):
 PSYoungGen      total 23040K, used 1848K [0x00000000d5580000, 0x00000000d6e00000, 0x0000000100000000)
  eden space 20992K, 0% used [0x00000000d5580000,0x00000000d5580000,0x00000000d6a00000)
  from space 2048K, 90% used [0x00000000d6a80000,0x00000000d6c4e200,0x00000000d6c80000)
  to   space 1536K, 0% used [0x00000000d6c80000,0x00000000d6c80000,0x00000000d6e00000)
 ParOldGen       total 68608K, used 26485K [0x0000000080000000, 0x0000000084300000, 0x00000000d5580000)
  object space 68608K, 38% used [0x0000000080000000,0x00000000819dd670,0x0000000084300000)
 Metaspace       used 32961K, committed 33856K, reserved 1114112K
  class space    used 3278K, committed 3712K, reserved 1048576K
}
Event: 6.330 GC heap before
{Heap before GC invocations=19 (full 1):
 PSYoungGen      total 23040K, used 22840K [0x00000000d5580000, 0x00000000d6e00000, 0x0000000100000000)
  eden space 20992K, 100% used [0x00000000d5580000,0x00000000d6a00000,0x00000000d6a00000)
  from space 2048K, 90% used [0x00000000d6a80000,0x00000000d6c4e200,0x00000000d6c80000)
  to   space 1536K, 0% used [0x00000000d6c80000,0x00000000d6c80000,0x00000000d6e00000)
 ParOldGen       total 68608K, used 26485K [0x0000000080000000, 0x0000000084300000, 0x00000000d5580000)
  object space 68608K, 38% used [0x0000000080000000,0x00000000819dd670,0x0000000084300000)
 Metaspace       used 34194K, committed 35136K, reserved 1114112K
  class space    used 3435K, committed 3840K, reserved 1048576K
}
Event: 6.331 GC heap after
{Heap after GC invocations=19 (full 1):
 PSYoungGen      total 21504K, used 1512K [0x00000000d5580000, 0x00000000d7100000, 0x0000000100000000)
  eden space 19968K, 0% used [0x00000000d5580000,0x00000000d5580000,0x00000000d6900000)
  from space 1536K, 98% used [0x00000000d6c80000,0x00000000d6dfa2c8,0x00000000d6e00000)
  to   space 3584K, 0% used [0x00000000d6900000,0x00000000d6900000,0x00000000d6c80000)
 ParOldGen       total 68608K, used 28254K [0x0000000080000000, 0x0000000084300000, 0x00000000d5580000)
  object space 68608K, 41% used [0x0000000080000000,0x0000000081b97870,0x0000000084300000)
 Metaspace       used 34194K, committed 35136K, reserved 1114112K
  class space    used 3435K, committed 3840K, reserved 1048576K
}
Event: 6.486 GC heap before
{Heap before GC invocations=20 (full 1):
 PSYoungGen      total 21504K, used 4801K [0x00000000d5580000, 0x00000000d7100000, 0x0000000100000000)
  eden space 19968K, 16% used [0x00000000d5580000,0x00000000d58b6500,0x00000000d6900000)
  from space 1536K, 98% used [0x00000000d6c80000,0x00000000d6dfa2c8,0x00000000d6e00000)
  to   space 3584K, 0% used [0x00000000d6900000,0x00000000d6900000,0x00000000d6c80000)
 ParOldGen       total 68608K, used 28254K [0x0000000080000000, 0x0000000084300000, 0x00000000d5580000)
  object space 68608K, 41% used [0x0000000080000000,0x0000000081b97870,0x0000000084300000)
 Metaspace       used 35001K, committed 35840K, reserved 1114112K
  class space    used 3514K, committed 3904K, reserved 1048576K
}
Event: 6.488 GC heap after
{Heap after GC invocations=20 (full 1):
 PSYoungGen      total 20480K, used 288K [0x00000000d5580000, 0x00000000d6d00000, 0x0000000100000000)
  eden space 19968K, 0% used [0x00000000d5580000,0x00000000d5580000,0x00000000d6900000)
  from space 512K, 56% used [0x00000000d6900000,0x00000000d6948000,0x00000000d6980000)
  to   space 1536K, 0% used [0x00000000d6b80000,0x00000000d6b80000,0x00000000d6d00000)
 ParOldGen       total 68608K, used 29684K [0x0000000080000000, 0x0000000084300000, 0x00000000d5580000)
  object space 68608K, 43% used [0x0000000080000000,0x0000000081cfd358,0x0000000084300000)
 Metaspace       used 35001K, committed 35840K, reserved 1114112K
  class space    used 3514K, committed 3904K, reserved 1048576K
}
Event: 6.488 GC heap before
{Heap before GC invocations=21 (full 2):
 PSYoungGen      total 20480K, used 288K [0x00000000d5580000, 0x00000000d6d00000, 0x0000000100000000)
  eden space 19968K, 0% used [0x00000000d5580000,0x00000000d5580000,0x00000000d6900000)
  from space 512K, 56% used [0x00000000d6900000,0x00000000d6948000,0x00000000d6980000)
  to   space 1536K, 0% used [0x00000000d6b80000,0x00000000d6b80000,0x00000000d6d00000)
 ParOldGen       total 68608K, used 29684K [0x0000000080000000, 0x0000000084300000, 0x00000000d5580000)
  object space 68608K, 43% used [0x0000000080000000,0x0000000081cfd358,0x0000000084300000)
 Metaspace       used 35001K, committed 35840K, reserved 1114112K
  class space    used 3514K, committed 3904K, reserved 1048576K
}
Event: 6.542 GC heap after
{Heap after GC invocations=21 (full 2):
 PSYoungGen      total 20480K, used 0K [0x00000000d5580000, 0x00000000d6d00000, 0x0000000100000000)
  eden space 19968K, 0% used [0x00000000d5580000,0x00000000d5580000,0x00000000d6900000)
  from space 512K, 0% used [0x00000000d6900000,0x00000000d6900000,0x00000000d6980000)
  to   space 1536K, 0% used [0x00000000d6b80000,0x00000000d6b80000,0x00000000d6d00000)
 ParOldGen       total 68608K, used 28734K [0x0000000080000000, 0x0000000084300000, 0x00000000d5580000)
  object space 68608K, 41% used [0x0000000080000000,0x0000000081c0f998,0x0000000084300000)
 Metaspace       used 35001K, committed 35840K, reserved 1114112K
  class space    used 3514K, committed 3904K, reserved 1048576K
}
Event: 7.280 GC heap before
{Heap before GC invocations=22 (full 2):
 PSYoungGen      total 20480K, used 19968K [0x00000000d5580000, 0x00000000d6d00000, 0x0000000100000000)
  eden space 19968K, 100% used [0x00000000d5580000,0x00000000d6900000,0x00000000d6900000)
  from space 512K, 0% used [0x00000000d6900000,0x00000000d6900000,0x00000000d6980000)
  to   space 1536K, 0% used [0x00000000d6b80000,0x00000000d6b80000,0x00000000d6d00000)
 ParOldGen       total 68608K, used 28734K [0x0000000080000000, 0x0000000084300000, 0x00000000d5580000)
  object space 68608K, 41% used [0x0000000080000000,0x0000000081c0f998,0x0000000084300000)
 Metaspace       used 35863K, committed 36800K, reserved 1114112K
  class space    used 3623K, committed 4032K, reserved 1048576K
}
Event: 7.281 GC heap after
{Heap after GC invocations=22 (full 2):
 PSYoungGen      total 20480K, used 480K [0x00000000d5580000, 0x00000000d6c00000, 0x0000000100000000)
  eden space 19968K, 0% used [0x00000000d5580000,0x00000000d5580000,0x00000000d6900000)
  from space 512K, 93% used [0x00000000d6b80000,0x00000000d6bf8000,0x00000000d6c00000)
  to   space 1024K, 0% used [0x00000000d6a00000,0x00000000d6a00000,0x00000000d6b00000)
 ParOldGen       total 68608K, used 28742K [0x0000000080000000, 0x0000000084300000, 0x00000000d5580000)
  object space 68608K, 41% used [0x0000000080000000,0x0000000081c11998,0x0000000084300000)
 Metaspace       used 35863K, committed 36800K, reserved 1114112K
  class space    used 3623K, committed 4032K, reserved 1048576K
}
Event: 7.683 GC heap before
{Heap before GC invocations=23 (full 2):
 PSYoungGen      total 20480K, used 20448K [0x00000000d5580000, 0x00000000d6c00000, 0x0000000100000000)
  eden space 19968K, 100% used [0x00000000d5580000,0x00000000d6900000,0x00000000d6900000)
  from space 512K, 93% used [0x00000000d6b80000,0x00000000d6bf8000,0x00000000d6c00000)
  to   space 1024K, 0% used [0x00000000d6a00000,0x00000000d6a00000,0x00000000d6b00000)
 ParOldGen       total 68608K, used 28742K [0x0000000080000000, 0x0000000084300000, 0x00000000d5580000)
  object space 68608K, 41% used [0x0000000080000000,0x0000000081c11998,0x0000000084300000)
 Metaspace       used 36881K, committed 37824K, reserved 1114112K
  class space    used 3712K, committed 4160K, reserved 1048576K
}
Event: 7.684 GC heap after
{Heap after GC invocations=23 (full 2):
 PSYoungGen      total 20992K, used 1011K [0x00000000d5580000, 0x00000000d6d00000, 0x0000000100000000)
  eden space 19968K, 0% used [0x00000000d5580000,0x00000000d5580000,0x00000000d6900000)
  from space 1024K, 98% used [0x00000000d6a00000,0x00000000d6afcfa0,0x00000000d6b00000)
  to   space 2048K, 0% used [0x00000000d6b00000,0x00000000d6b00000,0x00000000d6d00000)
 ParOldGen       total 68608K, used 29329K [0x0000000080000000, 0x0000000084300000, 0x00000000d5580000)
  object space 68608K, 42% used [0x0000000080000000,0x0000000081ca45f8,0x0000000084300000)
 Metaspace       used 36881K, committed 37824K, reserved 1114112K
  class space    used 3712K, committed 4160K, reserved 1048576K
}
Event: 7.757 GC heap before
{Heap before GC invocations=24 (full 2):
 PSYoungGen      total 20992K, used 20979K [0x00000000d5580000, 0x00000000d6d00000, 0x0000000100000000)
  eden space 19968K, 100% used [0x00000000d5580000,0x00000000d6900000,0x00000000d6900000)
  from space 1024K, 98% used [0x00000000d6a00000,0x00000000d6afcfa0,0x00000000d6b00000)
  to   space 2048K, 0% used [0x00000000d6b00000,0x00000000d6b00000,0x00000000d6d00000)
 ParOldGen       total 68608K, used 29329K [0x0000000080000000, 0x0000000084300000, 0x00000000d5580000)
  object space 68608K, 42% used [0x0000000080000000,0x0000000081ca45f8,0x0000000084300000)
 Metaspace       used 36899K, committed 37888K, reserved 1114112K
  class space    used 3712K, committed 4160K, reserved 1048576K
}
Event: 7.759 GC heap after
{Heap after GC invocations=24 (full 2):
 PSYoungGen      total 20992K, used 681K [0x00000000d5580000, 0x00000000d6c00000, 0x0000000100000000)
  eden space 19968K, 0% used [0x00000000d5580000,0x00000000d5580000,0x00000000d6900000)
  from space 1024K, 66% used [0x00000000d6b00000,0x00000000d6baa7d8,0x00000000d6c00000)
  to   space 1024K, 0% used [0x00000000d6a00000,0x00000000d6a00000,0x00000000d6b00000)
 ParOldGen       total 68608K, used 29999K [0x0000000080000000, 0x0000000084300000, 0x00000000d5580000)
  object space 68608K, 43% used [0x0000000080000000,0x0000000081d4bce8,0x0000000084300000)
 Metaspace       used 36899K, committed 37888K, reserved 1114112K
  class space    used 3712K, committed 4160K, reserved 1048576K
}
Event: 8.295 GC heap before
{Heap before GC invocations=25 (full 2):
 PSYoungGen      total 20992K, used 20649K [0x00000000d5580000, 0x00000000d6c00000, 0x0000000100000000)
  eden space 19968K, 100% used [0x00000000d5580000,0x00000000d6900000,0x00000000d6900000)
  from space 1024K, 66% used [0x00000000d6b00000,0x00000000d6baa7d8,0x00000000d6c00000)
  to   space 1024K, 0% used [0x00000000d6a00000,0x00000000d6a00000,0x00000000d6b00000)
 ParOldGen       total 68608K, used 29999K [0x0000000080000000, 0x0000000084300000, 0x00000000d5580000)
  object space 68608K, 43% used [0x0000000080000000,0x0000000081d4bce8,0x0000000084300000)
 Metaspace       used 39276K, committed 40256K, reserved 1114112K
  class space    used 3920K, committed 4352K, reserved 1048576K
}
Event: 8.296 GC heap after
{Heap after GC invocations=25 (full 2):
 PSYoungGen      total 20992K, used 995K [0x00000000d5580000, 0x00000000d6c00000, 0x0000000100000000)
  eden space 19968K, 0% used [0x00000000d5580000,0x00000000d5580000,0x00000000d6900000)
  from space 1024K, 97% used [0x00000000d6a00000,0x00000000d6af8ef0,0x00000000d6b00000)
  to   space 1024K, 0% used [0x00000000d6b00000,0x00000000d6b00000,0x00000000d6c00000)
 ParOldGen       total 68608K, used 30031K [0x0000000080000000, 0x0000000084300000, 0x00000000d5580000)
  object space 68608K, 43% used [0x0000000080000000,0x0000000081d53ce8,0x0000000084300000)
 Metaspace       used 39276K, committed 40256K, reserved 1114112K
  class space    used 3920K, committed 4352K, reserved 1048576K
}
Event: 8.947 GC heap before
{Heap before GC invocations=26 (full 2):
 PSYoungGen      total 20992K, used 20963K [0x00000000d5580000, 0x00000000d6c00000, 0x0000000100000000)
  eden space 19968K, 100% used [0x00000000d5580000,0x00000000d6900000,0x00000000d6900000)
  from space 1024K, 97% used [0x00000000d6a00000,0x00000000d6af8ef0,0x00000000d6b00000)
  to   space 1024K, 0% used [0x00000000d6b00000,0x00000000d6b00000,0x00000000d6c00000)
 ParOldGen       total 68608K, used 30031K [0x0000000080000000, 0x0000000084300000, 0x00000000d5580000)
  object space 68608K, 43% used [0x0000000080000000,0x0000000081d53ce8,0x0000000084300000)
 Metaspace       used 41956K, committed 42944K, reserved 1114112K
  class space    used 4196K, committed 4672K, reserved 1048576K
}
Event: 8.949 GC heap after
{Heap after GC invocations=26 (full 2):
 PSYoungGen      total 18944K, used 1022K [0x00000000d5580000, 0x00000000d7100000, 0x0000000100000000)
  eden space 17920K, 0% used [0x00000000d5580000,0x00000000d5580000,0x00000000d6700000)
  from space 1024K, 99% used [0x00000000d6b00000,0x00000000d6bffa58,0x00000000d6c00000)
  to   space 4096K, 0% used [0x00000000d6700000,0x00000000d6700000,0x00000000d6b00000)
 ParOldGen       total 68608K, used 32367K [0x0000000080000000, 0x0000000084300000, 0x00000000d5580000)
  object space 68608K, 47% used [0x0000000080000000,0x0000000081f9bea8,0x0000000084300000)
 Metaspace       used 41956K, committed 42944K, reserved 1114112K
  class space    used 4196K, committed 4672K, reserved 1048576K
}
Event: 9.871 GC heap before
{Heap before GC invocations=27 (full 2):
 PSYoungGen      total 18944K, used 18942K [0x00000000d5580000, 0x00000000d7100000, 0x0000000100000000)
  eden space 17920K, 100% used [0x00000000d5580000,0x00000000d6700000,0x00000000d6700000)
  from space 1024K, 99% used [0x00000000d6b00000,0x00000000d6bffa58,0x00000000d6c00000)
  to   space 4096K, 0% used [0x00000000d6700000,0x00000000d6700000,0x00000000d6b00000)
 ParOldGen       total 68608K, used 32367K [0x0000000080000000, 0x0000000084300000, 0x00000000d5580000)
  object space 68608K, 47% used [0x0000000080000000,0x0000000081f9bea8,0x0000000084300000)
 Metaspace       used 42608K, committed 43584K, reserved 1114112K
  class space    used 4221K, committed 4672K, reserved 1048576K
}
Event: 9.874 GC heap after
{Heap after GC invocations=27 (full 2):
 PSYoungGen      total 20992K, used 2834K [0x00000000d5580000, 0x00000000d6d00000, 0x0000000100000000)
  eden space 17920K, 0% used [0x00000000d5580000,0x00000000d5580000,0x00000000d6700000)
  from space 3072K, 92% used [0x00000000d6700000,0x00000000d69c4898,0x00000000d6a00000)
  to   space 3072K, 0% used [0x00000000d6a00000,0x00000000d6a00000,0x00000000d6d00000)
 ParOldGen       total 68608K, used 33395K [0x0000000080000000, 0x0000000084300000, 0x00000000d5580000)
  object space 68608K, 48% used [0x0000000080000000,0x000000008209cc68,0x0000000084300000)
 Metaspace       used 42608K, committed 43584K, reserved 1114112K
  class space    used 4221K, committed 4672K, reserved 1048576K
}

Dll operation events (11 events):
Event: 0.018 Loaded shared library C:\Program Files\Java\jdk-22\bin\java.dll
Event: 0.055 Loaded shared library C:\Program Files\Java\jdk-22\bin\jsvml.dll
Event: 0.113 Loaded shared library C:\Program Files\Java\jdk-22\bin\zip.dll
Event: 0.119 Loaded shared library C:\Program Files\Java\jdk-22\bin\instrument.dll
Event: 0.123 Loaded shared library C:\Program Files\Java\jdk-22\bin\net.dll
Event: 0.125 Loaded shared library C:\Program Files\Java\jdk-22\bin\nio.dll
Event: 0.130 Loaded shared library C:\Program Files\Java\jdk-22\bin\zip.dll
Event: 0.151 Loaded shared library C:\Program Files\Java\jdk-22\bin\jimage.dll
Event: 0.238 Loaded shared library C:\Program Files\Java\jdk-22\bin\verify.dll
Event: 1.761 Loaded shared library C:\Users\ASUS\AppData\Roaming\Code\User\globalStorage\redhat.java\1.48.0\config_ss_win\org.eclipse.equinox.launcher\org.eclipse.equinox.launcher.win32.win32.x86_64_1.2.1400.v20250801-0854\eclipse_11916.dll
Event: 2.957 Loaded shared library C:\Users\ASUS\AppData\Local\Temp\jna-2018896\jna6298594222722314006.dll

Deoptimization events (20 events):
Event: 9.309 Thread 0x000001ba0d0985d0 Uncommon trap: trap_request=0xffffff45 fr.pc=0x000001b9b72c82fc relative=0x000000000000013c
Event: 9.309 Thread 0x000001ba0d0985d0 Uncommon trap: reason=unstable_if action=reinterpret pc=0x000001b9b72c82fc method=java.util.ArrayList.equals(Ljava/lang/Object;)Z @ 27 c2
Event: 9.309 Thread 0x000001ba0d0985d0 DEOPT PACKING pc=0x000001b9b72c82fc sp=0x0000009c941fe8e0
Event: 9.309 Thread 0x000001ba0d0985d0 DEOPT UNPACKING pc=0x000001b9b6b13aa2 sp=0x0000009c941fe878 mode 2
Event: 9.908 Thread 0x000001ba0bfb2770 Uncommon trap: trap_request=0xffffff45 fr.pc=0x000001b9b7297fe4 relative=0x0000000000000164
Event: 9.908 Thread 0x000001ba0bfb2770 Uncommon trap: reason=unstable_if action=reinterpret pc=0x000001b9b7297fe4 method=org.eclipse.jdt.internal.core.util.WeakHashSet.cleanupGarbageCollectedValues()V @ 140 c2
Event: 9.908 Thread 0x000001ba0bfb2770 DEOPT PACKING pc=0x000001b9b7297fe4 sp=0x0000009c92efe710
Event: 9.908 Thread 0x000001ba0bfb2770 DEOPT UNPACKING pc=0x000001b9b6b13aa2 sp=0x0000009c92efe690 mode 2
Event: 9.918 Thread 0x000001ba0bfb2770 Uncommon trap: trap_request=0xffffff45 fr.pc=0x000001b9b73f4438 relative=0x00000000000086d8
Event: 9.918 Thread 0x000001ba0bfb2770 Uncommon trap: reason=unstable_if action=reinterpret pc=0x000001b9b73f4438 method=org.eclipse.jdt.internal.compiler.lookup.BinaryTypeBinding.createMethod(Lorg/eclipse/jdt/internal/compiler/env/IBinaryMethod;Lorg/eclipse/jdt/internal/compiler/env/IBinaryTy
Event: 9.918 Thread 0x000001ba0bfb2770 DEOPT PACKING pc=0x000001b9b73f4438 sp=0x0000009c92efdf50
Event: 9.918 Thread 0x000001ba0bfb2770 DEOPT UNPACKING pc=0x000001b9b6b13aa2 sp=0x0000009c92efdf18 mode 2
Event: 9.918 Thread 0x000001ba0bfb2770 Uncommon trap: trap_request=0xffffff6e fr.pc=0x000001b9b74067a0 relative=0x0000000000000360
Event: 9.918 Thread 0x000001ba0bfb2770 Uncommon trap: reason=loop_limit_check action=maybe_recompile pc=0x000001b9b74067a0 method=org.eclipse.jdt.core.compiler.CharOperation.concatWith([[CC)[C @ 121 c2
Event: 9.918 Thread 0x000001ba0bfb2770 DEOPT PACKING pc=0x000001b9b74067a0 sp=0x0000009c92efdd30
Event: 9.918 Thread 0x000001ba0bfb2770 DEOPT UNPACKING pc=0x000001b9b6b13aa2 sp=0x0000009c92efdce0 mode 2
Event: 9.957 Thread 0x000001ba0bfb2770 Uncommon trap: trap_request=0xffffffcc fr.pc=0x000001b9b73d4f6c relative=0x0000000000001b0c
Event: 9.957 Thread 0x000001ba0bfb2770 Uncommon trap: reason=intrinsic_or_type_checked_inlining action=make_not_entrant pc=0x000001b9b73d4f6c method=java.util.ArrayList$SubList.toArray([Ljava/lang/Object;)[Ljava/lang/Object; @ 58 c2
Event: 9.957 Thread 0x000001ba0bfb2770 DEOPT PACKING pc=0x000001b9b73d4f6c sp=0x0000009c92efdea0
Event: 9.957 Thread 0x000001ba0bfb2770 DEOPT UNPACKING pc=0x000001b9b6b13aa2 sp=0x0000009c92efddd8 mode 2

Classes loaded (20 events):
Event: 8.234 Loading class java/util/WeakHashMap$KeyIterator
Event: 8.235 Loading class java/util/WeakHashMap$KeyIterator done
Event: 8.261 Loading class java/io/FileReader
Event: 8.261 Loading class java/io/FileReader done
Event: 8.262 Loading class java/lang/UnsupportedClassVersionError
Event: 8.262 Loading class java/lang/UnsupportedClassVersionError done
Event: 8.327 Loading class java/util/stream/MatchOps$MatchKind
Event: 8.328 Loading class java/util/stream/MatchOps$MatchKind done
Event: 8.328 Loading class java/util/stream/MatchOps
Event: 8.328 Loading class java/util/stream/MatchOps done
Event: 8.328 Loading class java/util/stream/MatchOps$MatchOp
Event: 8.329 Loading class java/util/stream/MatchOps$MatchOp done
Event: 8.329 Loading class java/util/stream/MatchOps$BooleanTerminalSink
Event: 8.330 Loading class java/util/stream/MatchOps$BooleanTerminalSink done
Event: 8.330 Loading class java/util/stream/MatchOps$1MatchSink
Event: 8.331 Loading class java/util/stream/MatchOps$1MatchSink done
Event: 8.470 Loading class java/util/stream/ReduceOps$4
Event: 8.471 Loading class java/util/stream/ReduceOps$4 done
Event: 8.471 Loading class java/util/stream/ReduceOps$4ReducingSink
Event: 8.471 Loading class java/util/stream/ReduceOps$4ReducingSink done

Classes unloaded (7 events):
Event: 3.469 Thread 0x000001b9a725e970 Unloading class 0x000001b9c519a800 'java/lang/invoke/LambdaForm$MH+0x000001b9c519a800'
Event: 3.469 Thread 0x000001b9a725e970 Unloading class 0x000001b9c519a400 'java/lang/invoke/LambdaForm$MH+0x000001b9c519a400'
Event: 3.469 Thread 0x000001b9a725e970 Unloading class 0x000001b9c519a000 'java/lang/invoke/LambdaForm$MH+0x000001b9c519a000'
Event: 3.469 Thread 0x000001b9a725e970 Unloading class 0x000001b9c5199c00 'java/lang/invoke/LambdaForm$MH+0x000001b9c5199c00'
Event: 3.469 Thread 0x000001b9a725e970 Unloading class 0x000001b9c5199800 'java/lang/invoke/LambdaForm$BMH+0x000001b9c5199800'
Event: 3.469 Thread 0x000001b9a725e970 Unloading class 0x000001b9c5199400 'java/lang/invoke/LambdaForm$DMH+0x000001b9c5199400'
Event: 3.469 Thread 0x000001b9a725e970 Unloading class 0x000001b9c5198000 'java/lang/invoke/LambdaForm$DMH+0x000001b9c5198000'

Classes redefined (0 events):
No events

Internal exceptions (20 events):
Event: 4.988 Thread 0x000001ba0d0985d0 Exception <a 'java/lang/NoSuchMethodError'{0x00000000d66613d8}: 'java.lang.Object java.lang.invoke.DelegatingMethodHandle$Holder.reinvoke_L(java.lang.Object, int, long, java.lang.Object, java.lang.Object, int, java.lang.Object)'> (0x00000000d66613d8) 
thrown [s\open\src\hotspot\share\interpreter\linkResolver.cpp, line 774]
Event: 5.130 Thread 0x000001ba0d0985d0 Exception <a 'java/lang/NoSuchMethodError'{0x00000000d55983d8}: 'java.lang.Object java.lang.invoke.DirectMethodHandle$Holder.invokeStaticInit(java.lang.Object, java.lang.Object, java.lang.Object, java.lang.Object, java.lang.Object, java.lang.Object, java.lang.Object)'> (0x00000000d55983d8) 
thrown [s\open\src\hotspot\share\interpreter\linkResolver.cpp, line 774]
Event: 5.130 Thread 0x000001ba0d0985d0 Exception <a 'java/lang/NoSuchMethodError'{0x00000000d559d520}: 'java.lang.Object java.lang.invoke.Invokers$Holder.invoke_MT(java.lang.Object, java.lang.Object, java.lang.Object, java.lang.Object, java.lang.Object, java.lang.Object, java.lang.Object, java.lang.Object, java.lang.Object, java.lang.Object)'> (0x00000000d559d520) 
thrown [s\open\src\hotspot\share\interpreter\linkResolver.cpp, line 774]
Event: 5.138 Thread 0x000001ba0d0985d0 Exception <a 'java/lang/NoSuchMethodError'{0x00000000d55df798}: 'int java.lang.invoke.DirectMethodHandle$Holder.invokeVirtual(java.lang.Object, java.lang.Object, java.lang.Object)'> (0x00000000d55df798) 
thrown [s\open\src\hotspot\share\interpreter\linkResolver.cpp, line 774]
Event: 5.139 Thread 0x000001ba0d0985d0 Exception <a 'java/lang/NoSuchMethodError'{0x00000000d55e3b30}: 'int java.lang.invoke.DirectMethodHandle$Holder.invokeStaticInit(java.lang.Object, int, int)'> (0x00000000d55e3b30) 
thrown [s\open\src\hotspot\share\interpreter\linkResolver.cpp, line 774]
Event: 5.140 Thread 0x000001ba0d0985d0 Exception <a 'java/lang/NoSuchMethodError'{0x00000000d55eb2b8}: 'int java.lang.invoke.DirectMethodHandle$Holder.invokeStaticInit(java.lang.Object, long, long)'> (0x00000000d55eb2b8) 
thrown [s\open\src\hotspot\share\interpreter\linkResolver.cpp, line 774]
Event: 5.140 Thread 0x000001ba0d0985d0 Exception <a 'java/lang/NoSuchMethodError'{0x00000000d55f1fe0}: 'int java.lang.invoke.DirectMethodHandle$Holder.invokeStaticInit(java.lang.Object, float, float)'> (0x00000000d55f1fe0) 
thrown [s\open\src\hotspot\share\interpreter\linkResolver.cpp, line 774]
Event: 5.141 Thread 0x000001ba0d0985d0 Exception <a 'java/lang/NoSuchMethodError'{0x00000000d55f8d00}: 'int java.lang.invoke.DirectMethodHandle$Holder.invokeStaticInit(java.lang.Object, double, double)'> (0x00000000d55f8d00) 
thrown [s\open\src\hotspot\share\interpreter\linkResolver.cpp, line 774]
Event: 5.141 Thread 0x000001ba0d0985d0 Exception <a 'java/lang/NoSuchMethodError'{0x00000000d55fd540}: 'int java.lang.invoke.DirectMethodHandle$Holder.invokeStatic(java.lang.Object, long)'> (0x00000000d55fd540) 
thrown [s\open\src\hotspot\share\interpreter\linkResolver.cpp, line 774]
Event: 5.144 Thread 0x000001ba0d0985d0 Exception <a 'java/lang/NoSuchMethodError'{0x00000000d561c360}: 'int java.lang.invoke.Invokers$Holder.linkToTargetMethod(java.lang.Object, java.lang.Object)'> (0x00000000d561c360) 
thrown [s\open\src\hotspot\share\interpreter\linkResolver.cpp, line 774]
Event: 8.291 Thread 0x000001ba0d0985d0 Exception <a 'java/lang/NoSuchMethodError'{0x00000000d68e6a20}: 'int java.lang.invoke.Invokers$Holder.invokeExact_MT(java.lang.Object, java.lang.Object)'> (0x00000000d68e6a20) 
thrown [s\open\src\hotspot\share\interpreter\linkResolver.cpp, line 774]
Event: 8.383 Thread 0x000001ba0d0985d0 Exception <a 'java/lang/NoSuchMethodError'{0x00000000d57bb0d8}: 'int java.lang.invoke.DirectMethodHandle$Holder.invokeInterface(java.lang.Object, java.lang.Object)'> (0x00000000d57bb0d8) 
thrown [s\open\src\hotspot\share\interpreter\linkResolver.cpp, line 774]
Event: 8.384 Thread 0x000001ba0d0985d0 Exception <a 'java/lang/IncompatibleClassChangeError'{0x00000000d57be398}: Found class java.lang.Object, but interface was expected> (0x00000000d57be398) 
thrown [s\open\src\hotspot\share\interpreter\linkResolver.cpp, line 841]
Event: 8.477 Thread 0x000001ba0d0985d0 Exception <a 'java/lang/NoSuchMethodError'{0x00000000d5ab4a58}: 'int java.lang.invoke.DirectMethodHandle$Holder.invokeSpecialIFC(java.lang.Object, java.lang.Object, java.lang.Object)'> (0x00000000d5ab4a58) 
thrown [s\open\src\hotspot\share\interpreter\linkResolver.cpp, line 774]
Event: 8.498 Thread 0x000001ba0d0985d0 Exception <a 'java/io/FileNotFoundException'{0x00000000d5b69628}> (0x00000000d5b69628) 
thrown [s\open\src\hotspot\share\prims\jni.cpp, line 520]
Event: 8.498 Thread 0x000001ba0d0985d0 Exception <a 'java/io/FileNotFoundException'{0x00000000d5b6a8d0}> (0x00000000d5b6a8d0) 
thrown [s\open\src\hotspot\share\prims\jni.cpp, line 520]
Event: 8.514 Thread 0x000001ba0d0985d0 Implicit null exception at 0x000001b9b718604b to 0x000001b9b71861ac
Event: 8.645 Thread 0x000001ba0bfb3b20 Exception <a 'java/lang/NoSuchMethodError'{0x00000000d5f71f60}: 'java.lang.Object java.lang.invoke.DirectMethodHandle$Holder.invokeSpecial(java.lang.Object, java.lang.Object, int, long)'> (0x00000000d5f71f60) 
thrown [s\open\src\hotspot\share\interpreter\linkResolver.cpp, line 774]
Event: 8.660 Thread 0x000001ba0d0985d0 Exception <a 'java/lang/NoSuchMethodError'{0x00000000d5f8ea48}: 'int java.lang.invoke.DirectMethodHandle$Holder.invokeSpecial(java.lang.Object, java.lang.Object, java.lang.Object, java.lang.Object)'> (0x00000000d5f8ea48) 
thrown [s\open\src\hotspot\share\interpreter\linkResolver.cpp, line 774]
Event: 8.951 Thread 0x000001ba0d0985d0 Implicit null exception at 0x000001b9b719e523 to 0x000001b9b719e8b8

ZGC Phase Switch (0 events):
No events

VM Operations (20 events):
Event: 8.294 Executing VM operation: ParallelGCFailedAllocation (Allocation Failure)
Event: 8.296 Executing VM operation: ParallelGCFailedAllocation (Allocation Failure) done
Event: 8.482 Executing VM operation: HandshakeAllThreads (Deoptimize)
Event: 8.482 Executing VM operation: HandshakeAllThreads (Deoptimize) done
Event: 8.590 Executing VM operation: HandshakeAllThreads (Deoptimize)
Event: 8.590 Executing VM operation: HandshakeAllThreads (Deoptimize) done
Event: 8.770 Executing VM operation: ICBufferFull
Event: 8.770 Executing VM operation: ICBufferFull done
Event: 8.947 Executing VM operation: ParallelGCFailedAllocation (Allocation Failure)
Event: 8.949 Executing VM operation: ParallelGCFailedAllocation (Allocation Failure) done
Event: 9.050 Executing VM operation: HandshakeAllThreads (Deoptimize)
Event: 9.050 Executing VM operation: HandshakeAllThreads (Deoptimize) done
Event: 9.087 Executing VM operation: ICBufferFull
Event: 9.087 Executing VM operation: ICBufferFull done
Event: 9.203 Executing VM operation: ICBufferFull
Event: 9.204 Executing VM operation: ICBufferFull done
Event: 9.282 Executing VM operation: HandshakeAllThreads (Deoptimize)
Event: 9.282 Executing VM operation: HandshakeAllThreads (Deoptimize) done
Event: 9.871 Executing VM operation: ParallelGCFailedAllocation (Allocation Failure)
Event: 9.874 Executing VM operation: ParallelGCFailedAllocation (Allocation Failure) done

Events (20 events):
Event: 6.513 Thread 0x000001b9a725e970 flushing nmethod 0x000001b9afae4090
Event: 6.513 Thread 0x000001b9a725e970 flushing nmethod 0x000001b9afb0b210
Event: 6.513 Thread 0x000001b9a725e970 flushing nmethod 0x000001b9afb0be90
Event: 6.513 Thread 0x000001b9a725e970 flushing nmethod 0x000001b9afb0eb90
Event: 6.513 Thread 0x000001b9a725e970 flushing nmethod 0x000001b9afb0f510
Event: 6.513 Thread 0x000001b9a725e970 flushing nmethod 0x000001b9afb10110
Event: 6.513 Thread 0x000001b9a725e970 flushing nmethod 0x000001b9afb11490
Event: 6.513 Thread 0x000001b9a725e970 flushing nmethod 0x000001b9afb6c890
Event: 6.513 Thread 0x000001b9a725e970 flushing nmethod 0x000001b9afb85590
Event: 6.513 Thread 0x000001b9a725e970 flushing nmethod 0x000001b9afb85f90
Event: 6.513 Thread 0x000001b9a725e970 flushing nmethod 0x000001b9afb8c810
Event: 6.513 Thread 0x000001b9a725e970 flushing nmethod 0x000001b9afba7810
Event: 6.513 Thread 0x000001b9a725e970 flushing nmethod 0x000001b9afbc5890
Event: 6.513 Thread 0x000001b9a725e970 flushing nmethod 0x000001b9afbfb410
Event: 6.513 Thread 0x000001b9a725e970 flushing nmethod 0x000001b9afc12590
Event: 6.513 Thread 0x000001b9a725e970 flushing nmethod 0x000001b9afc18010
Event: 7.694 Thread 0x000001ba0c469440 Thread added: 0x000001ba0c469440
Event: 7.723 Thread 0x000001ba0b6d37d0 Thread added: 0x000001ba0b6d37d0
Event: 9.864 Thread 0x000001ba0b6d37d0 Thread exited: 0x000001ba0b6d37d0
Event: 9.910 Thread 0x000001ba0e5248d0 Thread added: 0x000001ba0e5248d0


Dynamic libraries:
0x00007ff699a70000 - 0x00007ff699a80000 	C:\Program Files\Java\jdk-22\bin\java.exe
0x00007ff964620000 - 0x00007ff964888000 	C:\WINDOWS\SYSTEM32\ntdll.dll
0x00007ff963390000 - 0x00007ff963459000 	C:\WINDOWS\System32\KERNEL32.DLL
0x00007ff961ce0000 - 0x00007ff9620d8000 	C:\WINDOWS\System32\KERNELBASE.dll
0x00007ff9619a0000 - 0x00007ff961aeb000 	C:\WINDOWS\System32\ucrtbase.dll
0x00007ff9500c0000 - 0x00007ff9500db000 	C:\Program Files\Java\jdk-22\bin\VCRUNTIME140.dll
0x00007ff950110000 - 0x00007ff950127000 	C:\Program Files\Java\jdk-22\bin\jli.dll
0x00007ff9624d0000 - 0x00007ff962584000 	C:\WINDOWS\System32\ADVAPI32.dll
0x00007ff964360000 - 0x00007ff964409000 	C:\WINDOWS\System32\msvcrt.dll
0x00007ff964160000 - 0x00007ff964206000 	C:\WINDOWS\System32\sechost.dll
0x00007ff962ec0000 - 0x00007ff962fd8000 	C:\WINDOWS\System32\RPCRT4.dll
0x00007ff964410000 - 0x00007ff9645d7000 	C:\WINDOWS\System32\USER32.dll
0x00007ff961cb0000 - 0x00007ff961cd7000 	C:\WINDOWS\System32\win32u.dll
0x00007ff94cab0000 - 0x00007ff94cd44000 	C:\WINDOWS\WinSxS\amd64_microsoft.windows.common-controls_6595b64144ccf1df_6.0.26100.7019_none_3e06ffa0e335b8a8\COMCTL32.dll
0x00007ff963c90000 - 0x00007ff963cbb000 	C:\WINDOWS\System32\GDI32.dll
0x00007ff961af0000 - 0x00007ff961c1c000 	C:\WINDOWS\System32\gdi32full.dll
0x00007ff9620e0000 - 0x00007ff962183000 	C:\WINDOWS\System32\msvcp_win.dll
0x00007ff9579f0000 - 0x00007ff9579fb000 	C:\WINDOWS\SYSTEM32\VERSION.dll
0x00007ff9642a0000 - 0x00007ff9642d1000 	C:\WINDOWS\System32\IMM32.DLL
0x00007ff95b0f0000 - 0x00007ff95b0fc000 	C:\Program Files\Java\jdk-22\bin\vcruntime140_1.dll
0x00007ff92f780000 - 0x00007ff92f80e000 	C:\Program Files\Java\jdk-22\bin\msvcp140.dll
0x00007ff8d3fb0000 - 0x00007ff8d4cf7000 	C:\Program Files\Java\jdk-22\bin\server\jvm.dll
0x00007ff962c40000 - 0x00007ff962cb4000 	C:\WINDOWS\System32\WS2_32.dll
0x00007ff9615d0000 - 0x00007ff96162e000 	C:\WINDOWS\SYSTEM32\POWRPROF.dll
0x00007ff956670000 - 0x00007ff9566a5000 	C:\WINDOWS\SYSTEM32\WINMM.dll
0x00007ff9615b0000 - 0x00007ff9615c4000 	C:\WINDOWS\SYSTEM32\UMPDC.dll
0x00007ff960500000 - 0x00007ff96051b000 	C:\WINDOWS\SYSTEM32\kernel.appcore.dll
0x00007ff959240000 - 0x00007ff95924a000 	C:\Program Files\Java\jdk-22\bin\jimage.dll
0x00007ff95ed10000 - 0x00007ff95ef52000 	C:\WINDOWS\SYSTEM32\DBGHELP.DLL
0x00007ff963cc0000 - 0x00007ff96404b000 	C:\WINDOWS\System32\combase.dll
0x00007ff9623f0000 - 0x00007ff9624c7000 	C:\WINDOWS\System32\OLEAUT32.dll
0x00007ff94a310000 - 0x00007ff94a34c000 	C:\WINDOWS\SYSTEM32\dbgcore.DLL
0x00007ff961770000 - 0x00007ff961815000 	C:\WINDOWS\System32\bcryptPrimitives.dll
0x00007ff950070000 - 0x00007ff95007f000 	C:\Program Files\Java\jdk-22\bin\instrument.dll
0x00007ff94f6f0000 - 0x00007ff94f70e000 	C:\Program Files\Java\jdk-22\bin\java.dll
0x00007ff963470000 - 0x00007ff963bbf000 	C:\WINDOWS\System32\SHELL32.dll
0x00007ff962250000 - 0x00007ff9623bb000 	C:\WINDOWS\System32\wintypes.dll
0x00007ff962a20000 - 0x00007ff962bb7000 	C:\WINDOWS\System32\ole32.dll
0x00007ff95f350000 - 0x00007ff95fbad000 	C:\WINDOWS\SYSTEM32\windows.storage.dll
0x00007ff962d40000 - 0x00007ff962e32000 	C:\WINDOWS\System32\SHCORE.dll
0x00007ff962e40000 - 0x00007ff962ea7000 	C:\WINDOWS\System32\shlwapi.dll
0x00007ff961690000 - 0x00007ff9616b9000 	C:\WINDOWS\SYSTEM32\profapi.dll
0x00007ff925d30000 - 0x00007ff925e07000 	C:\Program Files\Java\jdk-22\bin\jsvml.dll
0x00007ff94bdf0000 - 0x00007ff94be07000 	C:\Program Files\Java\jdk-22\bin\zip.dll
0x00007ff950080000 - 0x00007ff950090000 	C:\Program Files\Java\jdk-22\bin\net.dll
0x00007ff960aa0000 - 0x00007ff960b0b000 	C:\WINDOWS\system32\mswsock.dll
0x00007ff9477f0000 - 0x00007ff947806000 	C:\Program Files\Java\jdk-22\bin\nio.dll
0x00007ff94bde0000 - 0x00007ff94bdf0000 	C:\Program Files\Java\jdk-22\bin\verify.dll
0x00007ff943520000 - 0x00007ff943564000 	C:\Users\ASUS\AppData\Roaming\Code\User\globalStorage\redhat.java\1.48.0\config_ss_win\org.eclipse.equinox.launcher\org.eclipse.equinox.launcher.win32.win32.x86_64_1.2.1400.v20250801-0854\eclipse_11916.dll
0x00007ff960d60000 - 0x00007ff960d7b000 	C:\WINDOWS\SYSTEM32\CRYPTSP.dll
0x00007ff960460000 - 0x00007ff96049a000 	C:\WINDOWS\system32\rsaenh.dll
0x00007ff960b50000 - 0x00007ff960b7b000 	C:\WINDOWS\SYSTEM32\USERENV.dll
0x00007ff961660000 - 0x00007ff96168a000 	C:\WINDOWS\SYSTEM32\bcrypt.dll
0x00007ff960d80000 - 0x00007ff960d8c000 	C:\WINDOWS\SYSTEM32\CRYPTBASE.dll
0x00007ff95fee0000 - 0x00007ff95ff14000 	C:\WINDOWS\SYSTEM32\IPHLPAPI.DLL
0x00007ff962c30000 - 0x00007ff962c3a000 	C:\WINDOWS\System32\NSI.dll
0x00007ff93c8b0000 - 0x00007ff93c8f9000 	C:\Users\ASUS\AppData\Local\Temp\jna-2018896\jna6298594222722314006.dll
0x00007ff963460000 - 0x00007ff963468000 	C:\WINDOWS\System32\PSAPI.DLL
0x00007ff95a5d0000 - 0x00007ff95a6f8000 	C:\WINDOWS\SYSTEM32\winhttp.dll
0x00007ff95ad00000 - 0x00007ff95ad1e000 	C:\WINDOWS\SYSTEM32\dhcpcsvc6.DLL
0x00007ff95acd0000 - 0x00007ff95acf3000 	C:\WINDOWS\SYSTEM32\dhcpcsvc.DLL

dbghelp: loaded successfully - version: 4.0.5 - missing functions: none
symbol engine: initialized successfully - sym options: 0x614 - pdb path: .;C:\Program Files\Java\jdk-22\bin;C:\WINDOWS\SYSTEM32;C:\WINDOWS\WinSxS\amd64_microsoft.windows.common-controls_6595b64144ccf1df_6.0.26100.7019_none_3e06ffa0e335b8a8;C:\Program Files\Java\jdk-22\bin\server;C:\Users\ASUS\AppData\Roaming\Code\User\globalStorage\redhat.java\1.48.0\config_ss_win\org.eclipse.equinox.launcher\org.eclipse.equinox.launcher.win32.win32.x86_64_1.2.1400.v20250801-0854;C:\Users\ASUS\AppData\Local\Temp\jna-2018896

VM Arguments:
jvm_args: --add-modules=ALL-SYSTEM --add-opens=java.base/java.util=ALL-UNNAMED --add-opens=java.base/java.lang=ALL-UNNAMED --add-opens=java.base/sun.nio.fs=ALL-UNNAMED -Declipse.application=org.eclipse.jdt.ls.core.id1 -Dosgi.bundles.defaultStartLevel=4 -Declipse.product=org.eclipse.jdt.ls.core.product -Djava.import.generatesMetadataFilesAtProjectRoot=false -DDetectVMInstallationsJob.disabled=true -Dfile.encoding=utf8 -XX:+UseParallelGC -XX:GCTimeRatio=4 -XX:AdaptiveSizePolicyWeight=90 -Dsun.zip.disableMemoryMapping=true -Xmx2G -Xms100m -Xlog:disable -javaagent:c:\Users\ASUS\.vscode\extensions\redhat.java-1.48.0\lombok\lombok-1.18.39-4050.jar 
java_command: c:\Users\ASUS\.vscode\extensions\redhat.java-1.48.0\server\plugins\org.eclipse.equinox.launcher_1.7.100.v20251111-0406.jar -configuration c:\Users\ASUS\AppData\Roaming\Code\User\globalStorage\redhat.java\1.48.0\config_ss_win -data c:\Users\ASUS\AppData\Roaming\Code\User\workspaceStorage\89e1db3ebefe5f936c154524965b6285\redhat.java\ss_ws --pipe=\\.\pipe\lsp-8cd954848dfe4cb88f52e03ed271be4a-sock
java_class_path (initial): c:\Users\ASUS\.vscode\extensions\redhat.java-1.48.0\server\plugins\org.eclipse.equinox.launcher_1.7.100.v20251111-0406.jar
Launcher Type: SUN_STANDARD

[Global flags]
     uint AdaptiveSizePolicyWeight                 = 90                                        {product} {command line}
     intx CICompilerCount                          = 4                                         {product} {ergonomic}
     uint GCTimeRatio                              = 4                                         {product} {command line}
   size_t InitialHeapSize                          = 104857600                                 {product} {command line}
   size_t MaxHeapSize                              = 2147483648                                {product} {command line}
   size_t MaxNewSize                               = 715653120                                 {product} {ergonomic}
   size_t MinHeapDeltaBytes                        = 524288                                    {product} {ergonomic}
   size_t MinHeapSize                              = 104857600                                 {product} {command line}
   size_t NewSize                                  = 34603008                                  {product} {ergonomic}
    uintx NonNMethodCodeHeapSize                   = 5839372                                {pd product} {ergonomic}
    uintx NonProfiledCodeHeapSize                  = 122909434                              {pd product} {ergonomic}
   size_t OldSize                                  = 70254592                                  {product} {ergonomic}
    uintx ProfiledCodeHeapSize                     = 122909434                              {pd product} {ergonomic}
    uintx ReservedCodeCacheSize                    = 251658240                              {pd product} {ergonomic}
     bool SegmentedCodeCache                       = true                                      {product} {ergonomic}
   size_t SoftMaxHeapSize                          = 2147483648                             {manageable} {ergonomic}
     bool UseCompressedOops                        = true                           {product lp64_product} {ergonomic}
     bool UseLargePagesIndividualAllocation        = false                                  {pd product} {ergonomic}
     bool UseParallelGC                            = true                                      {product} {command line}

Logging:
Log output configuration:
 #0: stdout all=off uptime,level,tags foldmultilines=false
 #1: stderr all=off uptime,level,tags foldmultilines=false

Environment Variables:
PATH=C:\Program Files\Common Files\Oracle\Java\javapath;C:\WINDOWS\system32;C:\WINDOWS;C:\WINDOWS\System32\Wbem;C:\WINDOWS\System32\WindowsPowerShell\v1.0\;C:\WINDOWS\System32\OpenSSH\;C:\Program Files\Amazon\AWSCLIV2\;C:\MinGW\bin;C:\Program Files\Java\jdk-22\bin;C:\Program Files\Git\cmd;C:\Users\ASUS\Downloads\apache-maven-3.9.9\bin;C:\Program Files\sf\bin;C:\Program Files\nodejs\;C:\Program Files\CMake\bin;C:\Program Files\cursor\resources\app\bin;C:\Program Files\MySQL\MySQL Shell 8.0\bin\;C:\Users\ASUS\AppData\Local\Microsoft\WindowsApps;C:\Users\ASUS\AppData\Local\Programs\Microsoft VS Code\bin;C:\MinGW\bin;C:\Users\ASUS\AppData\Local\GitHubDesktop\bin;C:\Program Files\sf\bin;C:\Users\ASUS\AppData\Roaming\npm
USERNAME=ASUS
OS=Windows_NT
PROCESSOR_IDENTIFIER=AMD64 Family 25 Model 80 Stepping 0, AuthenticAMD
TMP=C:\Users\ASUS\AppData\Local\Temp
TEMP=C:\Users\ASUS\AppData\Local\Temp




Periodic native trim disabled

---------------  S Y S T E M  ---------------

OS:
 Windows 11 , 64 bit Build 26100 (10.0.26100.7019)
OS uptime: 5 days 12:45 hours
Hyper-V role detected

CPU: total 12 (initial active 12) (12 cores per cpu, 2 threads per core) family 25 model 80 stepping 0 microcode 0xa50000d, cx8, cmov, fxsr, ht, mmx, 3dnowpref, sse, sse2, sse3, ssse3, sse4a, sse4.1, sse4.2, popcnt, lzcnt, tsc, tscinvbit, avx, avx2, aes, erms, clmul, bmi1, bmi2, adx, sha, fma, vzeroupper, clflush, clflushopt, hv, rdtscp, rdpid, fsrm, f16c, cet_ss
Processor Information for all 12 processors :
  Max Mhz: 3301, Current Mhz: 3301, Mhz Limit: 3301

Memory: 4k page, system-wide physical 15773M (2375M free)
TotalPageFile size 27457M (AvailPageFile size 0M)
current process WorkingSet (physical memory assigned to process): 234M, peak: 238M
current process commit charge ("private bytes"): 349M, peak: 360M

vm_info: Java HotSpot(TM) 64-Bit Server VM (22.0.1+8-16) for windows-amd64 JRE (22.0.1+8-16), built on 2024-03-12T10:33:16Z by "mach5one" with MS VC++ 17.6 (VS2022)

END.
