#
# There is insufficient memory for the Java Runtime Environment to continue.
# Native memory allocation (malloc) failed to allocate 1533936 bytes. Error detail: Chunk::new
# Possible reasons:
#   The system is out of physical RAM or swap space
#   This process is running with CompressedOops enabled, and the Java Heap may be blocking the growth of the native heap
# Possible solutions:
#   Reduce memory load on the system
#   Increase physical memory or swap space
#   Check if swap backing store is full
#   Decrease Java heap size (-Xmx/-Xms)
#   Decrease number of Java threads
#   Decrease Java thread stack sizes (-Xss)
#   Set larger code cache with -XX:ReservedCodeCacheSize=
#   JVM is running with Unscaled Compressed Oops mode in which the Java heap is
#     placed in the first 4GB address space. The Java Heap base address is the
#     maximum limit for the native heap growth. Please use -XX:HeapBaseMinAddress
#     to set the Java Heap base and to place the Java Heap above 4GB virtual address.
# This output file may be truncated or incomplete.
#
#  Out of Memory Error (arena.cpp:150), pid=21924, tid=7844
#
# JRE version: Java(TM) SE Runtime Environment (22.0.1+8) (build 22.0.1+8-16)
# Java VM: Java HotSpot(TM) 64-Bit Server VM (22.0.1+8-16, mixed mode, sharing, tiered, compressed oops, compressed class ptrs, parallel gc, windows-amd64)
# No core dump will be written. Minidumps are not enabled by default on client versions of Windows
#

---------------  S U M M A R Y ------------

Command Line: --add-modules=ALL-SYSTEM --add-opens=java.base/java.util=ALL-UNNAMED --add-opens=java.base/java.lang=ALL-UNNAMED --add-opens=java.base/sun.nio.fs=ALL-UNNAMED -Declipse.application=org.eclipse.jdt.ls.core.id1 -Dosgi.bundles.defaultStartLevel=4 -Declipse.product=org.eclipse.jdt.ls.core.product -Djava.import.generatesMetadataFilesAtProjectRoot=false -DDetectVMInstallationsJob.disabled=true -Dfile.encoding=utf8 -XX:+UseParallelGC -XX:GCTimeRatio=4 -XX:AdaptiveSizePolicyWeight=90 -Dsun.zip.disableMemoryMapping=true -Xmx2G -Xms100m -Xlog:disable -javaagent:c:\Users\ASUS\.vscode\extensions\redhat.java-1.48.0\lombok\lombok-1.18.39-4050.jar -XX:+HeapDumpOnOutOfMemoryError -XX:HeapDumpPath=c:\Users\ASUS\AppData\Roaming\Code\User\workspaceStorage\89e1db3ebefe5f936c154524965b6285\redhat.java -Daether.dependencyCollector.impl=bf c:\Users\ASUS\.vscode\extensions\redhat.java-1.48.0\server\plugins\org.eclipse.equinox.launcher_1.7.100.v20251111-0406.jar -configuration c:\Users\ASUS\AppData\Roaming\Code\User\globalStorage\redhat.java\1.48.0\config_win -data c:\Users\ASUS\AppData\Roaming\Code\User\workspaceStorage\89e1db3ebefe5f936c154524965b6285\redhat.java\jdt_ws --pipe=\\.\pipe\lsp-8725ced27243801dd6680c92fda78f81-sock

Host: AMD Ryzen 5 5600H with Radeon Graphics         , 12 cores, 15G,  Windows 11 , 64 bit Build 26100 (10.0.26100.7019)
Time: Wed Nov 19 23:38:28 2025 India Standard Time elapsed time: 5.628573 seconds (0d 0h 0m 5s)

---------------  T H R E A D  ---------------

Current thread (0x000002bc1253cea0):  JavaThread "C2 CompilerThread0" daemon [_thread_in_native, id=7844, stack(0x000000e4b1c00000,0x000000e4b1d00000) (1024K)]


Current CompileTask:
C2:5628 4778   !   4       org.eclipse.osgi.internal.loader.classpath.ClasspathManager::findClassImpl (328 bytes)

Stack: [0x000000e4b1c00000,0x000000e4b1d00000]
Native frames: (J=compiled Java code, j=interpreted, Vv=VM code, C=native code)
V  [jvm.dll+0x6e2279]  (no source info available)
V  [jvm.dll+0x874e33]  (no source info available)
V  [jvm.dll+0x87725e]  (no source info available)
V  [jvm.dll+0x877933]  (no source info available)
V  [jvm.dll+0x27fd76]  (no source info available)
V  [jvm.dll+0xc3d0f]  (no source info available)
V  [jvm.dll+0xc3f6b]  (no source info available)
V  [jvm.dll+0x3bb0d2]  (no source info available)
V  [jvm.dll+0x387b6b]  (no source info available)
V  [jvm.dll+0x386fda]  (no source info available)
V  [jvm.dll+0x247918]  (no source info available)
V  [jvm.dll+0x246fbf]  (no source info available)
V  [jvm.dll+0x1c4e90]  (no source info available)
V  [jvm.dll+0x2569fe]  (no source info available)
V  [jvm.dll+0x254cba]  (no source info available)
V  [jvm.dll+0x3f5336]  (no source info available)
V  [jvm.dll+0x81d44b]  (no source info available)
V  [jvm.dll+0x6e0915]  (no source info available)
C  [ucrtbase.dll+0x37b0]  (no source info available)
C  [KERNEL32.DLL+0x2e8d7]  (no source info available)
C  [ntdll.dll+0x8c53c]  (no source info available)


---------------  P R O C E S S  ---------------

Threads class SMR info:
_java_thread_list=0x000002bc786dc4c0, length=54, elements={
0x000002bc10239e60, 0x000002bc12525ff0, 0x000002bc12527480, 0x000002bc1252b040,
0x000002bc1252bca0, 0x000002bc12537900, 0x000002bc1253a850, 0x000002bc1253cea0,
0x000002bc1253e8f0, 0x000002bc70545f80, 0x000002bc705dc660, 0x000002bc707af480,
0x000002bc719bed50, 0x000002bc719bf3c0, 0x000002bc7152e5d0, 0x000002bc7152ec40,
0x000002bc7152f2b0, 0x000002bc71c1f550, 0x000002bc71be53b0, 0x000002bc76135030,
0x000002bc76133c80, 0x000002bc761349a0, 0x000002bc763de630, 0x000002bc763bca80,
0x000002bc763bbd60, 0x000002bc763bde30, 0x000002bc763bd7a0, 0x000002bc763be4c0,
0x000002bc763bb040, 0x000002bc763bb6d0, 0x000002bc763bf1e0, 0x000002bc763bf870,
0x000002bc763bc3f0, 0x000002bc763bff00, 0x000002bc763bd110, 0x000002bc763c2660,
0x000002bc763c0590, 0x000002bc763c0c20, 0x000002bc763c12b0, 0x000002bc763c1940,
0x000002bc763c1fd0, 0x000002bc78776e20, 0x000002bc78779580, 0x000002bc78778ef0,
0x000002bc78776100, 0x000002bc787774b0, 0x000002bc78777b40, 0x000002bc787781d0,
0x000002bc78779c10, 0x000002bc78778860, 0x000002bc78776790, 0x000002bc7877a2a0,
0x000002bc7877a930, 0x000002bc7877b650
}

Java Threads: ( => current thread )
  0x000002bc10239e60 JavaThread "main"                              [_thread_in_vm, id=14212, stack(0x000000e4b1200000,0x000000e4b1300000) (1024K)]
  0x000002bc12525ff0 JavaThread "Reference Handler"          daemon [_thread_blocked, id=8216, stack(0x000000e4b1600000,0x000000e4b1700000) (1024K)]
  0x000002bc12527480 JavaThread "Finalizer"                  daemon [_thread_blocked, id=21712, stack(0x000000e4b1700000,0x000000e4b1800000) (1024K)]
  0x000002bc1252b040 JavaThread "Signal Dispatcher"          daemon [_thread_blocked, id=21960, stack(0x000000e4b1800000,0x000000e4b1900000) (1024K)]
  0x000002bc1252bca0 JavaThread "Attach Listener"            daemon [_thread_blocked, id=9600, stack(0x000000e4b1900000,0x000000e4b1a00000) (1024K)]
  0x000002bc12537900 JavaThread "Service Thread"             daemon [_thread_blocked, id=4608, stack(0x000000e4b1a00000,0x000000e4b1b00000) (1024K)]
  0x000002bc1253a850 JavaThread "Monitor Deflation Thread"   daemon [_thread_blocked, id=30516, stack(0x000000e4b1b00000,0x000000e4b1c00000) (1024K)]
=>0x000002bc1253cea0 JavaThread "C2 CompilerThread0"         daemon [_thread_in_native, id=7844, stack(0x000000e4b1c00000,0x000000e4b1d00000) (1024K)]
  0x000002bc1253e8f0 JavaThread "C1 CompilerThread0"         daemon [_thread_in_vm, id=25252, stack(0x000000e4b1d00000,0x000000e4b1e00000) (1024K)]
  0x000002bc70545f80 JavaThread "Common-Cleaner"             daemon [_thread_blocked, id=29796, stack(0x000000e4b1e00000,0x000000e4b1f00000) (1024K)]
  0x000002bc705dc660 JavaThread "C2 CompilerThread1"         daemon [_thread_in_native, id=476, stack(0x000000e4b1f00000,0x000000e4b2000000) (1024K)]
  0x000002bc707af480 JavaThread "Notification Thread"        daemon [_thread_blocked, id=3372, stack(0x000000e4b2000000,0x000000e4b2100000) (1024K)]
  0x000002bc719bed50 JavaThread "Equinox resolver thread - Equinox Container: 0befc231-d9db-4c1a-9451-dc46dc56b0bf" daemon [_thread_blocked, id=14176, stack(0x000000e4b2100000,0x000000e4b2200000) (1024K)]
  0x000002bc719bf3c0 JavaThread "Equinox resolver thread - Equinox Container: 0befc231-d9db-4c1a-9451-dc46dc56b0bf" daemon [_thread_blocked, id=3828, stack(0x000000e4b2800000,0x000000e4b2900000) (1024K)]
  0x000002bc7152e5d0 JavaThread "Equinox resolver thread - Equinox Container: 0befc231-d9db-4c1a-9451-dc46dc56b0bf" daemon [_thread_blocked, id=27868, stack(0x000000e4b2900000,0x000000e4b2a00000) (1024K)]
  0x000002bc7152ec40 JavaThread "Equinox resolver thread - Equinox Container: 0befc231-d9db-4c1a-9451-dc46dc56b0bf" daemon [_thread_blocked, id=22564, stack(0x000000e4b2a00000,0x000000e4b2b00000) (1024K)]
  0x000002bc7152f2b0 JavaThread "Equinox resolver thread - Equinox Container: 0befc231-d9db-4c1a-9451-dc46dc56b0bf" daemon [_thread_blocked, id=23736, stack(0x000000e4b2b00000,0x000000e4b2c00000) (1024K)]
  0x000002bc71c1f550 JavaThread "Equinox resolver thread - Equinox Container: 0befc231-d9db-4c1a-9451-dc46dc56b0bf" daemon [_thread_blocked, id=17960, stack(0x000000e4b2c00000,0x000000e4b2d00000) (1024K)]
  0x000002bc71be53b0 JavaThread "Active Thread: Equinox Container: 0befc231-d9db-4c1a-9451-dc46dc56b0bf"        [_thread_blocked, id=13596, stack(0x000000e4b2d00000,0x000000e4b2e00000) (1024K)]
  0x000002bc76135030 JavaThread "Framework Event Dispatcher: Equinox Container: 0befc231-d9db-4c1a-9451-dc46dc56b0bf" daemon [_thread_blocked, id=16332, stack(0x000000e4b2e00000,0x000000e4b2f00000) (1024K)]
  0x000002bc76133c80 JavaThread "Start Level: Equinox Container: 0befc231-d9db-4c1a-9451-dc46dc56b0bf" daemon [_thread_blocked, id=21708, stack(0x000000e4b3000000,0x000000e4b3100000) (1024K)]
  0x000002bc761349a0 JavaThread "Refresh Thread: Equinox Container: 0befc231-d9db-4c1a-9451-dc46dc56b0bf" daemon [_thread_blocked, id=1760, stack(0x000000e4b3100000,0x000000e4b3200000) (1024K)]
  0x000002bc763de630 JavaThread "C2 CompilerThread2"         daemon [_thread_in_native, id=10492, stack(0x000000e4b3200000,0x000000e4b3300000) (1024K)]
  0x000002bc763bca80 JavaThread "Equinox resolver thread - Equinox Container: 0befc231-d9db-4c1a-9451-dc46dc56b0bf" daemon [_thread_blocked, id=26476, stack(0x000000e4b3400000,0x000000e4b3500000) (1024K)]
  0x000002bc763bbd60 JavaThread "Equinox resolver thread - Equinox Container: 0befc231-d9db-4c1a-9451-dc46dc56b0bf" daemon [_thread_blocked, id=14444, stack(0x000000e4b3500000,0x000000e4b3600000) (1024K)]
  0x000002bc763bde30 JavaThread "Equinox resolver thread - Equinox Container: 0befc231-d9db-4c1a-9451-dc46dc56b0bf" daemon [_thread_blocked, id=25624, stack(0x000000e4b3600000,0x000000e4b3700000) (1024K)]
  0x000002bc763bd7a0 JavaThread "Equinox resolver thread - Equinox Container: 0befc231-d9db-4c1a-9451-dc46dc56b0bf" daemon [_thread_blocked, id=10024, stack(0x000000e4b3700000,0x000000e4b3800000) (1024K)]
  0x000002bc763be4c0 JavaThread "Equinox resolver thread - Equinox Container: 0befc231-d9db-4c1a-9451-dc46dc56b0bf" daemon [_thread_blocked, id=8376, stack(0x000000e4b3800000,0x000000e4b3900000) (1024K)]
  0x000002bc763bb040 JavaThread "Equinox resolver thread - Equinox Container: 0befc231-d9db-4c1a-9451-dc46dc56b0bf" daemon [_thread_blocked, id=13684, stack(0x000000e4b3900000,0x000000e4b3a00000) (1024K)]
  0x000002bc763bb6d0 JavaThread "Bundle File Closer"         daemon [_thread_blocked, id=13792, stack(0x000000e4b3b00000,0x000000e4b3c00000) (1024K)]
  0x000002bc763bf1e0 JavaThread "SCR Component Actor"        daemon [_thread_blocked, id=26120, stack(0x000000e4b3c00000,0x000000e4b3d00000) (1024K)]
  0x000002bc763bf870 JavaThread "Worker-JM"                         [_thread_blocked, id=6988, stack(0x000000e4b3d00000,0x000000e4b3e00000) (1024K)]
  0x000002bc763bc3f0 JavaThread "JNA Cleaner"                daemon [_thread_blocked, id=13104, stack(0x000000e4b3e00000,0x000000e4b3f00000) (1024K)]
  0x000002bc763bff00 JavaThread "Worker-0: Updating Maven Dependencies"        [_thread_in_vm, id=20348, stack(0x000000e4b3f00000,0x000000e4b4000000) (1024K)]
  0x000002bc763bd110 JavaThread "Worker-1: Repository registry initialization"        [_thread_blocked, id=4468, stack(0x000000e4b4000000,0x000000e4b4100000) (1024K)]
  0x000002bc763c2660 JavaThread "Java indexing"              daemon [_thread_blocked, id=19264, stack(0x000000e4b4100000,0x000000e4b4200000) (1024K)]
  0x000002bc763c0590 JavaThread "Worker-2: Initialize After Load"        [_thread_blocked, id=6288, stack(0x000000e4b4200000,0x000000e4b4300000) (1024K)]
  0x000002bc763c0c20 JavaThread "Worker-3: Loading available Gradle versions"        [_thread_in_vm, id=2696, stack(0x000000e4b4500000,0x000000e4b4600000) (1024K)]
  0x000002bc763c12b0 JavaThread "Worker-4"                          [_thread_blocked, id=21760, stack(0x000000e4b4600000,0x000000e4b4700000) (1024K)]
  0x000002bc763c1940 JavaThread "Worker-5"                          [_thread_blocked, id=15436, stack(0x000000e4b4700000,0x000000e4b4800000) (1024K)]
  0x000002bc763c1fd0 JavaThread "Thread-1"                   daemon [_thread_in_native, id=3532, stack(0x000000e4b4800000,0x000000e4b4900000) (1024K)]
  0x000002bc78776e20 JavaThread "Thread-2"                   daemon [_thread_in_native, id=19960, stack(0x000000e4b4900000,0x000000e4b4a00000) (1024K)]
  0x000002bc78779580 JavaThread "Thread-3"                   daemon [_thread_in_native, id=29652, stack(0x000000e4b4a00000,0x000000e4b4b00000) (1024K)]
  0x000002bc78778ef0 JavaThread "Thread-4"                   daemon [_thread_in_native, id=29456, stack(0x000000e4b4b00000,0x000000e4b4c00000) (1024K)]
  0x000002bc78776100 JavaThread "Thread-5"                   daemon [_thread_in_native, id=14984, stack(0x000000e4b4c00000,0x000000e4b4d00000) (1024K)]
  0x000002bc787774b0 JavaThread "Thread-6"                   daemon [_thread_in_native, id=25904, stack(0x000000e4b4d00000,0x000000e4b4e00000) (1024K)]
  0x000002bc78777b40 JavaThread "Thread-7"                   daemon [_thread_in_native, id=25060, stack(0x000000e4b4e00000,0x000000e4b4f00000) (1024K)]
  0x000002bc787781d0 JavaThread "Thread-8"                   daemon [_thread_in_native, id=12692, stack(0x000000e4b4f00000,0x000000e4b5000000) (1024K)]
  0x000002bc78779c10 JavaThread "Thread-9"                   daemon [_thread_in_native, id=28216, stack(0x000000e4b5000000,0x000000e4b5100000) (1024K)]
  0x000002bc78778860 JavaThread "Thread-10"                  daemon [_thread_in_native, id=26684, stack(0x000000e4b5100000,0x000000e4b5200000) (1024K)]
  0x000002bc78776790 JavaThread "Thread-11"                  daemon [_thread_in_native, id=19896, stack(0x000000e4b5200000,0x000000e4b5300000) (1024K)]
  0x000002bc7877a2a0 JavaThread "Thread-12"                  daemon [_thread_in_native, id=4548, stack(0x000000e4b5300000,0x000000e4b5400000) (1024K)]
  0x000002bc7877a930 JavaThread "Thread-13"                  daemon [_thread_in_native, id=13904, stack(0x000000e4b5400000,0x000000e4b5500000) (1024K)]
  0x000002bc7877b650 JavaThread "pool-2-thread-1"                   [_thread_blocked, id=23192, stack(0x000000e4b5500000,0x000000e4b5600000) (1024K)]
Total: 54

Other Threads:
  0x000002bc6f1e6ce0 VMThread "VM Thread"                           [id=27448, stack(0x000000e4b1500000,0x000000e4b1600000) (1024K)]
  0x000002bc6f0dca00 WatcherThread "VM Periodic Task Thread"        [id=29680, stack(0x000000e4b1400000,0x000000e4b1500000) (1024K)]
  0x000002bc12498a80 WorkerThread "GC Thread#0"                     [id=15280, stack(0x000000e4b1300000,0x000000e4b1400000) (1024K)]
  0x000002bc71c89b80 WorkerThread "GC Thread#1"                     [id=24004, stack(0x000000e4b2200000,0x000000e4b2300000) (1024K)]
  0x000002bc71994970 WorkerThread "GC Thread#2"                     [id=24840, stack(0x000000e4b2300000,0x000000e4b2400000) (1024K)]
  0x000002bc71994d20 WorkerThread "GC Thread#3"                     [id=29168, stack(0x000000e4b2400000,0x000000e4b2500000) (1024K)]
  0x000002bc719bbb60 WorkerThread "GC Thread#4"                     [id=17800, stack(0x000000e4b2500000,0x000000e4b2600000) (1024K)]
  0x000002bc719bbf10 WorkerThread "GC Thread#5"                     [id=29912, stack(0x000000e4b2600000,0x000000e4b2700000) (1024K)]
  0x000002bc719bc2c0 WorkerThread "GC Thread#6"                     [id=18572, stack(0x000000e4b2700000,0x000000e4b2800000) (1024K)]
  0x000002bc760bbca0 WorkerThread "GC Thread#7"                     [id=2212, stack(0x000000e4b2f00000,0x000000e4b3000000) (1024K)]
  0x000002bc762fbcc0 WorkerThread "GC Thread#8"                     [id=9652, stack(0x000000e4b3300000,0x000000e4b3400000) (1024K)]
  0x000002bc76d1e0d0 WorkerThread "GC Thread#9"                     [id=10156, stack(0x000000e4b3a00000,0x000000e4b3b00000) (1024K)]
Total: 12

Threads with active compile tasks:
C2 CompilerThread0  5729 4778   !   4       org.eclipse.osgi.internal.loader.classpath.ClasspathManager::findClassImpl (328 bytes)
C2 CompilerThread1  5729 5056       4       org.eclipse.osgi.internal.loader.BundleLoader::getProviderLoader (77 bytes)
C2 CompilerThread2  5729 4992   !   4       org.eclipse.osgi.internal.loader.classpath.ClasspathManager::findLocalClass (210 bytes)
Total: 3

VM state: not at safepoint (normal execution)

VM Mutex/Monitor currently owned by a thread:  ([mutex/lock_event])
[0x00007ff8d4c1c2b8] SystemDictionary_lock - owner thread: 0x0000000000000000

Heap address: 0x0000000080000000, size: 2048 MB, Compressed Oops mode: 32-bit

CDS archive(s) mapped at: [0x000002bc2e000000-0x000002bc2ec60000-0x000002bc2ec60000), size 12976128, SharedBaseAddress: 0x000002bc2e000000, ArchiveRelocationMode: 1.
Compressed class space mapped at: 0x000002bc2f000000-0x000002bc6f000000, reserved size: 1073741824
Narrow klass base: 0x000002bc2e000000, Narrow klass shift: 0, Narrow klass range: 0x41000000

GC Precious Log:
 CardTable entry size: 512
 CPUs: 12 total, 12 available
 Memory: 15773M
 Large Page Support: Disabled
 NUMA Support: Disabled
 Compressed Oops: Enabled (32-bit)
 Alignments: Space 512K, Generation 512K, Heap 2M
 Heap Min Capacity: 100M
 Heap Initial Capacity: 100M
 Heap Max Capacity: 2G
 Pre-touch: Disabled
 Parallel Workers: 10

Heap:
 PSYoungGen      total 22528K, used 12813K [0x00000000d5580000, 0x00000000d6f00000, 0x0000000100000000)
  eden space 22016K, 58% used [0x00000000d5580000,0x00000000d6203798,0x00000000d6b00000)
  from space 512K, 0% used [0x00000000d6e80000,0x00000000d6e80000,0x00000000d6f00000)
  to   space 1024K, 0% used [0x00000000d6d00000,0x00000000d6d00000,0x00000000d6e00000)
 ParOldGen       total 68608K, used 18337K [0x0000000080000000, 0x0000000084300000, 0x00000000d5580000)
  object space 68608K, 26% used [0x0000000080000000,0x00000000811e8458,0x0000000084300000)
 Metaspace       used 36547K, committed 37632K, reserved 1114112K
  class space    used 3767K, committed 4224K, reserved 1048576K

Card table byte_map: [0x000002bc11e20000,0x000002bc12230000] _byte_map_base: 0x000002bc11a20000

Marking Bits: (ParMarkBitMap*) 0x00007ff8d4c20b50
 Begin Bits: [0x000002bc29a70000, 0x000002bc2ba70000)
 End Bits:   [0x000002bc2ba70000, 0x000002bc2da70000)

Polling page: 0x000002bc103e0000

Metaspace:

Usage:
  Non-class:     32.01 MB used.
      Class:      3.68 MB used.
       Both:     35.69 MB used.

Virtual space:
  Non-class space:       64.00 MB reserved,      32.62 MB ( 51%) committed,  1 nodes.
      Class space:        1.00 GB reserved,       4.12 MB ( <1%) committed,  1 nodes.
             Both:        1.06 GB reserved,      36.75 MB (  3%) committed. 

Chunk freelists:
   Non-Class:  14.45 MB
       Class:  11.87 MB
        Both:  26.32 MB

MaxMetaspaceSize: unlimited
CompressedClassSpaceSize: 1.00 GB
Initial GC threshold: 21.00 MB
Current GC threshold: 58.38 MB
CDS: on
 - commit_granule_bytes: 65536.
 - commit_granule_words: 8192.
 - virtual_space_node_default_size: 8388608.
 - enlarge_chunks_in_place: 1.
 - use_allocation_guard: 0.


Internal statistics:

num_allocs_failed_limit: 6.
num_arena_births: 794.
num_arena_deaths: 22.
num_vsnodes_births: 2.
num_vsnodes_deaths: 0.
num_space_committed: 588.
num_space_uncommitted: 0.
num_chunks_returned_to_freelist: 30.
num_chunks_taken_from_freelist: 2258.
num_chunk_merges: 7.
num_chunk_splits: 1400.
num_chunks_enlarged: 847.
num_inconsistent_stats: 0.

CodeHeap 'non-profiled nmethods': size=120000Kb used=2142Kb max_used=2602Kb free=117857Kb
 bounds [0x000002bc22290000, 0x000002bc22520000, 0x000002bc297c0000]
CodeHeap 'profiled nmethods': size=120000Kb used=8950Kb max_used=10566Kb free=111049Kb
 bounds [0x000002bc1a7c0000, 0x000002bc1b220000, 0x000002bc21cf0000]
CodeHeap 'non-nmethods': size=5760Kb used=1369Kb max_used=1400Kb free=4390Kb
 bounds [0x000002bc21cf0000, 0x000002bc21f60000, 0x000002bc22290000]
 total_blobs=5054 nmethods=4386 adapters=574
 compilation: enabled
              stopped_count=0, restarted_count=0
 full_count=0

Compilation events (20 events):
Event: 5.562 Thread 0x000002bc1253e8f0 nmethod 4989 0x000002bc1b20fd90 code [0x000002bc1b20ffc0, 0x000002bc1b210868]
Event: 5.566 Thread 0x000002bc1253e8f0 4990       3       java.lang.reflect.Method::getParameterCount (6 bytes)
Event: 5.566 Thread 0x000002bc1253e8f0 nmethod 4990 0x000002bc1b210c10 code [0x000002bc1b210da0, 0x000002bc1b210eb8]
Event: 5.566 Thread 0x000002bc763de630 4991       4       sun.reflect.generics.parser.SignatureParser::current (59 bytes)
Event: 5.567 Thread 0x000002bc1253e8f0 4993       1       sun.reflect.generics.visitor.Reifier::getFactory (5 bytes)
Event: 5.568 Thread 0x000002bc1253e8f0 nmethod 4993 0x000002bc22519190 code [0x000002bc22519320, 0x000002bc225193e8]
Event: 5.568 Thread 0x000002bc1253e8f0 4995       3       java.lang.Class::forName (24 bytes)
Event: 5.568 Thread 0x000002bc1253e8f0 nmethod 4995 0x000002bc1b210f90 code [0x000002bc1b211140, 0x000002bc1b211348]
Event: 5.568 Thread 0x000002bc1253e8f0 4996       3       java.lang.Class::forName (41 bytes)
Event: 5.569 Thread 0x000002bc1253e8f0 nmethod 4996 0x000002bc1b211490 code [0x000002bc1b211640, 0x000002bc1b211838]
Event: 5.569 Thread 0x000002bc1253e8f0 4994       1       sun.reflect.generics.tree.SimpleClassTypeSignature::getTypeArguments (5 bytes)
Event: 5.569 Thread 0x000002bc1253e8f0 nmethod 4994 0x000002bc22519490 code [0x000002bc22519620, 0x000002bc225196e8]
Event: 5.570 Thread 0x000002bc763de630 nmethod 4991 0x000002bc22519790 code [0x000002bc22519920, 0x000002bc22519a78]
Event: 5.570 Thread 0x000002bc705dc660 nmethod 4941 0x000002bc22519c10 code [0x000002bc22519de0, 0x000002bc2251a620]
Event: 5.571 Thread 0x000002bc763de630 4992   !   4       org.eclipse.osgi.internal.loader.classpath.ClasspathManager::findLocalClass (210 bytes)
Event: 5.574 Thread 0x000002bc705dc660 4997       4       org.eclipse.osgi.internal.container.KeyBasedLockStore::getLock (105 bytes)
Event: 5.582 Thread 0x000002bc1253e8f0 4998       3       sun.invoke.util.VerifyAccess::isModuleAccessible (97 bytes)
Event: 5.621 Thread 0x000002bc1253e8f0 nmethod 4998 0x000002bc1a8bf990 code [0x000002bc1a8bfc60, 0x000002bc1a8c08d0]
Event: 5.621 Thread 0x000002bc1253e8f0 4999       3       java.util.regex.Pattern::atom (422 bytes)
Event: 5.623 Thread 0x000002bc1253e8f0 nmethod 4999 0x000002bc1aa6df10 code [0x000002bc1aa6e2a0, 0x000002bc1aa6f890]

GC Heap History (20 events):
Event: 3.816 GC heap before
{Heap before GC invocations=7 (full 0):
 PSYoungGen      total 30208K, used 30177K [0x00000000d5580000, 0x00000000d7980000, 0x0000000100000000)
  eden space 24576K, 100% used [0x00000000d5580000,0x00000000d6d80000,0x00000000d6d80000)
  from space 5632K, 99% used [0x00000000d7380000,0x00000000d78f8668,0x00000000d7900000)
  to   space 6144K, 0% used [0x00000000d6d80000,0x00000000d6d80000,0x00000000d7380000)
 ParOldGen       total 68608K, used 7334K [0x0000000080000000, 0x0000000084300000, 0x00000000d5580000)
  object space 68608K, 10% used [0x0000000080000000,0x0000000080729b00,0x0000000084300000)
 Metaspace       used 18711K, committed 19392K, reserved 1114112K
  class space    used 1931K, committed 2176K, reserved 1048576K
}
Event: 3.819 GC heap after
{Heap after GC invocations=7 (full 0):
 PSYoungGen      total 29696K, used 5225K [0x00000000d5580000, 0x00000000d7800000, 0x0000000100000000)
  eden space 24064K, 0% used [0x00000000d5580000,0x00000000d5580000,0x00000000d6d00000)
  from space 5632K, 92% used [0x00000000d6d80000,0x00000000d729a520,0x00000000d7300000)
  to   space 5120K, 0% used [0x00000000d7300000,0x00000000d7300000,0x00000000d7800000)
 ParOldGen       total 68608K, used 8494K [0x0000000080000000, 0x0000000084300000, 0x00000000d5580000)
  object space 68608K, 12% used [0x0000000080000000,0x000000008084ba80,0x0000000084300000)
 Metaspace       used 18711K, committed 19392K, reserved 1114112K
  class space    used 1931K, committed 2176K, reserved 1048576K
}
Event: 4.116 GC heap before
{Heap before GC invocations=8 (full 0):
 PSYoungGen      total 29696K, used 26768K [0x00000000d5580000, 0x00000000d7800000, 0x0000000100000000)
  eden space 24064K, 89% used [0x00000000d5580000,0x00000000d6a89eb0,0x00000000d6d00000)
  from space 5632K, 92% used [0x00000000d6d80000,0x00000000d729a520,0x00000000d7300000)
  to   space 5120K, 0% used [0x00000000d7300000,0x00000000d7300000,0x00000000d7800000)
 ParOldGen       total 68608K, used 8494K [0x0000000080000000, 0x0000000084300000, 0x00000000d5580000)
  object space 68608K, 12% used [0x0000000080000000,0x000000008084ba80,0x0000000084300000)
 Metaspace       used 20753K, committed 21504K, reserved 1114112K
  class space    used 2183K, committed 2496K, reserved 1048576K
}
Event: 4.119 GC heap after
{Heap after GC invocations=8 (full 0):
 PSYoungGen      total 29184K, used 5095K [0x00000000d5580000, 0x00000000d7900000, 0x0000000100000000)
  eden space 24064K, 0% used [0x00000000d5580000,0x00000000d5580000,0x00000000d6d00000)
  from space 5120K, 99% used [0x00000000d7300000,0x00000000d77f9c90,0x00000000d7800000)
  to   space 6144K, 0% used [0x00000000d6d00000,0x00000000d6d00000,0x00000000d7300000)
 ParOldGen       total 68608K, used 9105K [0x0000000080000000, 0x0000000084300000, 0x00000000d5580000)
  object space 68608K, 13% used [0x0000000080000000,0x00000000808e44f8,0x0000000084300000)
 Metaspace       used 20753K, committed 21504K, reserved 1114112K
  class space    used 2183K, committed 2496K, reserved 1048576K
}
Event: 4.119 GC heap before
{Heap before GC invocations=9 (full 1):
 PSYoungGen      total 29184K, used 5095K [0x00000000d5580000, 0x00000000d7900000, 0x0000000100000000)
  eden space 24064K, 0% used [0x00000000d5580000,0x00000000d5580000,0x00000000d6d00000)
  from space 5120K, 99% used [0x00000000d7300000,0x00000000d77f9c90,0x00000000d7800000)
  to   space 6144K, 0% used [0x00000000d6d00000,0x00000000d6d00000,0x00000000d7300000)
 ParOldGen       total 68608K, used 9105K [0x0000000080000000, 0x0000000084300000, 0x00000000d5580000)
  object space 68608K, 13% used [0x0000000080000000,0x00000000808e44f8,0x0000000084300000)
 Metaspace       used 20753K, committed 21504K, reserved 1114112K
  class space    used 2183K, committed 2496K, reserved 1048576K
}
Event: 4.155 GC heap after
{Heap after GC invocations=9 (full 1):
 PSYoungGen      total 29184K, used 0K [0x00000000d5580000, 0x00000000d7900000, 0x0000000100000000)
  eden space 24064K, 0% used [0x00000000d5580000,0x00000000d5580000,0x00000000d6d00000)
  from space 5120K, 0% used [0x00000000d7300000,0x00000000d7300000,0x00000000d7800000)
  to   space 6144K, 0% used [0x00000000d6d00000,0x00000000d6d00000,0x00000000d7300000)
 ParOldGen       total 68608K, used 12875K [0x0000000080000000, 0x0000000084300000, 0x00000000d5580000)
  object space 68608K, 18% used [0x0000000080000000,0x0000000080c92d38,0x0000000084300000)
 Metaspace       used 20741K, committed 21504K, reserved 1114112K
  class space    used 2180K, committed 2496K, reserved 1048576K
}
Event: 4.388 GC heap before
{Heap before GC invocations=10 (full 1):
 PSYoungGen      total 29184K, used 24064K [0x00000000d5580000, 0x00000000d7900000, 0x0000000100000000)
  eden space 24064K, 100% used [0x00000000d5580000,0x00000000d6d00000,0x00000000d6d00000)
  from space 5120K, 0% used [0x00000000d7300000,0x00000000d7300000,0x00000000d7800000)
  to   space 6144K, 0% used [0x00000000d6d00000,0x00000000d6d00000,0x00000000d7300000)
 ParOldGen       total 68608K, used 12875K [0x0000000080000000, 0x0000000084300000, 0x00000000d5580000)
  object space 68608K, 18% used [0x0000000080000000,0x0000000080c92d38,0x0000000084300000)
 Metaspace       used 23018K, committed 23872K, reserved 1114112K
  class space    used 2339K, committed 2688K, reserved 1048576K
}
Event: 4.390 GC heap after
{Heap after GC invocations=10 (full 1):
 PSYoungGen      total 24576K, used 894K [0x00000000d5580000, 0x00000000d7380000, 0x0000000100000000)
  eden space 23552K, 0% used [0x00000000d5580000,0x00000000d5580000,0x00000000d6c80000)
  from space 1024K, 87% used [0x00000000d6d00000,0x00000000d6ddfb28,0x00000000d6e00000)
  to   space 3072K, 0% used [0x00000000d7080000,0x00000000d7080000,0x00000000d7380000)
 ParOldGen       total 68608K, used 12883K [0x0000000080000000, 0x0000000084300000, 0x00000000d5580000)
  object space 68608K, 18% used [0x0000000080000000,0x0000000080c94d38,0x0000000084300000)
 Metaspace       used 23018K, committed 23872K, reserved 1114112K
  class space    used 2339K, committed 2688K, reserved 1048576K
}
Event: 4.634 GC heap before
{Heap before GC invocations=11 (full 1):
 PSYoungGen      total 24576K, used 23694K [0x00000000d5580000, 0x00000000d7380000, 0x0000000100000000)
  eden space 23552K, 96% used [0x00000000d5580000,0x00000000d6bc3f58,0x00000000d6c80000)
  from space 1024K, 87% used [0x00000000d6d00000,0x00000000d6ddfb28,0x00000000d6e00000)
  to   space 3072K, 0% used [0x00000000d7080000,0x00000000d7080000,0x00000000d7380000)
 ParOldGen       total 68608K, used 12883K [0x0000000080000000, 0x0000000084300000, 0x00000000d5580000)
  object space 68608K, 18% used [0x0000000080000000,0x0000000080c94d38,0x0000000084300000)
 Metaspace       used 26320K, committed 27200K, reserved 1114112K
  class space    used 2603K, committed 2944K, reserved 1048576K
}
Event: 4.635 GC heap after
{Heap after GC invocations=11 (full 1):
 PSYoungGen      total 25088K, used 1741K [0x00000000d5580000, 0x00000000d7280000, 0x0000000100000000)
  eden space 23040K, 0% used [0x00000000d5580000,0x00000000d5580000,0x00000000d6c00000)
  from space 2048K, 85% used [0x00000000d7080000,0x00000000d72337c8,0x00000000d7280000)
  to   space 2048K, 0% used [0x00000000d6e80000,0x00000000d6e80000,0x00000000d7080000)
 ParOldGen       total 68608K, used 12883K [0x0000000080000000, 0x0000000084300000, 0x00000000d5580000)
  object space 68608K, 18% used [0x0000000080000000,0x0000000080c94d38,0x0000000084300000)
 Metaspace       used 26320K, committed 27200K, reserved 1114112K
  class space    used 2603K, committed 2944K, reserved 1048576K
}
Event: 4.892 GC heap before
{Heap before GC invocations=12 (full 1):
 PSYoungGen      total 25088K, used 24781K [0x00000000d5580000, 0x00000000d7280000, 0x0000000100000000)
  eden space 23040K, 100% used [0x00000000d5580000,0x00000000d6c00000,0x00000000d6c00000)
  from space 2048K, 85% used [0x00000000d7080000,0x00000000d72337c8,0x00000000d7280000)
  to   space 2048K, 0% used [0x00000000d6e80000,0x00000000d6e80000,0x00000000d7080000)
 ParOldGen       total 68608K, used 12883K [0x0000000080000000, 0x0000000084300000, 0x00000000d5580000)
  object space 68608K, 18% used [0x0000000080000000,0x0000000080c94d38,0x0000000084300000)
 Metaspace       used 27956K, committed 28928K, reserved 1114112K
  class space    used 2730K, committed 3136K, reserved 1048576K
}
Event: 4.895 GC heap after
{Heap after GC invocations=12 (full 1):
 PSYoungGen      total 24576K, used 1748K [0x00000000d5580000, 0x00000000d7100000, 0x0000000100000000)
  eden space 22528K, 0% used [0x00000000d5580000,0x00000000d5580000,0x00000000d6b80000)
  from space 2048K, 85% used [0x00000000d6e80000,0x00000000d7035018,0x00000000d7080000)
  to   space 512K, 0% used [0x00000000d7080000,0x00000000d7080000,0x00000000d7100000)
 ParOldGen       total 68608K, used 14448K [0x0000000080000000, 0x0000000084300000, 0x00000000d5580000)
  object space 68608K, 21% used [0x0000000080000000,0x0000000080e1c1a0,0x0000000084300000)
 Metaspace       used 27956K, committed 28928K, reserved 1114112K
  class space    used 2730K, committed 3136K, reserved 1048576K
}
Event: 5.363 GC heap before
{Heap before GC invocations=13 (full 1):
 PSYoungGen      total 24576K, used 24276K [0x00000000d5580000, 0x00000000d7100000, 0x0000000100000000)
  eden space 22528K, 100% used [0x00000000d5580000,0x00000000d6b80000,0x00000000d6b80000)
  from space 2048K, 85% used [0x00000000d6e80000,0x00000000d7035018,0x00000000d7080000)
  to   space 512K, 0% used [0x00000000d7080000,0x00000000d7080000,0x00000000d7100000)
 ParOldGen       total 68608K, used 14448K [0x0000000080000000, 0x0000000084300000, 0x00000000d5580000)
  object space 68608K, 21% used [0x0000000080000000,0x0000000080e1c1a0,0x0000000084300000)
 Metaspace       used 31369K, committed 32384K, reserved 1114112K
  class space    used 3102K, committed 3520K, reserved 1048576K
}
Event: 5.365 GC heap after
{Heap after GC invocations=13 (full 1):
 PSYoungGen      total 22528K, used 510K [0x00000000d5580000, 0x00000000d7300000, 0x0000000100000000)
  eden space 22016K, 0% used [0x00000000d5580000,0x00000000d5580000,0x00000000d6b00000)
  from space 512K, 99% used [0x00000000d7080000,0x00000000d70ff9a0,0x00000000d7100000)
  to   space 4096K, 0% used [0x00000000d6b00000,0x00000000d6b00000,0x00000000d6f00000)
 ParOldGen       total 68608K, used 17400K [0x0000000080000000, 0x0000000084300000, 0x00000000d5580000)
  object space 68608K, 25% used [0x0000000080000000,0x00000000810fe328,0x0000000084300000)
 Metaspace       used 31369K, committed 32384K, reserved 1114112K
  class space    used 3102K, committed 3520K, reserved 1048576K
}
Event: 5.548 GC heap before
{Heap before GC invocations=14 (full 1):
 PSYoungGen      total 22528K, used 22512K [0x00000000d5580000, 0x00000000d7300000, 0x0000000100000000)
  eden space 22016K, 99% used [0x00000000d5580000,0x00000000d6afc6d8,0x00000000d6b00000)
  from space 512K, 99% used [0x00000000d7080000,0x00000000d70ff9a0,0x00000000d7100000)
  to   space 4096K, 0% used [0x00000000d6b00000,0x00000000d6b00000,0x00000000d6f00000)
 ParOldGen       total 68608K, used 17400K [0x0000000080000000, 0x0000000084300000, 0x00000000d5580000)
  object space 68608K, 25% used [0x0000000080000000,0x00000000810fe328,0x0000000084300000)
 Metaspace       used 34002K, committed 35072K, reserved 1114112K
  class space    used 3428K, committed 3904K, reserved 1048576K
}
Event: 5.550 GC heap after
{Heap after GC invocations=14 (full 1):
 PSYoungGen      total 23552K, used 1504K [0x00000000d5580000, 0x00000000d7100000, 0x0000000100000000)
  eden space 22016K, 0% used [0x00000000d5580000,0x00000000d5580000,0x00000000d6b00000)
  from space 1536K, 97% used [0x00000000d6b00000,0x00000000d6c78000,0x00000000d6c80000)
  to   space 2560K, 0% used [0x00000000d6e80000,0x00000000d6e80000,0x00000000d7100000)
 ParOldGen       total 68608K, used 17953K [0x0000000080000000, 0x0000000084300000, 0x00000000d5580000)
  object space 68608K, 26% used [0x0000000080000000,0x0000000081188578,0x0000000084300000)
 Metaspace       used 34002K, committed 35072K, reserved 1114112K
  class space    used 3428K, committed 3904K, reserved 1048576K
}
Event: 5.582 GC heap before
{Heap before GC invocations=15 (full 1):
 PSYoungGen      total 23552K, used 4928K [0x00000000d5580000, 0x00000000d7100000, 0x0000000100000000)
  eden space 22016K, 15% used [0x00000000d5580000,0x00000000d58d8088,0x00000000d6b00000)
  from space 1536K, 97% used [0x00000000d6b00000,0x00000000d6c78000,0x00000000d6c80000)
  to   space 2560K, 0% used [0x00000000d6e80000,0x00000000d6e80000,0x00000000d7100000)
 ParOldGen       total 68608K, used 17953K [0x0000000080000000, 0x0000000084300000, 0x00000000d5580000)
  object space 68608K, 26% used [0x0000000080000000,0x0000000081188578,0x0000000084300000)
 Metaspace       used 34745K, committed 35840K, reserved 1114112K
  class space    used 3512K, committed 3968K, reserved 1048576K
}
Event: 5.584 GC heap after
{Heap after GC invocations=15 (full 1):
 PSYoungGen      total 22528K, used 352K [0x00000000d5580000, 0x00000000d6f00000, 0x0000000100000000)
  eden space 22016K, 0% used [0x00000000d5580000,0x00000000d5580000,0x00000000d6b00000)
  from space 512K, 68% used [0x00000000d6e80000,0x00000000d6ed8000,0x00000000d6f00000)
  to   space 1024K, 0% used [0x00000000d6d00000,0x00000000d6d00000,0x00000000d6e00000)
 ParOldGen       total 68608K, used 19312K [0x0000000080000000, 0x0000000084300000, 0x00000000d5580000)
  object space 68608K, 28% used [0x0000000080000000,0x00000000812dc118,0x0000000084300000)
 Metaspace       used 34745K, committed 35840K, reserved 1114112K
  class space    used 3512K, committed 3968K, reserved 1048576K
}
Event: 5.584 GC heap before
{Heap before GC invocations=16 (full 2):
 PSYoungGen      total 22528K, used 352K [0x00000000d5580000, 0x00000000d6f00000, 0x0000000100000000)
  eden space 22016K, 0% used [0x00000000d5580000,0x00000000d5580000,0x00000000d6b00000)
  from space 512K, 68% used [0x00000000d6e80000,0x00000000d6ed8000,0x00000000d6f00000)
  to   space 1024K, 0% used [0x00000000d6d00000,0x00000000d6d00000,0x00000000d6e00000)
 ParOldGen       total 68608K, used 19312K [0x0000000080000000, 0x0000000084300000, 0x00000000d5580000)
  object space 68608K, 28% used [0x0000000080000000,0x00000000812dc118,0x0000000084300000)
 Metaspace       used 34745K, committed 35840K, reserved 1114112K
  class space    used 3512K, committed 3968K, reserved 1048576K
}
Event: 5.620 GC heap after
{Heap after GC invocations=16 (full 2):
 PSYoungGen      total 22528K, used 0K [0x00000000d5580000, 0x00000000d6f00000, 0x0000000100000000)
  eden space 22016K, 0% used [0x00000000d5580000,0x00000000d5580000,0x00000000d6b00000)
  from space 512K, 0% used [0x00000000d6e80000,0x00000000d6e80000,0x00000000d6f00000)
  to   space 1024K, 0% used [0x00000000d6d00000,0x00000000d6d00000,0x00000000d6e00000)
 ParOldGen       total 68608K, used 18337K [0x0000000080000000, 0x0000000084300000, 0x00000000d5580000)
  object space 68608K, 26% used [0x0000000080000000,0x00000000811e8458,0x0000000084300000)
 Metaspace       used 34737K, committed 35840K, reserved 1114112K
  class space    used 3510K, committed 3968K, reserved 1048576K
}

Dll operation events (11 events):
Event: 0.011 Loaded shared library C:\Program Files\Java\jdk-22\bin\java.dll
Event: 0.045 Loaded shared library C:\Program Files\Java\jdk-22\bin\jsvml.dll
Event: 0.102 Loaded shared library C:\Program Files\Java\jdk-22\bin\zip.dll
Event: 0.106 Loaded shared library C:\Program Files\Java\jdk-22\bin\instrument.dll
Event: 0.110 Loaded shared library C:\Program Files\Java\jdk-22\bin\net.dll
Event: 0.112 Loaded shared library C:\Program Files\Java\jdk-22\bin\nio.dll
Event: 0.116 Loaded shared library C:\Program Files\Java\jdk-22\bin\zip.dll
Event: 0.134 Loaded shared library C:\Program Files\Java\jdk-22\bin\jimage.dll
Event: 0.210 Loaded shared library C:\Program Files\Java\jdk-22\bin\verify.dll
Event: 1.958 Loaded shared library C:\Users\ASUS\AppData\Roaming\Code\User\globalStorage\redhat.java\1.48.0\config_win\org.eclipse.equinox.launcher\org.eclipse.equinox.launcher.win32.win32.x86_64_1.2.1400.v20250801-0854\eclipse_11916.dll
Event: 3.556 Loaded shared library C:\Users\ASUS\AppData\Local\Temp\jna-2018896\jna5714732967410720143.dll

Deoptimization events (20 events):
Event: 5.502 Thread 0x000002bc763c0c20 DEOPT PACKING pc=0x000002bc223b9be8 sp=0x000000e4b45fd830
Event: 5.502 Thread 0x000002bc763c0c20 DEOPT UNPACKING pc=0x000002bc21d43aa2 sp=0x000000e4b45fd7d8 mode 2
Event: 5.502 Thread 0x000002bc763c0c20 Uncommon trap: trap_request=0xffffffde fr.pc=0x000002bc223b9be8 relative=0x00000000000015c8
Event: 5.502 Thread 0x000002bc763c0c20 Uncommon trap: reason=class_check action=maybe_recompile pc=0x000002bc223b9be8 method=java.lang.String.<init>(Ljava/nio/charset/Charset;[BII)V @ 509 c2
Event: 5.502 Thread 0x000002bc763c0c20 DEOPT PACKING pc=0x000002bc223b9be8 sp=0x000000e4b45fd830
Event: 5.502 Thread 0x000002bc763c0c20 DEOPT UNPACKING pc=0x000002bc21d43aa2 sp=0x000000e4b45fd7d8 mode 2
Event: 5.503 Thread 0x000002bc763c0c20 Uncommon trap: trap_request=0xffffffde fr.pc=0x000002bc223b9be8 relative=0x00000000000015c8
Event: 5.503 Thread 0x000002bc763c0c20 Uncommon trap: reason=class_check action=maybe_recompile pc=0x000002bc223b9be8 method=java.lang.String.<init>(Ljava/nio/charset/Charset;[BII)V @ 509 c2
Event: 5.503 Thread 0x000002bc763c0c20 DEOPT PACKING pc=0x000002bc223b9be8 sp=0x000000e4b45fd830
Event: 5.503 Thread 0x000002bc763c0c20 DEOPT UNPACKING pc=0x000002bc21d43aa2 sp=0x000000e4b45fd7d8 mode 2
Event: 5.504 Thread 0x000002bc763c0c20 DEOPT PACKING pc=0x000002bc1a8b940b sp=0x000000e4b45fd560
Event: 5.504 Thread 0x000002bc763c0c20 DEOPT UNPACKING pc=0x000002bc21d44242 sp=0x000000e4b45fc9f8 mode 0
Event: 5.507 Thread 0x000002bc763c0c20 DEOPT PACKING pc=0x000002bc1a8b940b sp=0x000000e4b45fd570
Event: 5.507 Thread 0x000002bc763c0c20 DEOPT UNPACKING pc=0x000002bc21d44242 sp=0x000000e4b45fc9e8 mode 0
Event: 5.508 Thread 0x000002bc763c0c20 DEOPT PACKING pc=0x000002bc1a8b940b sp=0x000000e4b45fd580
Event: 5.508 Thread 0x000002bc763c0c20 DEOPT UNPACKING pc=0x000002bc21d44242 sp=0x000000e4b45fc9f8 mode 0
Event: 5.512 Thread 0x000002bc10239e60 Uncommon trap: trap_request=0xffffff45 fr.pc=0x000002bc22465a54 relative=0x0000000000000df4
Event: 5.512 Thread 0x000002bc10239e60 Uncommon trap: reason=unstable_if action=reinterpret pc=0x000002bc22465a54 method=java.util.LinkedHashMap.afterNodeInsertion(Z)V @ 1 c2
Event: 5.512 Thread 0x000002bc10239e60 DEOPT PACKING pc=0x000002bc22465a54 sp=0x000000e4b12fe250
Event: 5.512 Thread 0x000002bc10239e60 DEOPT UNPACKING pc=0x000002bc21d43aa2 sp=0x000000e4b12fe0c8 mode 2

Classes loaded (20 events):
Event: 5.623 Loading class sun/security/ssl/OutputRecord
Event: 5.623 Loading class sun/security/ssl/OutputRecord done
Event: 5.623 Loading class sun/security/ssl/SSLSocketOutputRecord done
Event: 5.624 Loading class sun/security/ssl/SSLHandshake
Event: 5.624 Loading class sun/security/ssl/SSLConsumer
Event: 5.624 Loading class sun/security/ssl/SSLConsumer done
Event: 5.624 Loading class sun/security/ssl/HandshakeProducer
Event: 5.624 Loading class sun/security/ssl/HandshakeProducer done
Event: 5.624 Loading class sun/security/ssl/SSLHandshake done
Event: 5.624 Loading class sun/security/ssl/HelloRequest
Event: 5.624 Loading class sun/security/ssl/HelloRequest done
Event: 5.625 Loading class sun/security/ssl/HelloRequest$HelloRequestKickstartProducer
Event: 5.625 Loading class sun/security/ssl/SSLProducer
Event: 5.625 Loading class sun/security/ssl/SSLProducer done
Event: 5.625 Loading class sun/security/ssl/HelloRequest$HelloRequestKickstartProducer done
Event: 5.625 Loading class sun/security/ssl/HelloRequest$HelloRequestConsumer
Event: 5.625 Loading class sun/security/ssl/HelloRequest$HelloRequestConsumer done
Event: 5.625 Loading class sun/security/ssl/HelloRequest$HelloRequestProducer
Event: 5.625 Loading class sun/security/ssl/HelloRequest$HelloRequestProducer done
Event: 5.626 Loading class sun/security/ssl/ClientHello

Classes unloaded (11 events):
Event: 4.123 Thread 0x000002bc6f1e6ce0 Unloading class 0x000002bc2f1ac800 'java/lang/invoke/LambdaForm$MH+0x000002bc2f1ac800'
Event: 4.123 Thread 0x000002bc6f1e6ce0 Unloading class 0x000002bc2f1ac400 'java/lang/invoke/LambdaForm$MH+0x000002bc2f1ac400'
Event: 4.123 Thread 0x000002bc6f1e6ce0 Unloading class 0x000002bc2f1ac000 'java/lang/invoke/LambdaForm$MH+0x000002bc2f1ac000'
Event: 4.123 Thread 0x000002bc6f1e6ce0 Unloading class 0x000002bc2f1abc00 'java/lang/invoke/LambdaForm$MH+0x000002bc2f1abc00'
Event: 4.123 Thread 0x000002bc6f1e6ce0 Unloading class 0x000002bc2f1ab800 'java/lang/invoke/LambdaForm$BMH+0x000002bc2f1ab800'
Event: 4.123 Thread 0x000002bc6f1e6ce0 Unloading class 0x000002bc2f1ab400 'java/lang/invoke/LambdaForm$DMH+0x000002bc2f1ab400'
Event: 4.123 Thread 0x000002bc6f1e6ce0 Unloading class 0x000002bc2f1aa000 'java/lang/invoke/LambdaForm$DMH+0x000002bc2f1aa000'
Event: 5.588 Thread 0x000002bc6f1e6ce0 Unloading class 0x000002bc2f33c000 'java/lang/invoke/LambdaForm$MH+0x000002bc2f33c000'
Event: 5.588 Thread 0x000002bc6f1e6ce0 Unloading class 0x000002bc2f33b800 'java/lang/invoke/LambdaForm$MH+0x000002bc2f33b800'
Event: 5.588 Thread 0x000002bc6f1e6ce0 Unloading class 0x000002bc2f33b000 'java/lang/invoke/LambdaForm$MH+0x000002bc2f33b000'
Event: 5.588 Thread 0x000002bc6f1e6ce0 Unloading class 0x000002bc2f33a800 'java/lang/invoke/LambdaForm$MH+0x000002bc2f33a800'

Classes redefined (0 events):
No events

Internal exceptions (20 events):
Event: 4.852 Thread 0x000002bc76133c80 Exception <a 'java/lang/ClassNotFoundException'{0x00000000d6940fe8}: com/sun/org/apache/xerces/internal/impl/msg/spi/DOMMessagesProvider> (0x00000000d6940fe8) 
thrown [s\open\src\hotspot\share\classfile\systemDictionary.cpp, line 313]
Event: 4.853 Thread 0x000002bc76133c80 Exception <a 'java/lang/ClassNotFoundException'{0x00000000d694dfa8}: com/sun/org/apache/xerces/internal/impl/msg/spi/XMLSerializerMessagesProvider> (0x00000000d694dfa8) 
thrown [s\open\src\hotspot\share\classfile\systemDictionary.cpp, line 313]
Event: 4.853 Thread 0x000002bc76133c80 Exception <a 'java/lang/ClassNotFoundException'{0x00000000d6958fe8}: com/sun/org/apache/xerces/internal/impl/msg/spi/XMLMessagesProvider> (0x00000000d6958fe8) 
thrown [s\open\src\hotspot\share\classfile\systemDictionary.cpp, line 313]
Event: 5.054 Thread 0x000002bc76133c80 Exception <a 'java/lang/ClassNotFoundException'{0x00000000d5a71ef8}: com/sun/org/apache/xml/internal/serializer/spi/XMLEntitiesProvider> (0x00000000d5a71ef8) 
thrown [s\open\src\hotspot\share\classfile\systemDictionary.cpp, line 313]
Event: 5.197 Thread 0x000002bc76133c80 Exception <a 'java/io/FileNotFoundException'{0x00000000d5dd9788}> (0x00000000d5dd9788) 
thrown [s\open\src\hotspot\share\prims\jni.cpp, line 520]
Event: 5.218 Thread 0x000002bc763bd110 Exception <a 'java/lang/NoSuchMethodError'{0x00000000d5fd4268}: 'java.lang.Object java.lang.invoke.Invokers$Holder.invoke_MT(java.lang.Object, java.lang.Object, java.lang.Object, java.lang.Object, java.lang.Object, java.lang.Object, java.lang.Object, java.lang.Object, java.lang.Object)'> (0x00000000d5fd4268) 
thrown [s\open\src\hotspot\share\interpreter\linkResolver.cpp, line 774]
Event: 5.223 Thread 0x000002bc763bd110 Exception <a 'java/lang/NoSuchMethodError'{0x00000000d601af38}: 'int java.lang.invoke.DirectMethodHandle$Holder.invokeSpecial(java.lang.Object, java.lang.Object, java.lang.Object, java.lang.Object)'> (0x00000000d601af38) 
thrown [s\open\src\hotspot\share\interpreter\linkResolver.cpp, line 774]
Event: 5.225 Thread 0x000002bc763bd110 Exception <a 'java/lang/NoSuchMethodError'{0x00000000d6029158}: 'java.lang.Object java.lang.invoke.DirectMethodHandle$Holder.invokeStatic(java.lang.Object, int, java.lang.Object, java.lang.Object)'> (0x00000000d6029158) 
thrown [s\open\src\hotspot\share\interpreter\linkResolver.cpp, line 774]
Event: 5.225 Thread 0x000002bc763bd110 Exception <a 'java/lang/NoSuchMethodError'{0x00000000d602e540}: 'java.lang.Object java.lang.invoke.DelegatingMethodHandle$Holder.delegate(java.lang.Object, int, java.lang.Object, java.lang.Object)'> (0x00000000d602e540) 
thrown [s\open\src\hotspot\share\interpreter\linkResolver.cpp, line 774]
Event: 5.230 Thread 0x000002bc763bd110 Implicit null exception at 0x000002bc224ba876 to 0x000002bc224bab94
Event: 5.232 Thread 0x000002bc763bd110 Exception <a 'java/lang/NoSuchMethodError'{0x00000000d60d2c78}: 'int java.lang.invoke.Invokers$Holder.linkToTargetMethod(java.lang.Object, java.lang.Object, java.lang.Object)'> (0x00000000d60d2c78) 
thrown [s\open\src\hotspot\share\interpreter\linkResolver.cpp, line 774]
Event: 5.233 Thread 0x000002bc76133c80 Exception <a 'java/lang/UnsatisfiedLinkError'{0x00000000d606c548}: The specified procedure could not be found.
> (0x00000000d606c548) 
thrown [s\open\src\hotspot\share\prims\jni.cpp, line 539]
Event: 5.238 Thread 0x000002bc76133c80 Exception <a 'java/io/FileNotFoundException'{0x00000000d60842c0}> (0x00000000d60842c0) 
thrown [s\open\src\hotspot\share\prims\jni.cpp, line 520]
Event: 5.250 Thread 0x000002bc76133c80 Exception <a 'java/io/FileNotFoundException'{0x00000000d61b1150}> (0x00000000d61b1150) 
thrown [s\open\src\hotspot\share\prims\jni.cpp, line 520]
Event: 5.265 Thread 0x000002bc76133c80 Exception <a 'java/lang/UnsatisfiedLinkError'{0x00000000d6239da8}: The specified procedure could not be found.
> (0x00000000d6239da8) 
thrown [s\open\src\hotspot\share\prims\jni.cpp, line 539]
Event: 5.287 Thread 0x000002bc763bff00 Exception <a 'java/lang/NoSuchMethodError'{0x00000000d6330f98}: 'java.lang.Object java.lang.invoke.DirectMethodHandle$Holder.invokeSpecialIFC(java.lang.Object, java.lang.Object, java.lang.Object, java.lang.Object)'> (0x00000000d6330f98) 
thrown [s\open\src\hotspot\share\interpreter\linkResolver.cpp, line 774]
Event: 5.402 Thread 0x000002bc10239e60 Exception <a 'java/lang/NoSuchMethodError'{0x00000000d5a517a0}: 'java.lang.Object java.lang.invoke.DirectMethodHandle$Holder.invokeStatic(java.lang.Object, long, java.lang.Object)'> (0x00000000d5a517a0) 
thrown [s\open\src\hotspot\share\interpreter\linkResolver.cpp, line 774]
Event: 5.403 Thread 0x000002bc10239e60 Exception <a 'java/lang/NoSuchMethodError'{0x00000000d5a54e28}: 'java.lang.Object java.lang.invoke.DirectMethodHandle$Holder.invokeStaticInit(java.lang.Object, long, java.lang.Object)'> (0x00000000d5a54e28) 
thrown [s\open\src\hotspot\share\interpreter\linkResolver.cpp, line 774]
Event: 5.403 Thread 0x000002bc763c0c20 Exception <a 'sun/nio/fs/WindowsException'{0x00000000d5a4d140}> (0x00000000d5a4d140) 
thrown [s\open\src\hotspot\share\prims\jni.cpp, line 520]
Event: 5.404 Thread 0x000002bc10239e60 Exception <a 'java/lang/NoSuchMethodError'{0x00000000d5a86348}: 'java.lang.Object java.lang.invoke.DirectMethodHandle$Holder.newInvokeSpecial(java.lang.Object, long)'> (0x00000000d5a86348) 
thrown [s\open\src\hotspot\share\interpreter\linkResolver.cpp, line 774]

ZGC Phase Switch (0 events):
No events

VM Operations (20 events):
Event: 4.909 Executing VM operation: HandshakeAllThreads (Deoptimize)
Event: 4.910 Executing VM operation: HandshakeAllThreads (Deoptimize) done
Event: 5.053 Executing VM operation: HandshakeAllThreads (Deoptimize)
Event: 5.053 Executing VM operation: HandshakeAllThreads (Deoptimize) done
Event: 5.057 Executing VM operation: HandshakeAllThreads (Deoptimize)
Event: 5.057 Executing VM operation: HandshakeAllThreads (Deoptimize) done
Event: 5.088 Executing VM operation: HandshakeAllThreads (Deoptimize)
Event: 5.088 Executing VM operation: HandshakeAllThreads (Deoptimize) done
Event: 5.232 Executing VM operation: HandshakeAllThreads (Deoptimize)
Event: 5.232 Executing VM operation: HandshakeAllThreads (Deoptimize) done
Event: 5.346 Executing VM operation: HandshakeAllThreads (Deoptimize)
Event: 5.346 Executing VM operation: HandshakeAllThreads (Deoptimize) done
Event: 5.355 Executing VM operation: ParallelGCFailedAllocation (Allocation Failure)
Event: 5.365 Executing VM operation: ParallelGCFailedAllocation (Allocation Failure) done
Event: 5.498 Executing VM operation: HandshakeAllThreads (Deoptimize)
Event: 5.499 Executing VM operation: HandshakeAllThreads (Deoptimize) done
Event: 5.548 Executing VM operation: ParallelGCFailedAllocation (Allocation Failure)
Event: 5.550 Executing VM operation: ParallelGCFailedAllocation (Allocation Failure) done
Event: 5.582 Executing VM operation: CollectForMetadataAllocation (Metadata GC Threshold)
Event: 5.620 Executing VM operation: CollectForMetadataAllocation (Metadata GC Threshold) done

Events (20 events):
Event: 5.600 Thread 0x000002bc6f1e6ce0 flushing nmethod 0x000002bc1ae94390
Event: 5.600 Thread 0x000002bc6f1e6ce0 flushing nmethod 0x000002bc1aee8510
Event: 5.600 Thread 0x000002bc6f1e6ce0 flushing nmethod 0x000002bc1aef5b90
Event: 5.600 Thread 0x000002bc6f1e6ce0 flushing nmethod 0x000002bc1af2ce90
Event: 5.600 Thread 0x000002bc6f1e6ce0 flushing nmethod 0x000002bc1af5d710
Event: 5.600 Thread 0x000002bc6f1e6ce0 flushing nmethod 0x000002bc1af5db10
Event: 5.600 Thread 0x000002bc6f1e6ce0 flushing nmethod 0x000002bc1af5e410
Event: 5.600 Thread 0x000002bc6f1e6ce0 flushing nmethod 0x000002bc1af5f610
Event: 5.600 Thread 0x000002bc6f1e6ce0 flushing nmethod 0x000002bc1af5fe10
Event: 5.600 Thread 0x000002bc6f1e6ce0 flushing nmethod 0x000002bc1af60590
Event: 5.600 Thread 0x000002bc6f1e6ce0 flushing nmethod 0x000002bc1af62610
Event: 5.600 Thread 0x000002bc6f1e6ce0 flushing nmethod 0x000002bc1af62b10
Event: 5.600 Thread 0x000002bc6f1e6ce0 flushing nmethod 0x000002bc1af63810
Event: 5.600 Thread 0x000002bc6f1e6ce0 flushing nmethod 0x000002bc1af63c10
Event: 5.600 Thread 0x000002bc6f1e6ce0 flushing nmethod 0x000002bc1af64c10
Event: 5.600 Thread 0x000002bc6f1e6ce0 flushing nmethod 0x000002bc1af65090
Event: 5.600 Thread 0x000002bc6f1e6ce0 flushing nmethod 0x000002bc1af65e90
Event: 5.600 Thread 0x000002bc6f1e6ce0 flushing nmethod 0x000002bc1af80790
Event: 5.600 Thread 0x000002bc6f1e6ce0 flushing nmethod 0x000002bc1af8a310
Event: 5.600 Thread 0x000002bc6f1e6ce0 flushing nmethod 0x000002bc1b027990


Dynamic libraries:
0x00007ff699a70000 - 0x00007ff699a80000 	C:\Program Files\Java\jdk-22\bin\java.exe
0x00007ff964620000 - 0x00007ff964888000 	C:\WINDOWS\SYSTEM32\ntdll.dll
0x00007ff963390000 - 0x00007ff963459000 	C:\WINDOWS\System32\KERNEL32.DLL
0x00007ff961ce0000 - 0x00007ff9620d8000 	C:\WINDOWS\System32\KERNELBASE.dll
0x00007ff9619a0000 - 0x00007ff961aeb000 	C:\WINDOWS\System32\ucrtbase.dll
0x00007ff950110000 - 0x00007ff950127000 	C:\Program Files\Java\jdk-22\bin\jli.dll
0x00007ff9500c0000 - 0x00007ff9500db000 	C:\Program Files\Java\jdk-22\bin\VCRUNTIME140.dll
0x00007ff9624d0000 - 0x00007ff962584000 	C:\WINDOWS\System32\ADVAPI32.dll
0x00007ff964360000 - 0x00007ff964409000 	C:\WINDOWS\System32\msvcrt.dll
0x00007ff964160000 - 0x00007ff964206000 	C:\WINDOWS\System32\sechost.dll
0x00007ff962ec0000 - 0x00007ff962fd8000 	C:\WINDOWS\System32\RPCRT4.dll
0x00007ff964410000 - 0x00007ff9645d7000 	C:\WINDOWS\System32\USER32.dll
0x00007ff94cab0000 - 0x00007ff94cd44000 	C:\WINDOWS\WinSxS\amd64_microsoft.windows.common-controls_6595b64144ccf1df_6.0.26100.7019_none_3e06ffa0e335b8a8\COMCTL32.dll
0x00007ff961cb0000 - 0x00007ff961cd7000 	C:\WINDOWS\System32\win32u.dll
0x00007ff963c90000 - 0x00007ff963cbb000 	C:\WINDOWS\System32\GDI32.dll
0x00007ff961af0000 - 0x00007ff961c1c000 	C:\WINDOWS\System32\gdi32full.dll
0x00007ff9620e0000 - 0x00007ff962183000 	C:\WINDOWS\System32\msvcp_win.dll
0x00007ff9579f0000 - 0x00007ff9579fb000 	C:\WINDOWS\SYSTEM32\VERSION.dll
0x00007ff9642a0000 - 0x00007ff9642d1000 	C:\WINDOWS\System32\IMM32.DLL
0x00007ff95b0f0000 - 0x00007ff95b0fc000 	C:\Program Files\Java\jdk-22\bin\vcruntime140_1.dll
0x00007ff92f780000 - 0x00007ff92f80e000 	C:\Program Files\Java\jdk-22\bin\msvcp140.dll
0x00007ff8d3fb0000 - 0x00007ff8d4cf7000 	C:\Program Files\Java\jdk-22\bin\server\jvm.dll
0x00007ff962c40000 - 0x00007ff962cb4000 	C:\WINDOWS\System32\WS2_32.dll
0x00007ff9615d0000 - 0x00007ff96162e000 	C:\WINDOWS\SYSTEM32\POWRPROF.dll
0x00007ff956670000 - 0x00007ff9566a5000 	C:\WINDOWS\SYSTEM32\WINMM.dll
0x00007ff9615b0000 - 0x00007ff9615c4000 	C:\WINDOWS\SYSTEM32\UMPDC.dll
0x00007ff960500000 - 0x00007ff96051b000 	C:\WINDOWS\SYSTEM32\kernel.appcore.dll
0x00007ff959240000 - 0x00007ff95924a000 	C:\Program Files\Java\jdk-22\bin\jimage.dll
0x00007ff95ed10000 - 0x00007ff95ef52000 	C:\WINDOWS\SYSTEM32\DBGHELP.DLL
0x00007ff963cc0000 - 0x00007ff96404b000 	C:\WINDOWS\System32\combase.dll
0x00007ff9623f0000 - 0x00007ff9624c7000 	C:\WINDOWS\System32\OLEAUT32.dll
0x00007ff94a310000 - 0x00007ff94a34c000 	C:\WINDOWS\SYSTEM32\dbgcore.DLL
0x00007ff961770000 - 0x00007ff961815000 	C:\WINDOWS\System32\bcryptPrimitives.dll
0x00007ff950070000 - 0x00007ff95007f000 	C:\Program Files\Java\jdk-22\bin\instrument.dll
0x00007ff94f6f0000 - 0x00007ff94f70e000 	C:\Program Files\Java\jdk-22\bin\java.dll
0x00007ff963470000 - 0x00007ff963bbf000 	C:\WINDOWS\System32\SHELL32.dll
0x00007ff962250000 - 0x00007ff9623bb000 	C:\WINDOWS\System32\wintypes.dll
0x00007ff962a20000 - 0x00007ff962bb7000 	C:\WINDOWS\System32\ole32.dll
0x00007ff95f350000 - 0x00007ff95fbad000 	C:\WINDOWS\SYSTEM32\windows.storage.dll
0x00007ff962d40000 - 0x00007ff962e32000 	C:\WINDOWS\System32\SHCORE.dll
0x00007ff962e40000 - 0x00007ff962ea7000 	C:\WINDOWS\System32\shlwapi.dll
0x00007ff961690000 - 0x00007ff9616b9000 	C:\WINDOWS\SYSTEM32\profapi.dll
0x00007ff925d30000 - 0x00007ff925e07000 	C:\Program Files\Java\jdk-22\bin\jsvml.dll
0x00007ff94bdf0000 - 0x00007ff94be07000 	C:\Program Files\Java\jdk-22\bin\zip.dll
0x00007ff950080000 - 0x00007ff950090000 	C:\Program Files\Java\jdk-22\bin\net.dll
0x00007ff960aa0000 - 0x00007ff960b0b000 	C:\WINDOWS\system32\mswsock.dll
0x00007ff9477f0000 - 0x00007ff947806000 	C:\Program Files\Java\jdk-22\bin\nio.dll
0x00007ff94bde0000 - 0x00007ff94bdf0000 	C:\Program Files\Java\jdk-22\bin\verify.dll
0x00007ff93d3c0000 - 0x00007ff93d404000 	C:\Users\ASUS\AppData\Roaming\Code\User\globalStorage\redhat.java\1.48.0\config_win\org.eclipse.equinox.launcher\org.eclipse.equinox.launcher.win32.win32.x86_64_1.2.1400.v20250801-0854\eclipse_11916.dll
0x00007ff960d60000 - 0x00007ff960d7b000 	C:\WINDOWS\SYSTEM32\CRYPTSP.dll
0x00007ff960460000 - 0x00007ff96049a000 	C:\WINDOWS\system32\rsaenh.dll
0x00007ff960b50000 - 0x00007ff960b7b000 	C:\WINDOWS\SYSTEM32\USERENV.dll
0x00007ff961660000 - 0x00007ff96168a000 	C:\WINDOWS\SYSTEM32\bcrypt.dll
0x00007ff960d80000 - 0x00007ff960d8c000 	C:\WINDOWS\SYSTEM32\CRYPTBASE.dll
0x00007ff95fee0000 - 0x00007ff95ff14000 	C:\WINDOWS\SYSTEM32\IPHLPAPI.DLL
0x00007ff962c30000 - 0x00007ff962c3a000 	C:\WINDOWS\System32\NSI.dll
0x00007ff93a690000 - 0x00007ff93a6d9000 	C:\Users\ASUS\AppData\Local\Temp\jna-2018896\jna5714732967410720143.dll
0x00007ff963460000 - 0x00007ff963468000 	C:\WINDOWS\System32\PSAPI.DLL
0x00007ff95a5d0000 - 0x00007ff95a6f8000 	C:\WINDOWS\SYSTEM32\winhttp.dll
0x00007ff95ad00000 - 0x00007ff95ad1e000 	C:\WINDOWS\SYSTEM32\dhcpcsvc6.DLL
0x00007ff95acd0000 - 0x00007ff95acf3000 	C:\WINDOWS\SYSTEM32\dhcpcsvc.DLL
0x00007ff94bdd0000 - 0x00007ff94bdde000 	C:\Program Files\Java\jdk-22\bin\sunmscapi.dll
0x00007ff961820000 - 0x00007ff961997000 	C:\WINDOWS\System32\CRYPT32.dll
0x00007ff960f80000 - 0x00007ff960fb0000 	C:\WINDOWS\SYSTEM32\ncrypt.dll
0x00007ff960f30000 - 0x00007ff960f6f000 	C:\WINDOWS\SYSTEM32\NTASN1.dll

dbghelp: loaded successfully - version: 4.0.5 - missing functions: none
symbol engine: initialized successfully - sym options: 0x614 - pdb path: .;C:\Program Files\Java\jdk-22\bin;C:\WINDOWS\SYSTEM32;C:\WINDOWS\WinSxS\amd64_microsoft.windows.common-controls_6595b64144ccf1df_6.0.26100.7019_none_3e06ffa0e335b8a8;C:\Program Files\Java\jdk-22\bin\server;C:\Users\ASUS\AppData\Roaming\Code\User\globalStorage\redhat.java\1.48.0\config_win\org.eclipse.equinox.launcher\org.eclipse.equinox.launcher.win32.win32.x86_64_1.2.1400.v20250801-0854;C:\Users\ASUS\AppData\Local\Temp\jna-2018896

VM Arguments:
jvm_args: --add-modules=ALL-SYSTEM --add-opens=java.base/java.util=ALL-UNNAMED --add-opens=java.base/java.lang=ALL-UNNAMED --add-opens=java.base/sun.nio.fs=ALL-UNNAMED -Declipse.application=org.eclipse.jdt.ls.core.id1 -Dosgi.bundles.defaultStartLevel=4 -Declipse.product=org.eclipse.jdt.ls.core.product -Djava.import.generatesMetadataFilesAtProjectRoot=false -DDetectVMInstallationsJob.disabled=true -Dfile.encoding=utf8 -XX:+UseParallelGC -XX:GCTimeRatio=4 -XX:AdaptiveSizePolicyWeight=90 -Dsun.zip.disableMemoryMapping=true -Xmx2G -Xms100m -Xlog:disable -javaagent:c:\Users\ASUS\.vscode\extensions\redhat.java-1.48.0\lombok\lombok-1.18.39-4050.jar -XX:+HeapDumpOnOutOfMemoryError -XX:HeapDumpPath=c:\Users\ASUS\AppData\Roaming\Code\User\workspaceStorage\89e1db3ebefe5f936c154524965b6285\redhat.java -Daether.dependencyCollector.impl=bf 
java_command: c:\Users\ASUS\.vscode\extensions\redhat.java-1.48.0\server\plugins\org.eclipse.equinox.launcher_1.7.100.v20251111-0406.jar -configuration c:\Users\ASUS\AppData\Roaming\Code\User\globalStorage\redhat.java\1.48.0\config_win -data c:\Users\ASUS\AppData\Roaming\Code\User\workspaceStorage\89e1db3ebefe5f936c154524965b6285\redhat.java\jdt_ws --pipe=\\.\pipe\lsp-8725ced27243801dd6680c92fda78f81-sock
java_class_path (initial): c:\Users\ASUS\.vscode\extensions\redhat.java-1.48.0\server\plugins\org.eclipse.equinox.launcher_1.7.100.v20251111-0406.jar
Launcher Type: SUN_STANDARD

[Global flags]
     uint AdaptiveSizePolicyWeight                 = 90                                        {product} {command line}
     intx CICompilerCount                          = 4                                         {product} {ergonomic}
     uint GCTimeRatio                              = 4                                         {product} {command line}
     bool HeapDumpOnOutOfMemoryError               = true                                   {manageable} {command line}
    ccstr HeapDumpPath                             = c:\Users\ASUS\AppData\Roaming\Code\User\workspaceStorage\89e1db3ebefe5f936c154524965b6285\redhat.java         {manageable} {command line}
   size_t InitialHeapSize                          = 104857600                                 {product} {command line}
   size_t MaxHeapSize                              = 2147483648                                {product} {command line}
   size_t MaxNewSize                               = 715653120                                 {product} {ergonomic}
   size_t MinHeapDeltaBytes                        = 524288                                    {product} {ergonomic}
   size_t MinHeapSize                              = 104857600                                 {product} {command line}
   size_t NewSize                                  = 34603008                                  {product} {ergonomic}
    uintx NonNMethodCodeHeapSize                   = 5839372                                {pd product} {ergonomic}
    uintx NonProfiledCodeHeapSize                  = 122909434                              {pd product} {ergonomic}
   size_t OldSize                                  = 70254592                                  {product} {ergonomic}
    uintx ProfiledCodeHeapSize                     = 122909434                              {pd product} {ergonomic}
    uintx ReservedCodeCacheSize                    = 251658240                              {pd product} {ergonomic}
     bool SegmentedCodeCache                       = true                                      {product} {ergonomic}
   size_t SoftMaxHeapSize                          = 2147483648                             {manageable} {ergonomic}
     bool UseCompressedOops                        = true                           {product lp64_product} {ergonomic}
     bool UseLargePagesIndividualAllocation        = false                                  {pd product} {ergonomic}
     bool UseParallelGC                            = true                                      {product} {command line}

Logging:
Log output configuration:
 #0: stdout all=off uptime,level,tags foldmultilines=false
 #1: stderr all=off uptime,level,tags foldmultilines=false

Environment Variables:
PATH=C:\Program Files\Common Files\Oracle\Java\javapath;C:\WINDOWS\system32;C:\WINDOWS;C:\WINDOWS\System32\Wbem;C:\WINDOWS\System32\WindowsPowerShell\v1.0\;C:\WINDOWS\System32\OpenSSH\;C:\Program Files\Amazon\AWSCLIV2\;C:\MinGW\bin;C:\Program Files\Java\jdk-22\bin;C:\Program Files\Git\cmd;C:\Users\ASUS\Downloads\apache-maven-3.9.9\bin;C:\Program Files\sf\bin;C:\Program Files\nodejs\;C:\Program Files\CMake\bin;C:\Program Files\cursor\resources\app\bin;C:\Program Files\MySQL\MySQL Shell 8.0\bin\;C:\Users\ASUS\AppData\Local\Microsoft\WindowsApps;C:\Users\ASUS\AppData\Local\Programs\Microsoft VS Code\bin;C:\MinGW\bin;C:\Users\ASUS\AppData\Local\GitHubDesktop\bin;C:\Program Files\sf\bin;C:\Users\ASUS\AppData\Roaming\npm
USERNAME=ASUS
OS=Windows_NT
PROCESSOR_IDENTIFIER=AMD64 Family 25 Model 80 Stepping 0, AuthenticAMD
TMP=C:\Users\ASUS\AppData\Local\Temp
TEMP=C:\Users\ASUS\AppData\Local\Temp




Periodic native trim disabled

---------------  S Y S T E M  ---------------

OS:
 Windows 11 , 64 bit Build 26100 (10.0.26100.7019)
OS uptime: 5 days 12:45 hours
Hyper-V role detected

CPU: total 12 (initial active 12) (12 cores per cpu, 2 threads per core) family 25 model 80 stepping 0 microcode 0xa50000d, cx8, cmov, fxsr, ht, mmx, 3dnowpref, sse, sse2, sse3, ssse3, sse4a, sse4.1, sse4.2, popcnt, lzcnt, tsc, tscinvbit, avx, avx2, aes, erms, clmul, bmi1, bmi2, adx, sha, fma, vzeroupper, clflush, clflushopt, hv, rdtscp, rdpid, fsrm, f16c, cet_ss
Processor Information for all 12 processors :
  Max Mhz: 3301, Current Mhz: 3301, Mhz Limit: 3301

Memory: 4k page, system-wide physical 15773M (2647M free)
TotalPageFile size 27457M (AvailPageFile size 314M)
current process WorkingSet (physical memory assigned to process): 190M, peak: 190M
current process commit charge ("private bytes"): 322M, peak: 322M

vm_info: Java HotSpot(TM) 64-Bit Server VM (22.0.1+8-16) for windows-amd64 JRE (22.0.1+8-16), built on 2024-03-12T10:33:16Z by "mach5one" with MS VC++ 17.6 (VS2022)

END.
