#
# There is insufficient memory for the Java Runtime Environment to continue.
# Native memory allocation (malloc) failed to allocate 925776 bytes. Error detail: Chunk::new
# Possible reasons:
#   The system is out of physical RAM or swap space
#   This process is running with CompressedOops enabled, and the Java Heap may be blocking the growth of the native heap
# Possible solutions:
#   Reduce memory load on the system
#   Increase physical memory or swap space
#   Check if swap backing store is full
#   Decrease Java heap size (-Xmx/-Xms)
#   Decrease number of Java threads
#   Decrease Java thread stack sizes (-Xss)
#   Set larger code cache with -XX:ReservedCodeCacheSize=
#   JVM is running with Unscaled Compressed Oops mode in which the Java heap is
#     placed in the first 4GB address space. The Java Heap base address is the
#     maximum limit for the native heap growth. Please use -XX:HeapBaseMinAddress
#     to set the Java Heap base and to place the Java Heap above 4GB virtual address.
# This output file may be truncated or incomplete.
#
#  Out of Memory Error (arena.cpp:168), pid=5860, tid=31840
#
# JRE version: OpenJDK Runtime Environment Temurin-21.0.8+9 (21.0.8+9) (build 21.0.8+9-LTS)
# Java VM: OpenJDK 64-Bit Server VM Temurin-21.0.8+9 (21.0.8+9-LTS, mixed mode, sharing, tiered, compressed oops, compressed class ptrs, parallel gc, windows-amd64)
# No core dump will be written. Minidumps are not enabled by default on client versions of Windows
#

---------------  S U M M A R Y ------------

Command Line: --add-modules=ALL-SYSTEM --add-opens=java.base/java.util=ALL-UNNAMED --add-opens=java.base/java.lang=ALL-UNNAMED --add-opens=java.base/sun.nio.fs=ALL-UNNAMED -Declipse.application=org.eclipse.jdt.ls.core.id1 -Dosgi.bundles.defaultStartLevel=4 -Declipse.product=org.eclipse.jdt.ls.core.product -Djava.import.generatesMetadataFilesAtProjectRoot=false -DDetectVMInstallationsJob.disabled=true -Dfile.encoding=utf8 -XX:+UseParallelGC -XX:GCTimeRatio=4 -XX:AdaptiveSizePolicyWeight=90 -Dsun.zip.disableMemoryMapping=true -Xmx2G -Xms100m -Xlog:disable -javaagent:c:\Users\ASUS\.vscode\extensions\redhat.java-1.46.0-win32-x64\lombok\lombok-1.18.39-4050.jar -XX:+HeapDumpOnOutOfMemoryError -XX:HeapDumpPath=c:\Users\ASUS\AppData\Roaming\Code\User\workspaceStorage\89e1db3ebefe5f936c154524965b6285\redhat.java -Daether.dependencyCollector.impl=bf c:\Users\ASUS\.vscode\extensions\redhat.java-1.46.0-win32-x64\server\plugins\org.eclipse.equinox.launcher_1.7.0.v20250519-0528.jar -configuration c:\Users\ASUS\AppData\Roaming\Code\User\globalStorage\redhat.java\1.46.0\config_win -data c:\Users\ASUS\AppData\Roaming\Code\User\workspaceStorage\89e1db3ebefe5f936c154524965b6285\redhat.java\jdt_ws --pipe=\\.\pipe\lsp-3199576cdb89b2403183bdab5b0f24a2-sock

Host: AMD Ryzen 5 5600H with Radeon Graphics         , 12 cores, 15G,  Windows 11 , 64 bit Build 26100 (10.0.26100.6725)
Time: Mon Oct 27 12:35:20 2025 India Standard Time elapsed time: 4.298051 seconds (0d 0h 0m 4s)

---------------  T H R E A D  ---------------

Current thread (0x0000024b8169b720):  JavaThread "C2 CompilerThread0" daemon [_thread_in_native, id=31840, stack(0x0000007747700000,0x0000007747800000) (1024K)]


Current CompileTask:
C2:4298 3868       4       org.lombokweb.asm.ClassReader::readMethod (1070 bytes)

Stack: [0x0000007747700000,0x0000007747800000]
Native frames: (J=compiled Java code, j=interpreted, Vv=VM code, C=native code)
V  [jvm.dll+0x6d2449]
V  [jvm.dll+0x8ae341]
V  [jvm.dll+0x8b08be]
V  [jvm.dll+0x8b0fa3]
V  [jvm.dll+0x280c96]
V  [jvm.dll+0xc581d]
V  [jvm.dll+0xc5d53]
V  [jvm.dll+0x2f539d]
V  [jvm.dll+0x5fa00a]
V  [jvm.dll+0x252092]
V  [jvm.dll+0x25244f]
V  [jvm.dll+0x24ad14]
V  [jvm.dll+0x2483a4]
V  [jvm.dll+0x1c89ee]
V  [jvm.dll+0x257d4d]
V  [jvm.dll+0x2562ea]
V  [jvm.dll+0x3f2d16]
V  [jvm.dll+0x857e6b]
V  [jvm.dll+0x6d0b0d]
C  [ucrtbase.dll+0x37b0]
C  [KERNEL32.DLL+0x2e8d7]
C  [ntdll.dll+0x8c53c]


---------------  P R O C E S S  ---------------

Threads class SMR info:
_java_thread_list=0x0000024b8771c720, length=24, elements={
0x0000024b27e6cb10, 0x0000024b816712a0, 0x0000024b81673fc0, 0x0000024b816772b0,
0x0000024b81679d10, 0x0000024b8167f780, 0x0000024b81685ea0, 0x0000024b8169b720,
0x0000024b8169c870, 0x0000024b27ed9c00, 0x0000024b819c1310, 0x0000024b869ee050,
0x0000024b867eacf0, 0x0000024b867e5130, 0x0000024b867e5790, 0x0000024b86ecb740,
0x0000024b86b0e9a0, 0x0000024b86e0a100, 0x0000024b86c93830, 0x0000024b8703f270,
0x0000024b87040620, 0x0000024b86cf8350, 0x0000024b87720070, 0x0000024b87040cb0
}

Java Threads: ( => current thread )
  0x0000024b27e6cb10 JavaThread "main"                              [_thread_blocked, id=19220, stack(0x0000007746d00000,0x0000007746e00000) (1024K)]
  0x0000024b816712a0 JavaThread "Reference Handler"          daemon [_thread_blocked, id=28452, stack(0x0000007747100000,0x0000007747200000) (1024K)]
  0x0000024b81673fc0 JavaThread "Finalizer"                  daemon [_thread_blocked, id=31828, stack(0x0000007747200000,0x0000007747300000) (1024K)]
  0x0000024b816772b0 JavaThread "Signal Dispatcher"          daemon [_thread_blocked, id=29444, stack(0x0000007747300000,0x0000007747400000) (1024K)]
  0x0000024b81679d10 JavaThread "Attach Listener"            daemon [_thread_blocked, id=8792, stack(0x0000007747400000,0x0000007747500000) (1024K)]
  0x0000024b8167f780 JavaThread "Service Thread"             daemon [_thread_blocked, id=21052, stack(0x0000007747500000,0x0000007747600000) (1024K)]
  0x0000024b81685ea0 JavaThread "Monitor Deflation Thread"   daemon [_thread_blocked, id=6192, stack(0x0000007747600000,0x0000007747700000) (1024K)]
=>0x0000024b8169b720 JavaThread "C2 CompilerThread0"         daemon [_thread_in_native, id=31840, stack(0x0000007747700000,0x0000007747800000) (1024K)]
  0x0000024b8169c870 JavaThread "C1 CompilerThread0"         daemon [_thread_in_native, id=28056, stack(0x0000007747800000,0x0000007747900000) (1024K)]
  0x0000024b27ed9c00 JavaThread "Common-Cleaner"             daemon [_thread_blocked, id=7888, stack(0x0000007747900000,0x0000007747a00000) (1024K)]
  0x0000024b819c1310 JavaThread "Notification Thread"        daemon [_thread_blocked, id=4968, stack(0x0000007747b00000,0x0000007747c00000) (1024K)]
  0x0000024b869ee050 JavaThread "Active Thread: Equinox Container: 23a2eb69-81a0-4dc5-a3fc-49de9dcaf09a"        [_thread_blocked, id=3244, stack(0x0000007748300000,0x0000007748400000) (1024K)]
  0x0000024b867eacf0 JavaThread "Refresh Thread: Equinox Container: 23a2eb69-81a0-4dc5-a3fc-49de9dcaf09a" daemon [_thread_blocked, id=28624, stack(0x0000007748400000,0x0000007748500000) (1024K)]
  0x0000024b867e5130 JavaThread "Framework Event Dispatcher: Equinox Container: 23a2eb69-81a0-4dc5-a3fc-49de9dcaf09a" daemon [_thread_blocked, id=3264, stack(0x0000007748600000,0x0000007748700000) (1024K)]
  0x0000024b867e5790 JavaThread "Start Level: Equinox Container: 23a2eb69-81a0-4dc5-a3fc-49de9dcaf09a" daemon [_thread_in_Java, id=25604, stack(0x0000007748700000,0x0000007748800000) (1024K)]
  0x0000024b86ecb740 JavaThread "Bundle File Closer"         daemon [_thread_blocked, id=11992, stack(0x0000007748a00000,0x0000007748b00000) (1024K)]
  0x0000024b86b0e9a0 JavaThread "SCR Component Actor"        daemon [_thread_blocked, id=28120, stack(0x0000007748b00000,0x0000007748c00000) (1024K)]
  0x0000024b86e0a100 JavaThread "Worker-JM"                         [_thread_blocked, id=23488, stack(0x0000007748c00000,0x0000007748d00000) (1024K)]
  0x0000024b86c93830 JavaThread "JNA Cleaner"                daemon [_thread_blocked, id=6076, stack(0x0000007748d00000,0x0000007748e00000) (1024K)]
  0x0000024b8703f270 JavaThread "Worker-0"                          [_thread_blocked, id=26264, stack(0x0000007748e00000,0x0000007748f00000) (1024K)]
  0x0000024b87040620 JavaThread "Worker-1"                          [_thread_blocked, id=11180, stack(0x0000007748f00000,0x0000007749000000) (1024K)]
  0x0000024b86cf8350 JavaThread "C2 CompilerThread1"         daemon [_thread_in_native, id=28972, stack(0x0000007747a00000,0x0000007747b00000) (1024K)]
  0x0000024b87720070 JavaThread "C2 CompilerThread2"         daemon [_thread_in_native, id=15912, stack(0x0000007747c00000,0x0000007747d00000) (1024K)]
  0x0000024b87040cb0 JavaThread "Java indexing"              daemon [_thread_blocked, id=24760, stack(0x0000007749000000,0x0000007749100000) (1024K)]
Total: 24

Other Threads:
  0x0000024b3e642fe0 VMThread "VM Thread"                           [id=2216, stack(0x0000007747000000,0x0000007747100000) (1024K)]
  0x0000024b3e53ba00 WatcherThread "VM Periodic Task Thread"        [id=26816, stack(0x0000007746f00000,0x0000007747000000) (1024K)]
  0x0000024b27e89840 WorkerThread "GC Thread#0"                     [id=24844, stack(0x0000007746e00000,0x0000007746f00000) (1024K)]
  0x0000024b86756c60 WorkerThread "GC Thread#1"                     [id=30872, stack(0x0000007747d00000,0x0000007747e00000) (1024K)]
  0x0000024b8678d690 WorkerThread "GC Thread#2"                     [id=8104, stack(0x0000007747e00000,0x0000007747f00000) (1024K)]
  0x0000024b8678da30 WorkerThread "GC Thread#3"                     [id=16072, stack(0x0000007747f00000,0x0000007748000000) (1024K)]
  0x0000024b86840130 WorkerThread "GC Thread#4"                     [id=16532, stack(0x0000007748000000,0x0000007748100000) (1024K)]
  0x0000024b868404d0 WorkerThread "GC Thread#5"                     [id=31152, stack(0x0000007748100000,0x0000007748200000) (1024K)]
  0x0000024b81a21d50 WorkerThread "GC Thread#6"                     [id=28740, stack(0x0000007748200000,0x0000007748300000) (1024K)]
  0x0000024b867eb350 WorkerThread "GC Thread#7"                     [id=13472, stack(0x0000007748500000,0x0000007748600000) (1024K)]
  0x0000024b86b14c30 WorkerThread "GC Thread#8"                     [id=26700, stack(0x0000007748800000,0x0000007748900000) (1024K)]
  0x0000024b86b14890 WorkerThread "GC Thread#9"                     [id=22524, stack(0x0000007748900000,0x0000007748a00000) (1024K)]
Total: 12

Threads with active compile tasks:
C2 CompilerThread0  4325 3868       4       org.lombokweb.asm.ClassReader::readMethod (1070 bytes)
C1 CompilerThread0  4325 4109       3       java.lang.reflect.Constructor::<init> (50 bytes)
C2 CompilerThread1  4325 4101       4       java.util.TreeMap::putIfAbsent (8 bytes)
C2 CompilerThread2  4325 4107       4       java.lang.StringBuilder::append (8 bytes)
Total: 4

VM state: not at safepoint (normal execution)

VM Mutex/Monitor currently owned by a thread: None

Heap address: 0x0000000080000000, size: 2048 MB, Compressed Oops mode: 32-bit

CDS archive(s) mapped at: [0x0000024b3f000000-0x0000024b3fba0000-0x0000024b3fba0000), size 12189696, SharedBaseAddress: 0x0000024b3f000000, ArchiveRelocationMode: 1.
Compressed class space mapped at: 0x0000024b40000000-0x0000024b80000000, reserved size: 1073741824
Narrow klass base: 0x0000024b3f000000, Narrow klass shift: 0, Narrow klass range: 0x100000000

GC Precious Log:
 CardTable entry size: 512
 CPUs: 12 total, 12 available
 Memory: 15773M
 Large Page Support: Disabled
 NUMA Support: Disabled
 Compressed Oops: Enabled (32-bit)
 Alignments: Space 512K, Generation 512K, Heap 2M
 Heap Min Capacity: 100M
 Heap Initial Capacity: 100M
 Heap Max Capacity: 2G
 Pre-touch: Disabled
 Parallel Workers: 10

Heap:
 PSYoungGen      total 25088K, used 6048K [0x00000000d5580000, 0x00000000d7400000, 0x0000000100000000)
  eden space 23040K, 17% used [0x00000000d5580000,0x00000000d5969930,0x00000000d6c00000)
  from space 2048K, 99% used [0x00000000d7200000,0x00000000d73fe9e0,0x00000000d7400000)
  to   space 3072K, 0% used [0x00000000d6e00000,0x00000000d6e00000,0x00000000d7100000)
 ParOldGen       total 68608K, used 14323K [0x0000000080000000, 0x0000000084300000, 0x00000000d5580000)
  object space 68608K, 20% used [0x0000000080000000,0x0000000080dfcf80,0x0000000084300000)
 Metaspace       used 29069K, committed 30080K, reserved 1114112K
  class space    used 2886K, committed 3328K, reserved 1048576K

Card table byte_map: [0x0000024b27720000,0x0000024b27b30000] _byte_map_base: 0x0000024b27320000

Marking Bits: (ParMarkBitMap*) 0x00007ffb7d73a340
 Begin Bits: [0x0000024b3a060000, 0x0000024b3c060000)
 End Bits:   [0x0000024b3c060000, 0x0000024b3e060000)

Polling page: 0x0000024b25c30000

Metaspace:

Usage:
  Non-class:     25.57 MB used.
      Class:      2.82 MB used.
       Both:     28.39 MB used.

Virtual space:
  Non-class space:       64.00 MB reserved,      26.12 MB ( 41%) committed,  1 nodes.
      Class space:        1.00 GB reserved,       3.25 MB ( <1%) committed,  1 nodes.
             Both:        1.06 GB reserved,      29.38 MB (  3%) committed. 

Chunk freelists:
   Non-Class:  5.77 MB
       Class:  12.80 MB
        Both:  18.56 MB

MaxMetaspaceSize: unlimited
CompressedClassSpaceSize: 1.00 GB
Initial GC threshold: 21.00 MB
Current GC threshold: 35.00 MB
CDS: on
 - commit_granule_bytes: 65536.
 - commit_granule_words: 8192.
 - virtual_space_node_default_size: 8388608.
 - enlarge_chunks_in_place: 1.
 - use_allocation_guard: 0.


Internal statistics:

num_allocs_failed_limit: 3.
num_arena_births: 718.
num_arena_deaths: 14.
num_vsnodes_births: 2.
num_vsnodes_deaths: 0.
num_space_committed: 470.
num_space_uncommitted: 0.
num_chunks_returned_to_freelist: 17.
num_chunks_taken_from_freelist: 1873.
num_chunk_merges: 9.
num_chunk_splits: 1214.
num_chunks_enlarged: 761.
num_inconsistent_stats: 0.

CodeHeap 'non-profiled nmethods': size=120000Kb used=1961Kb max_used=1961Kb free=118038Kb
 bounds [0x0000024b32b30000, 0x0000024b32da0000, 0x0000024b3a060000]
CodeHeap 'profiled nmethods': size=120000Kb used=8425Kb max_used=8425Kb free=111574Kb
 bounds [0x0000024b2b060000, 0x0000024b2b8a0000, 0x0000024b32590000]
CodeHeap 'non-nmethods': size=5760Kb used=1354Kb max_used=1381Kb free=4406Kb
 bounds [0x0000024b32590000, 0x0000024b32800000, 0x0000024b32b30000]
CodeCache: size=245760Kb, used=11740Kb, max_used=11767Kb, free=234018Kb
 total_blobs=4737, nmethods=4103, adapters=538, full_count=0
Compilation: enabled, stopped_count=0, restarted_count=0

Compilation events (20 events):
Event: 4.282 Thread 0x0000024b87720070 4074       4       java.lang.StringLatin1::compareToCI (108 bytes)
Event: 4.283 Thread 0x0000024b86cf8350 4075       4       java.lang.String$CaseInsensitiveComparator::compare (68 bytes)
Event: 4.288 Thread 0x0000024b8169c870 4077   !   3       sun.nio.cs.ext.AbstractCharsetProvider::charset (84 bytes)
Event: 4.289 Thread 0x0000024b8169c870 nmethod 4077 0x0000024b2b88bb90 code [0x0000024b2b88bda0, 0x0000024b2b88c3c0]
Event: 4.289 Thread 0x0000024b8169c870 4078       3       java.util.List::of (4 bytes)
Event: 4.289 Thread 0x0000024b8169c870 nmethod 4078 0x0000024b2b88c710 code [0x0000024b2b88c8a0, 0x0000024b2b88c998]
Event: 4.289 Thread 0x0000024b8169c870 4079       3       java.util.TreeMap::clear (21 bytes)
Event: 4.289 Thread 0x0000024b8169c870 nmethod 4079 0x0000024b2b88ca10 code [0x0000024b2b88cba0, 0x0000024b2b88ccd8]
Event: 4.290 Thread 0x0000024b87720070 nmethod 4074 0x0000024b32d15390 code [0x0000024b32d15520, 0x0000024b32d158d8]
Event: 4.290 Thread 0x0000024b87720070 4080       4       java.util.TreeMap::put (221 bytes)
Event: 4.291 Thread 0x0000024b86cf8350 nmethod 4075 0x0000024b32d15b10 code [0x0000024b32d15cc0, 0x0000024b32d16128]
Event: 4.291 Thread 0x0000024b86cf8350 4076       4       java.lang.String$CaseInsensitiveComparator::compare (13 bytes)
Event: 4.291 Thread 0x0000024b8169c870 4081       3       java.nio.HeapByteBuffer::getInt (29 bytes)
Event: 4.292 Thread 0x0000024b8169c870 nmethod 4081 0x0000024b2b88cd90 code [0x0000024b2b88d000, 0x0000024b2b88d9e0]
Event: 4.292 Thread 0x0000024b8169c870 4082   !   3       jdk.internal.misc.ScopedMemoryAccess::getIntUnaligned (18 bytes)
Event: 4.292 Thread 0x0000024b8169c870 nmethod 4082 0x0000024b2b88de10 code [0x0000024b2b88e000, 0x0000024b2b88e4c8]
Event: 4.293 Thread 0x0000024b8169c870 4083       3       java.nio.charset.Charset::checkName (157 bytes)
Event: 4.294 Thread 0x0000024b8169c870 nmethod 4083 0x0000024b2b88e790 code [0x0000024b2b88ea20, 0x0000024b2b88f6b8]
Event: 4.294 Thread 0x0000024b8169c870 4084       3       java.lang.Class::privateGetDeclaredMethods (64 bytes)
Event: 4.295 Thread 0x0000024b8169c870 nmethod 4084 0x0000024b2b88fb10 code [0x0000024b2b88fd40, 0x0000024b2b890470]

GC Heap History (20 events):
Event: 1.213 GC heap before
{Heap before GC invocations=2 (full 0):
 PSYoungGen      total 29696K, used 28928K [0x00000000d5580000, 0x00000000d7680000, 0x0000000100000000)
  eden space 25600K, 100% used [0x00000000d5580000,0x00000000d6e80000,0x00000000d6e80000)
  from space 4096K, 81% used [0x00000000d6e80000,0x00000000d71c00d8,0x00000000d7280000)
  to   space 4096K, 0% used [0x00000000d7280000,0x00000000d7280000,0x00000000d7680000)
 ParOldGen       total 68608K, used 16K [0x0000000080000000, 0x0000000084300000, 0x00000000d5580000)
  object space 68608K, 0% used [0x0000000080000000,0x0000000080004000,0x0000000084300000)
 Metaspace       used 7960K, committed 8192K, reserved 1114112K
  class space    used 837K, committed 960K, reserved 1048576K
}
Event: 1.219 GC heap after
{Heap after GC invocations=2 (full 0):
 PSYoungGen      total 29696K, used 4069K [0x00000000d5580000, 0x00000000d7680000, 0x0000000100000000)
  eden space 25600K, 0% used [0x00000000d5580000,0x00000000d5580000,0x00000000d6e80000)
  from space 4096K, 99% used [0x00000000d7280000,0x00000000d7679780,0x00000000d7680000)
  to   space 4096K, 0% used [0x00000000d6e80000,0x00000000d6e80000,0x00000000d7280000)
 ParOldGen       total 68608K, used 1753K [0x0000000080000000, 0x0000000084300000, 0x00000000d5580000)
  object space 68608K, 2% used [0x0000000080000000,0x00000000801b66a8,0x0000000084300000)
 Metaspace       used 7960K, committed 8192K, reserved 1114112K
  class space    used 837K, committed 960K, reserved 1048576K
}
Event: 1.522 GC heap before
{Heap before GC invocations=3 (full 0):
 PSYoungGen      total 29696K, used 29669K [0x00000000d5580000, 0x00000000d7680000, 0x0000000100000000)
  eden space 25600K, 100% used [0x00000000d5580000,0x00000000d6e80000,0x00000000d6e80000)
  from space 4096K, 99% used [0x00000000d7280000,0x00000000d7679780,0x00000000d7680000)
  to   space 4096K, 0% used [0x00000000d6e80000,0x00000000d6e80000,0x00000000d7280000)
 ParOldGen       total 68608K, used 1753K [0x0000000080000000, 0x0000000084300000, 0x00000000d5580000)
  object space 68608K, 2% used [0x0000000080000000,0x00000000801b66a8,0x0000000084300000)
 Metaspace       used 9392K, committed 9728K, reserved 1114112K
  class space    used 1006K, committed 1152K, reserved 1048576K
}
Event: 1.527 GC heap after
{Heap after GC invocations=3 (full 0):
 PSYoungGen      total 29696K, used 4090K [0x00000000d5580000, 0x00000000d7680000, 0x0000000100000000)
  eden space 25600K, 0% used [0x00000000d5580000,0x00000000d5580000,0x00000000d6e80000)
  from space 4096K, 99% used [0x00000000d6e80000,0x00000000d727e8f0,0x00000000d7280000)
  to   space 4096K, 0% used [0x00000000d7280000,0x00000000d7280000,0x00000000d7680000)
 ParOldGen       total 68608K, used 4825K [0x0000000080000000, 0x0000000084300000, 0x00000000d5580000)
  object space 68608K, 7% used [0x0000000080000000,0x00000000804b6648,0x0000000084300000)
 Metaspace       used 9392K, committed 9728K, reserved 1114112K
  class space    used 1006K, committed 1152K, reserved 1048576K
}
Event: 2.088 GC heap before
{Heap before GC invocations=4 (full 0):
 PSYoungGen      total 29696K, used 29690K [0x00000000d5580000, 0x00000000d7680000, 0x0000000100000000)
  eden space 25600K, 100% used [0x00000000d5580000,0x00000000d6e80000,0x00000000d6e80000)
  from space 4096K, 99% used [0x00000000d6e80000,0x00000000d727e8f0,0x00000000d7280000)
  to   space 4096K, 0% used [0x00000000d7280000,0x00000000d7280000,0x00000000d7680000)
 ParOldGen       total 68608K, used 4825K [0x0000000080000000, 0x0000000084300000, 0x00000000d5580000)
  object space 68608K, 7% used [0x0000000080000000,0x00000000804b6648,0x0000000084300000)
 Metaspace       used 12061K, committed 12480K, reserved 1114112K
  class space    used 1292K, committed 1472K, reserved 1048576K
}
Event: 2.094 GC heap after
{Heap after GC invocations=4 (full 0):
 PSYoungGen      total 29696K, used 4074K [0x00000000d5580000, 0x00000000d7680000, 0x0000000100000000)
  eden space 25600K, 0% used [0x00000000d5580000,0x00000000d5580000,0x00000000d6e80000)
  from space 4096K, 99% used [0x00000000d7280000,0x00000000d767ab60,0x00000000d7680000)
  to   space 4096K, 0% used [0x00000000d6e80000,0x00000000d6e80000,0x00000000d7280000)
 ParOldGen       total 68608K, used 6219K [0x0000000080000000, 0x0000000084300000, 0x00000000d5580000)
  object space 68608K, 9% used [0x0000000080000000,0x0000000080612ed8,0x0000000084300000)
 Metaspace       used 12061K, committed 12480K, reserved 1114112K
  class space    used 1292K, committed 1472K, reserved 1048576K
}
Event: 2.637 GC heap before
{Heap before GC invocations=5 (full 0):
 PSYoungGen      total 29696K, used 29674K [0x00000000d5580000, 0x00000000d7680000, 0x0000000100000000)
  eden space 25600K, 100% used [0x00000000d5580000,0x00000000d6e80000,0x00000000d6e80000)
  from space 4096K, 99% used [0x00000000d7280000,0x00000000d767ab60,0x00000000d7680000)
  to   space 4096K, 0% used [0x00000000d6e80000,0x00000000d6e80000,0x00000000d7280000)
 ParOldGen       total 68608K, used 6219K [0x0000000080000000, 0x0000000084300000, 0x00000000d5580000)
  object space 68608K, 9% used [0x0000000080000000,0x0000000080612ed8,0x0000000084300000)
 Metaspace       used 15971K, committed 16576K, reserved 1114112K
  class space    used 1666K, committed 1984K, reserved 1048576K
}
Event: 2.641 GC heap after
{Heap after GC invocations=5 (full 0):
 PSYoungGen      total 29184K, used 4071K [0x00000000d5580000, 0x00000000d7a00000, 0x0000000100000000)
  eden space 25088K, 0% used [0x00000000d5580000,0x00000000d5580000,0x00000000d6e00000)
  from space 4096K, 99% used [0x00000000d6e80000,0x00000000d7279e30,0x00000000d7280000)
  to   space 6144K, 0% used [0x00000000d7400000,0x00000000d7400000,0x00000000d7a00000)
 ParOldGen       total 68608K, used 7945K [0x0000000080000000, 0x0000000084300000, 0x00000000d5580000)
  object space 68608K, 11% used [0x0000000080000000,0x00000000807c25f8,0x0000000084300000)
 Metaspace       used 15971K, committed 16576K, reserved 1114112K
  class space    used 1666K, committed 1984K, reserved 1048576K
}
Event: 3.181 GC heap before
{Heap before GC invocations=6 (full 0):
 PSYoungGen      total 29184K, used 29159K [0x00000000d5580000, 0x00000000d7a00000, 0x0000000100000000)
  eden space 25088K, 100% used [0x00000000d5580000,0x00000000d6e00000,0x00000000d6e00000)
  from space 4096K, 99% used [0x00000000d6e80000,0x00000000d7279e30,0x00000000d7280000)
  to   space 6144K, 0% used [0x00000000d7400000,0x00000000d7400000,0x00000000d7a00000)
 ParOldGen       total 68608K, used 7945K [0x0000000080000000, 0x0000000084300000, 0x00000000d5580000)
  object space 68608K, 11% used [0x0000000080000000,0x00000000807c25f8,0x0000000084300000)
 Metaspace       used 18872K, committed 19648K, reserved 1114112K
  class space    used 1999K, committed 2304K, reserved 1048576K
}
Event: 3.186 GC heap after
{Heap after GC invocations=6 (full 0):
 PSYoungGen      total 29696K, used 4691K [0x00000000d5580000, 0x00000000d7900000, 0x0000000100000000)
  eden space 24576K, 0% used [0x00000000d5580000,0x00000000d5580000,0x00000000d6d80000)
  from space 5120K, 91% used [0x00000000d7400000,0x00000000d7894ce0,0x00000000d7900000)
  to   space 5120K, 0% used [0x00000000d6f00000,0x00000000d6f00000,0x00000000d7400000)
 ParOldGen       total 68608K, used 7953K [0x0000000080000000, 0x0000000084300000, 0x00000000d5580000)
  object space 68608K, 11% used [0x0000000080000000,0x00000000807c45f8,0x0000000084300000)
 Metaspace       used 18872K, committed 19648K, reserved 1114112K
  class space    used 1999K, committed 2304K, reserved 1048576K
}
Event: 3.402 GC heap before
{Heap before GC invocations=7 (full 0):
 PSYoungGen      total 29696K, used 21580K [0x00000000d5580000, 0x00000000d7900000, 0x0000000100000000)
  eden space 24576K, 68% used [0x00000000d5580000,0x00000000d65fe630,0x00000000d6d80000)
  from space 5120K, 91% used [0x00000000d7400000,0x00000000d7894ce0,0x00000000d7900000)
  to   space 5120K, 0% used [0x00000000d6f00000,0x00000000d6f00000,0x00000000d7400000)
 ParOldGen       total 68608K, used 7953K [0x0000000080000000, 0x0000000084300000, 0x00000000d5580000)
  object space 68608K, 11% used [0x0000000080000000,0x00000000807c45f8,0x0000000084300000)
 Metaspace       used 20590K, committed 21504K, reserved 1114112K
  class space    used 2210K, committed 2624K, reserved 1048576K
}
Event: 3.408 GC heap after
{Heap after GC invocations=7 (full 0):
 PSYoungGen      total 29184K, used 4165K [0x00000000d5580000, 0x00000000d7680000, 0x0000000100000000)
  eden space 24576K, 0% used [0x00000000d5580000,0x00000000d5580000,0x00000000d6d80000)
  from space 4608K, 90% used [0x00000000d6f00000,0x00000000d7311430,0x00000000d7380000)
  to   space 3072K, 0% used [0x00000000d7380000,0x00000000d7380000,0x00000000d7680000)
 ParOldGen       total 68608K, used 9459K [0x0000000080000000, 0x0000000084300000, 0x00000000d5580000)
  object space 68608K, 13% used [0x0000000080000000,0x000000008093ce10,0x0000000084300000)
 Metaspace       used 20590K, committed 21504K, reserved 1114112K
  class space    used 2210K, committed 2624K, reserved 1048576K
}
Event: 3.408 GC heap before
{Heap before GC invocations=8 (full 1):
 PSYoungGen      total 29184K, used 4165K [0x00000000d5580000, 0x00000000d7680000, 0x0000000100000000)
  eden space 24576K, 0% used [0x00000000d5580000,0x00000000d5580000,0x00000000d6d80000)
  from space 4608K, 90% used [0x00000000d6f00000,0x00000000d7311430,0x00000000d7380000)
  to   space 3072K, 0% used [0x00000000d7380000,0x00000000d7380000,0x00000000d7680000)
 ParOldGen       total 68608K, used 9459K [0x0000000080000000, 0x0000000084300000, 0x00000000d5580000)
  object space 68608K, 13% used [0x0000000080000000,0x000000008093ce10,0x0000000084300000)
 Metaspace       used 20590K, committed 21504K, reserved 1114112K
  class space    used 2210K, committed 2624K, reserved 1048576K
}
Event: 3.442 GC heap after
{Heap after GC invocations=8 (full 1):
 PSYoungGen      total 29184K, used 0K [0x00000000d5580000, 0x00000000d7680000, 0x0000000100000000)
  eden space 24576K, 0% used [0x00000000d5580000,0x00000000d5580000,0x00000000d6d80000)
  from space 4608K, 0% used [0x00000000d6f00000,0x00000000d6f00000,0x00000000d7380000)
  to   space 3072K, 0% used [0x00000000d7380000,0x00000000d7380000,0x00000000d7680000)
 ParOldGen       total 68608K, used 12886K [0x0000000080000000, 0x0000000084300000, 0x00000000d5580000)
  object space 68608K, 18% used [0x0000000080000000,0x0000000080c95ac8,0x0000000084300000)
 Metaspace       used 20577K, committed 21504K, reserved 1114112K
  class space    used 2207K, committed 2624K, reserved 1048576K
}
Event: 3.683 GC heap before
{Heap before GC invocations=9 (full 1):
 PSYoungGen      total 29184K, used 24570K [0x00000000d5580000, 0x00000000d7680000, 0x0000000100000000)
  eden space 24576K, 99% used [0x00000000d5580000,0x00000000d6d7ead8,0x00000000d6d80000)
  from space 4608K, 0% used [0x00000000d6f00000,0x00000000d6f00000,0x00000000d7380000)
  to   space 3072K, 0% used [0x00000000d7380000,0x00000000d7380000,0x00000000d7680000)
 ParOldGen       total 68608K, used 12886K [0x0000000080000000, 0x0000000084300000, 0x00000000d5580000)
  object space 68608K, 18% used [0x0000000080000000,0x0000000080c95ac8,0x0000000084300000)
 Metaspace       used 23120K, committed 24000K, reserved 1114112K
  class space    used 2373K, committed 2752K, reserved 1048576K
}
Event: 3.684 GC heap after
{Heap after GC invocations=9 (full 1):
 PSYoungGen      total 25088K, used 754K [0x00000000d5580000, 0x00000000d7480000, 0x0000000100000000)
  eden space 24064K, 0% used [0x00000000d5580000,0x00000000d5580000,0x00000000d6d00000)
  from space 1024K, 73% used [0x00000000d7380000,0x00000000d743c9b0,0x00000000d7480000)
  to   space 2560K, 0% used [0x00000000d6f80000,0x00000000d6f80000,0x00000000d7200000)
 ParOldGen       total 68608K, used 12886K [0x0000000080000000, 0x0000000084300000, 0x00000000d5580000)
  object space 68608K, 18% used [0x0000000080000000,0x0000000080c95ac8,0x0000000084300000)
 Metaspace       used 23120K, committed 24000K, reserved 1114112K
  class space    used 2373K, committed 2752K, reserved 1048576K
}
Event: 3.890 GC heap before
{Heap before GC invocations=10 (full 1):
 PSYoungGen      total 25088K, used 24818K [0x00000000d5580000, 0x00000000d7480000, 0x0000000100000000)
  eden space 24064K, 100% used [0x00000000d5580000,0x00000000d6d00000,0x00000000d6d00000)
  from space 1024K, 73% used [0x00000000d7380000,0x00000000d743c9b0,0x00000000d7480000)
  to   space 2560K, 0% used [0x00000000d6f80000,0x00000000d6f80000,0x00000000d7200000)
 ParOldGen       total 68608K, used 12886K [0x0000000080000000, 0x0000000084300000, 0x00000000d5580000)
  object space 68608K, 18% used [0x0000000080000000,0x0000000080c95ac8,0x0000000084300000)
 Metaspace       used 26311K, committed 27264K, reserved 1114112K
  class space    used 2617K, committed 3008K, reserved 1048576K
}
Event: 3.892 GC heap after
{Heap after GC invocations=10 (full 1):
 PSYoungGen      total 26112K, used 1810K [0x00000000d5580000, 0x00000000d7400000, 0x0000000100000000)
  eden space 23552K, 0% used [0x00000000d5580000,0x00000000d5580000,0x00000000d6c80000)
  from space 2560K, 70% used [0x00000000d6f80000,0x00000000d7144968,0x00000000d7200000)
  to   space 2048K, 0% used [0x00000000d7200000,0x00000000d7200000,0x00000000d7400000)
 ParOldGen       total 68608K, used 13675K [0x0000000080000000, 0x0000000084300000, 0x00000000d5580000)
  object space 68608K, 19% used [0x0000000080000000,0x0000000080d5afd8,0x0000000084300000)
 Metaspace       used 26311K, committed 27264K, reserved 1114112K
  class space    used 2617K, committed 3008K, reserved 1048576K
}
Event: 4.215 GC heap before
{Heap before GC invocations=11 (full 1):
 PSYoungGen      total 26112K, used 25362K [0x00000000d5580000, 0x00000000d7400000, 0x0000000100000000)
  eden space 23552K, 100% used [0x00000000d5580000,0x00000000d6c80000,0x00000000d6c80000)
  from space 2560K, 70% used [0x00000000d6f80000,0x00000000d7144968,0x00000000d7200000)
  to   space 2048K, 0% used [0x00000000d7200000,0x00000000d7200000,0x00000000d7400000)
 ParOldGen       total 68608K, used 13675K [0x0000000080000000, 0x0000000084300000, 0x00000000d5580000)
  object space 68608K, 19% used [0x0000000080000000,0x0000000080d5afd8,0x0000000084300000)
 Metaspace       used 28354K, committed 29376K, reserved 1114112K
  class space    used 2798K, committed 3200K, reserved 1048576K
}
Event: 4.217 GC heap after
{Heap after GC invocations=11 (full 1):
 PSYoungGen      total 25088K, used 2042K [0x00000000d5580000, 0x00000000d7400000, 0x0000000100000000)
  eden space 23040K, 0% used [0x00000000d5580000,0x00000000d5580000,0x00000000d6c00000)
  from space 2048K, 99% used [0x00000000d7200000,0x00000000d73fe9e0,0x00000000d7400000)
  to   space 3072K, 0% used [0x00000000d6e00000,0x00000000d6e00000,0x00000000d7100000)
 ParOldGen       total 68608K, used 14323K [0x0000000080000000, 0x0000000084300000, 0x00000000d5580000)
  object space 68608K, 20% used [0x0000000080000000,0x0000000080dfcf80,0x0000000084300000)
 Metaspace       used 28354K, committed 29376K, reserved 1114112K
  class space    used 2798K, committed 3200K, reserved 1048576K
}

Dll operation events (10 events):
Event: 0.012 Loaded shared library c:\Users\ASUS\.vscode\extensions\redhat.java-1.46.0-win32-x64\jre\21.0.8-win32-x86_64\bin\java.dll
Event: 0.080 Loaded shared library c:\Users\ASUS\.vscode\extensions\redhat.java-1.46.0-win32-x64\jre\21.0.8-win32-x86_64\bin\zip.dll
Event: 0.105 Loaded shared library C:\Users\ASUS\.vscode\extensions\redhat.java-1.46.0-win32-x64\jre\21.0.8-win32-x86_64\bin\instrument.dll
Event: 0.109 Loaded shared library C:\Users\ASUS\.vscode\extensions\redhat.java-1.46.0-win32-x64\jre\21.0.8-win32-x86_64\bin\net.dll
Event: 0.111 Loaded shared library C:\Users\ASUS\.vscode\extensions\redhat.java-1.46.0-win32-x64\jre\21.0.8-win32-x86_64\bin\nio.dll
Event: 0.115 Loaded shared library C:\Users\ASUS\.vscode\extensions\redhat.java-1.46.0-win32-x64\jre\21.0.8-win32-x86_64\bin\zip.dll
Event: 0.132 Loaded shared library C:\Users\ASUS\.vscode\extensions\redhat.java-1.46.0-win32-x64\jre\21.0.8-win32-x86_64\bin\jimage.dll
Event: 0.213 Loaded shared library c:\Users\ASUS\.vscode\extensions\redhat.java-1.46.0-win32-x64\jre\21.0.8-win32-x86_64\bin\verify.dll
Event: 1.225 Loaded shared library C:\Users\ASUS\AppData\Roaming\Code\User\globalStorage\redhat.java\1.46.0\config_win\org.eclipse.equinox.launcher\org.eclipse.equinox.launcher.win32.win32.x86_64_1.2.1400.v20250801-0854\eclipse_11916.dll
Event: 2.763 Loaded shared library C:\Users\ASUS\AppData\Local\Temp\jna-2018896\jna1943366643368193870.dll

Deoptimization events (20 events):
Event: 4.116 Thread 0x0000024b867e5790 Uncommon trap: trap_request=0xffffff45 fr.pc=0x0000024b32cacb74 relative=0x00000000000004f4
Event: 4.117 Thread 0x0000024b867e5790 Uncommon trap: reason=unstable_if action=reinterpret pc=0x0000024b32cacb74 method=java.lang.AbstractStringBuilder.isLatin1()Z @ 10 c2
Event: 4.117 Thread 0x0000024b867e5790 DEOPT PACKING pc=0x0000024b32cacb74 sp=0x00000077487fe6e0
Event: 4.118 Thread 0x0000024b867e5790 DEOPT UNPACKING pc=0x0000024b325e3aa2 sp=0x00000077487fe5e0 mode 2
Event: 4.118 Thread 0x0000024b867e5790 Uncommon trap: trap_request=0xffffff45 fr.pc=0x0000024b32c02e68 relative=0x0000000000000428
Event: 4.118 Thread 0x0000024b867e5790 Uncommon trap: reason=unstable_if action=reinterpret pc=0x0000024b32c02e68 method=java.lang.AbstractStringBuilder.isLatin1()Z @ 10 c2
Event: 4.118 Thread 0x0000024b867e5790 DEOPT PACKING pc=0x0000024b32c02e68 sp=0x00000077487fe840
Event: 4.118 Thread 0x0000024b867e5790 DEOPT UNPACKING pc=0x0000024b325e3aa2 sp=0x00000077487fe7a8 mode 2
Event: 4.123 Thread 0x0000024b867e5790 Uncommon trap: trap_request=0xffffffc6 fr.pc=0x0000024b32bdee78 relative=0x00000000000009f8
Event: 4.123 Thread 0x0000024b867e5790 Uncommon trap: reason=bimorphic_or_optimized_type_check action=maybe_recompile pc=0x0000024b32bdee78 method=java.util.HashMap.putVal(ILjava/lang/Object;Ljava/lang/Object;ZZ)Ljava/lang/Object; @ 56 c2
Event: 4.123 Thread 0x0000024b867e5790 DEOPT PACKING pc=0x0000024b32bdee78 sp=0x00000077487fdf50
Event: 4.123 Thread 0x0000024b867e5790 DEOPT UNPACKING pc=0x0000024b325e3aa2 sp=0x00000077487fdeb8 mode 2
Event: 4.123 Thread 0x0000024b867e5790 Uncommon trap: trap_request=0xffffffc6 fr.pc=0x0000024b32bdee78 relative=0x00000000000009f8
Event: 4.123 Thread 0x0000024b867e5790 Uncommon trap: reason=bimorphic_or_optimized_type_check action=maybe_recompile pc=0x0000024b32bdee78 method=java.util.HashMap.putVal(ILjava/lang/Object;Ljava/lang/Object;ZZ)Ljava/lang/Object; @ 56 c2
Event: 4.123 Thread 0x0000024b867e5790 DEOPT PACKING pc=0x0000024b32bdee78 sp=0x00000077487fdf50
Event: 4.123 Thread 0x0000024b867e5790 DEOPT UNPACKING pc=0x0000024b325e3aa2 sp=0x00000077487fdeb8 mode 2
Event: 4.123 Thread 0x0000024b867e5790 Uncommon trap: trap_request=0xffffffc6 fr.pc=0x0000024b32bdee78 relative=0x00000000000009f8
Event: 4.123 Thread 0x0000024b867e5790 Uncommon trap: reason=bimorphic_or_optimized_type_check action=maybe_recompile pc=0x0000024b32bdee78 method=java.util.HashMap.putVal(ILjava/lang/Object;Ljava/lang/Object;ZZ)Ljava/lang/Object; @ 56 c2
Event: 4.123 Thread 0x0000024b867e5790 DEOPT PACKING pc=0x0000024b32bdee78 sp=0x00000077487fdf50
Event: 4.124 Thread 0x0000024b867e5790 DEOPT UNPACKING pc=0x0000024b325e3aa2 sp=0x00000077487fdeb8 mode 2

Classes loaded (20 events):
Event: 4.262 Loading class com/sun/org/apache/xml/internal/serializer/EncodingInfo
Event: 4.262 Loading class com/sun/org/apache/xml/internal/serializer/EncodingInfo done
Event: 4.262 Loading class com/sun/org/apache/xml/internal/serializer/ToStream$CharacterBuffer
Event: 4.262 Loading class com/sun/org/apache/xml/internal/serializer/ToStream$CharacterBuffer done
Event: 4.262 Loading class com/sun/org/apache/xml/internal/serializer/Encodings
Event: 4.262 Loading class com/sun/org/apache/xml/internal/serializer/Encodings done
Event: 4.262 Loading class com/sun/org/apache/xml/internal/serializer/Encodings$EncodingInfos
Event: 4.263 Loading class com/sun/org/apache/xml/internal/serializer/Encodings$EncodingInfos done
Event: 4.264 Loading class java/nio/charset/Charset$ExtendedProviderHolder
Event: 4.264 Loading class java/nio/charset/Charset$ExtendedProviderHolder done
Event: 4.264 Loading class java/nio/charset/Charset$ExtendedProviderHolder$1
Event: 4.264 Loading class java/nio/charset/Charset$ExtendedProviderHolder$1 done
Event: 4.286 Loading class java/nio/charset/Charset$ThreadTrackHolder
Event: 4.286 Loading class java/nio/charset/Charset$ThreadTrackHolder done
Event: 4.287 Loading class java/nio/charset/Charset$2
Event: 4.287 Loading class java/nio/charset/Charset$2 done
Event: 4.287 Loading class java/nio/charset/Charset$1
Event: 4.287 Loading class java/nio/charset/Charset$1 done
Event: 4.293 Loading class sun/nio/cs/ISO_8859_13
Event: 4.294 Loading class sun/nio/cs/ISO_8859_13 done

Classes unloaded (7 events):
Event: 3.412 Thread 0x0000024b3e642fe0 Unloading class 0x0000024b401acc00 'java/lang/invoke/LambdaForm$MH+0x0000024b401acc00'
Event: 3.412 Thread 0x0000024b3e642fe0 Unloading class 0x0000024b401ac800 'java/lang/invoke/LambdaForm$MH+0x0000024b401ac800'
Event: 3.412 Thread 0x0000024b3e642fe0 Unloading class 0x0000024b401ac400 'java/lang/invoke/LambdaForm$MH+0x0000024b401ac400'
Event: 3.412 Thread 0x0000024b3e642fe0 Unloading class 0x0000024b401ac000 'java/lang/invoke/LambdaForm$MH+0x0000024b401ac000'
Event: 3.412 Thread 0x0000024b3e642fe0 Unloading class 0x0000024b401abc00 'java/lang/invoke/LambdaForm$BMH+0x0000024b401abc00'
Event: 3.412 Thread 0x0000024b3e642fe0 Unloading class 0x0000024b401ab800 'java/lang/invoke/LambdaForm$DMH+0x0000024b401ab800'
Event: 3.412 Thread 0x0000024b3e642fe0 Unloading class 0x0000024b401aa400 'java/lang/invoke/LambdaForm$DMH+0x0000024b401aa400'

Classes redefined (0 events):
No events

Internal exceptions (20 events):
Event: 3.317 Thread 0x0000024b867e5790 Exception <a 'java/lang/NoSuchMethodError'{0x00000000d6122558}: 'long java.lang.invoke.Invokers$Holder.invokeExact_MT(java.lang.Object, java.lang.Object)'> (0x00000000d6122558) 
thrown [s\src\hotspot\share\interpreter\linkResolver.cpp, line 773]
Event: 3.335 Thread 0x0000024b867e5790 Exception <a 'java/lang/NoSuchMethodError'{0x00000000d61eb708}: 'long java.lang.invoke.DirectMethodHandle$Holder.invokeStatic(java.lang.Object, java.lang.Object, int)'> (0x00000000d61eb708) 
thrown [s\src\hotspot\share\interpreter\linkResolver.cpp, line 773]
Event: 3.341 Thread 0x0000024b867e5790 Exception <a 'java/lang/NoSuchMethodError'{0x00000000d6234840}: 'java.lang.Object java.lang.invoke.DirectMethodHandle$Holder.invokeStatic(java.lang.Object, java.lang.Object, java.lang.Object, java.lang.Object, int, java.lang.Object)'> (0x00000000d6234840) 
thrown [s\src\hotspot\share\interpreter\linkResolver.cpp, line 773]
Event: 3.348 Thread 0x0000024b867e5790 Exception <a 'java/lang/NoSuchMethodError'{0x00000000d6286bd8}: 'java.lang.Object java.lang.invoke.DirectMethodHandle$Holder.invokeStaticInit(java.lang.Object, java.lang.Object, java.lang.Object, java.lang.Object, java.lang.Object, java.lang.Object, java.lang.Object)'> (0x00000000d6286bd8) 
thrown [s\src\hotspot\share\interpreter\linkResolver.cpp, line 773]
Event: 3.349 Thread 0x0000024b867e5790 Exception <a 'java/lang/NoSuchMethodError'{0x00000000d628ce40}: 'java.lang.Object java.lang.invoke.Invokers$Holder.invoke_MT(java.lang.Object, java.lang.Object, java.lang.Object, java.lang.Object, java.lang.Object, java.lang.Object, java.lang.Object, java.lang.Object, java.lang.Object, java.lang.Object, java.lang.Object)'> (0x00000000d628ce40) 
thrown [s\src\hotspot\share\interpreter\linkResolver.cpp, line 773]
Event: 3.353 Thread 0x0000024b867e5790 Exception <a 'java/lang/NoSuchMethodError'{0x00000000d62c3380}: 'int java.lang.invoke.DirectMethodHandle$Holder.invokeVirtual(java.lang.Object, java.lang.Object, java.lang.Object)'> (0x00000000d62c3380) 
thrown [s\src\hotspot\share\interpreter\linkResolver.cpp, line 773]
Event: 3.353 Thread 0x0000024b867e5790 Exception <a 'java/lang/NoSuchMethodError'{0x00000000d62c8188}: 'int java.lang.invoke.DirectMethodHandle$Holder.invokeStaticInit(java.lang.Object, int, int)'> (0x00000000d62c8188) 
thrown [s\src\hotspot\share\interpreter\linkResolver.cpp, line 773]
Event: 3.354 Thread 0x0000024b867e5790 Exception <a 'java/lang/NoSuchMethodError'{0x00000000d62d03f0}: 'int java.lang.invoke.DirectMethodHandle$Holder.invokeStaticInit(java.lang.Object, long, long)'> (0x00000000d62d03f0) 
thrown [s\src\hotspot\share\interpreter\linkResolver.cpp, line 773]
Event: 3.354 Thread 0x0000024b867e5790 Exception <a 'java/lang/NoSuchMethodError'{0x00000000d62d7bf8}: 'int java.lang.invoke.DirectMethodHandle$Holder.invokeStaticInit(java.lang.Object, float, float)'> (0x00000000d62d7bf8) 
thrown [s\src\hotspot\share\interpreter\linkResolver.cpp, line 773]
Event: 3.355 Thread 0x0000024b867e5790 Exception <a 'java/lang/NoSuchMethodError'{0x00000000d62df3f8}: 'int java.lang.invoke.DirectMethodHandle$Holder.invokeStaticInit(java.lang.Object, double, double)'> (0x00000000d62df3f8) 
thrown [s\src\hotspot\share\interpreter\linkResolver.cpp, line 773]
Event: 3.355 Thread 0x0000024b867e5790 Exception <a 'java/lang/NoSuchMethodError'{0x00000000d62e46d0}: 'int java.lang.invoke.DirectMethodHandle$Holder.invokeStatic(java.lang.Object, long)'> (0x00000000d62e46d0) 
thrown [s\src\hotspot\share\interpreter\linkResolver.cpp, line 773]
Event: 3.358 Thread 0x0000024b867e5790 Exception <a 'java/lang/NoSuchMethodError'{0x00000000d63043f8}: 'int java.lang.invoke.Invokers$Holder.linkToTargetMethod(java.lang.Object, java.lang.Object)'> (0x00000000d63043f8) 
thrown [s\src\hotspot\share\interpreter\linkResolver.cpp, line 773]
Event: 3.472 Thread 0x0000024b867e5790 Exception <a 'java/lang/NoSuchMethodError'{0x00000000d57e6528}: 'double java.lang.invoke.DirectMethodHandle$Holder.invokeStatic(java.lang.Object, java.lang.Object)'> (0x00000000d57e6528) 
thrown [s\src\hotspot\share\interpreter\linkResolver.cpp, line 773]
Event: 3.472 Thread 0x0000024b867e5790 Exception <a 'java/lang/NoSuchMethodError'{0x00000000d57e9be8}: 'double java.lang.invoke.DirectMethodHandle$Holder.invokeStaticInit(java.lang.Object, java.lang.Object)'> (0x00000000d57e9be8) 
thrown [s\src\hotspot\share\interpreter\linkResolver.cpp, line 773]
Event: 3.788 Thread 0x0000024b867e5790 Implicit null exception at 0x0000024b32ce69f5 to 0x0000024b32ce6ad0
Event: 3.899 Thread 0x0000024b867e5790 Exception <a 'java/lang/NoSuchMethodError'{0x00000000d5d59830}: 'java.lang.Object java.lang.invoke.DirectMethodHandle$Holder.newInvokeSpecial(java.lang.Object, int, java.lang.Object, java.lang.Object)'> (0x00000000d5d59830) 
thrown [s\src\hotspot\share\interpreter\linkResolver.cpp, line 773]
Event: 4.053 Thread 0x0000024b867e5790 Exception <a 'java/lang/ClassNotFoundException'{0x00000000d6616e38}: com/sun/org/apache/xerces/internal/impl/msg/spi/DOMMessagesProvider> (0x00000000d6616e38) 
thrown [s\src\hotspot\share\classfile\systemDictionary.cpp, line 312]
Event: 4.054 Thread 0x0000024b867e5790 Exception <a 'java/lang/ClassNotFoundException'{0x00000000d66287e0}: com/sun/org/apache/xerces/internal/impl/msg/spi/XMLSerializerMessagesProvider> (0x00000000d66287e0) 
thrown [s\src\hotspot\share\classfile\systemDictionary.cpp, line 312]
Event: 4.055 Thread 0x0000024b867e5790 Exception <a 'java/lang/ClassNotFoundException'{0x00000000d6635ab0}: com/sun/org/apache/xerces/internal/impl/msg/spi/XMLMessagesProvider> (0x00000000d6635ab0) 
thrown [s\src\hotspot\share\classfile\systemDictionary.cpp, line 312]
Event: 4.258 Thread 0x0000024b867e5790 Exception <a 'java/lang/ClassNotFoundException'{0x00000000d56e0370}: com/sun/org/apache/xml/internal/serializer/spi/XMLEntitiesProvider> (0x00000000d56e0370) 
thrown [s\src\hotspot\share\classfile\systemDictionary.cpp, line 312]

ZGC Phase Switch (0 events):
No events

VM Operations (20 events):
Event: 3.005 Executing VM operation: HandshakeAllThreads (Deoptimize)
Event: 3.005 Executing VM operation: HandshakeAllThreads (Deoptimize) done
Event: 3.011 Executing VM operation: HandshakeAllThreads (Deoptimize)
Event: 3.011 Executing VM operation: HandshakeAllThreads (Deoptimize) done
Event: 3.101 Executing VM operation: ICBufferFull
Event: 3.102 Executing VM operation: ICBufferFull done
Event: 3.181 Executing VM operation: ParallelGCFailedAllocation (Allocation Failure)
Event: 3.186 Executing VM operation: ParallelGCFailedAllocation (Allocation Failure) done
Event: 3.332 Executing VM operation: HandshakeAllThreads (Deoptimize)
Event: 3.332 Executing VM operation: HandshakeAllThreads (Deoptimize) done
Event: 3.402 Executing VM operation: CollectForMetadataAllocation (Metadata GC Threshold)
Event: 3.442 Executing VM operation: CollectForMetadataAllocation (Metadata GC Threshold) done
Event: 3.683 Executing VM operation: ParallelGCFailedAllocation (Allocation Failure)
Event: 3.684 Executing VM operation: ParallelGCFailedAllocation (Allocation Failure) done
Event: 3.890 Executing VM operation: ParallelGCFailedAllocation (Allocation Failure)
Event: 3.892 Executing VM operation: ParallelGCFailedAllocation (Allocation Failure) done
Event: 4.122 Executing VM operation: HandshakeAllThreads (Deoptimize)
Event: 4.122 Executing VM operation: HandshakeAllThreads (Deoptimize) done
Event: 4.215 Executing VM operation: ParallelGCFailedAllocation (Allocation Failure)
Event: 4.217 Executing VM operation: ParallelGCFailedAllocation (Allocation Failure) done

Memory protections (0 events):
No events

Nmethod flushes (0 events):
No events

Events (20 events):
Event: 0.090 Thread 0x0000024b8169c870 Thread added: 0x0000024b8185f760
Event: 0.300 Thread 0x0000024b27e6cb10 Thread added: 0x0000024b819c1310
Event: 0.427 Thread 0x0000024b8169c870 Thread added: 0x0000024b86036860
Event: 1.030 Thread 0x0000024b27e6cb10 Thread added: 0x0000024b869ee050
Event: 1.212 Thread 0x0000024b27e6cb10 Thread added: 0x0000024b867eacf0
Event: 1.249 Thread 0x0000024b867eacf0 Thread added: 0x0000024b867e5130
Event: 1.251 Thread 0x0000024b27e6cb10 Thread added: 0x0000024b867e5790
Event: 1.573 Thread 0x0000024b867e5790 Thread added: 0x0000024b86ecb740
Event: 1.922 Thread 0x0000024b867e5790 Thread added: 0x0000024b86b0e9a0
Event: 2.070 Thread 0x0000024b86036860 Thread exited: 0x0000024b86036860
Event: 2.072 Thread 0x0000024b8185f760 Thread added: 0x0000024b86036860
Event: 2.335 Thread 0x0000024b867e5790 Thread added: 0x0000024b86e0a100
Event: 2.785 Thread 0x0000024b867e5790 Thread added: 0x0000024b86c93830
Event: 2.822 Thread 0x0000024b867e5790 Thread added: 0x0000024b8703f270
Event: 2.850 Thread 0x0000024b867e5790 Thread added: 0x0000024b87040620
Event: 3.708 Thread 0x0000024b86036860 Thread exited: 0x0000024b86036860
Event: 3.709 Thread 0x0000024b8185f760 Thread exited: 0x0000024b8185f760
Event: 3.939 Thread 0x0000024b8169c870 Thread added: 0x0000024b86cf8350
Event: 3.939 Thread 0x0000024b8169c870 Thread added: 0x0000024b87720070
Event: 4.076 Thread 0x0000024b867e5790 Thread added: 0x0000024b87040cb0


Dynamic libraries:
0x00007ff726150000 - 0x00007ff72615e000 	c:\Users\ASUS\.vscode\extensions\redhat.java-1.46.0-win32-x64\jre\21.0.8-win32-x86_64\bin\java.exe
0x00007ffc2b540000 - 0x00007ffc2b7a8000 	C:\WINDOWS\SYSTEM32\ntdll.dll
0x00007ffc29ef0000 - 0x00007ffc29fb9000 	C:\WINDOWS\System32\KERNEL32.DLL
0x00007ffc28d90000 - 0x00007ffc29182000 	C:\WINDOWS\System32\KERNELBASE.dll
0x00007ffc28890000 - 0x00007ffc289db000 	C:\WINDOWS\System32\ucrtbase.dll
0x00007ffc15d00000 - 0x00007ffc15d1e000 	c:\Users\ASUS\.vscode\extensions\redhat.java-1.46.0-win32-x64\jre\21.0.8-win32-x86_64\bin\VCRUNTIME140.dll
0x00007ffc15e30000 - 0x00007ffc15e48000 	c:\Users\ASUS\.vscode\extensions\redhat.java-1.46.0-win32-x64\jre\21.0.8-win32-x86_64\bin\jli.dll
0x00007ffc29890000 - 0x00007ffc29a55000 	C:\WINDOWS\System32\USER32.dll
0x00007ffc128b0000 - 0x00007ffc12b43000 	C:\WINDOWS\WinSxS\amd64_microsoft.windows.common-controls_6595b64144ccf1df_6.0.26100.6899_none_3e0efeeae32e88c1\COMCTL32.dll
0x00007ffc28bf0000 - 0x00007ffc28c17000 	C:\WINDOWS\System32\win32u.dll
0x00007ffc2a5c0000 - 0x00007ffc2a669000 	C:\WINDOWS\System32\msvcrt.dll
0x00007ffc29310000 - 0x00007ffc2933b000 	C:\WINDOWS\System32\GDI32.dll
0x00007ffc28760000 - 0x00007ffc2888d000 	C:\WINDOWS\System32\gdi32full.dll
0x00007ffc289e0000 - 0x00007ffc28a83000 	C:\WINDOWS\System32\msvcp_win.dll
0x00007ffc2a910000 - 0x00007ffc2a93f000 	C:\WINDOWS\System32\IMM32.DLL
0x00007ffc15ec0000 - 0x00007ffc15ecc000 	c:\Users\ASUS\.vscode\extensions\redhat.java-1.46.0-win32-x64\jre\21.0.8-win32-x86_64\bin\vcruntime140_1.dll
0x00007ffc03a20000 - 0x00007ffc03aad000 	c:\Users\ASUS\.vscode\extensions\redhat.java-1.46.0-win32-x64\jre\21.0.8-win32-x86_64\bin\msvcp140.dll
0x00007ffb7ca80000 - 0x00007ffb7d817000 	c:\Users\ASUS\.vscode\extensions\redhat.java-1.46.0-win32-x64\jre\21.0.8-win32-x86_64\bin\server\jvm.dll
0x00007ffc29520000 - 0x00007ffc295d4000 	C:\WINDOWS\System32\ADVAPI32.dll
0x00007ffc2b2b0000 - 0x00007ffc2b356000 	C:\WINDOWS\System32\sechost.dll
0x00007ffc2a950000 - 0x00007ffc2aa68000 	C:\WINDOWS\System32\RPCRT4.dll
0x00007ffc2b1d0000 - 0x00007ffc2b244000 	C:\WINDOWS\System32\WS2_32.dll
0x00007ffc28530000 - 0x00007ffc2858e000 	C:\WINDOWS\SYSTEM32\POWRPROF.dll
0x00007ffc1dd10000 - 0x00007ffc1dd45000 	C:\WINDOWS\SYSTEM32\WINMM.dll
0x00007ffc1ee10000 - 0x00007ffc1ee1b000 	C:\WINDOWS\SYSTEM32\VERSION.dll
0x00007ffc28510000 - 0x00007ffc28524000 	C:\WINDOWS\SYSTEM32\UMPDC.dll
0x00007ffc27480000 - 0x00007ffc2749b000 	C:\WINDOWS\SYSTEM32\kernel.appcore.dll
0x00007ffc15b10000 - 0x00007ffc15b1a000 	c:\Users\ASUS\.vscode\extensions\redhat.java-1.46.0-win32-x64\jre\21.0.8-win32-x86_64\bin\jimage.dll
0x00007ffc25e40000 - 0x00007ffc26082000 	C:\WINDOWS\SYSTEM32\DBGHELP.DLL
0x00007ffc29a60000 - 0x00007ffc29ddb000 	C:\WINDOWS\System32\combase.dll
0x00007ffc29690000 - 0x00007ffc29767000 	C:\WINDOWS\System32\OLEAUT32.dll
0x00007ffc127b0000 - 0x00007ffc127ec000 	C:\WINDOWS\SYSTEM32\dbgcore.DLL
0x00007ffc28a90000 - 0x00007ffc28b28000 	C:\WINDOWS\System32\bcryptPrimitives.dll
0x00007ffc13b80000 - 0x00007ffc13b8f000 	c:\Users\ASUS\.vscode\extensions\redhat.java-1.46.0-win32-x64\jre\21.0.8-win32-x86_64\bin\instrument.dll
0x00007ffc10ba0000 - 0x00007ffc10bbf000 	c:\Users\ASUS\.vscode\extensions\redhat.java-1.46.0-win32-x64\jre\21.0.8-win32-x86_64\bin\java.dll
0x00007ffc2aa70000 - 0x00007ffc2b1bd000 	C:\WINDOWS\System32\SHELL32.dll
0x00007ffc28c20000 - 0x00007ffc28d8b000 	C:\WINDOWS\System32\wintypes.dll
0x00007ffc262e0000 - 0x00007ffc26b3d000 	C:\WINDOWS\SYSTEM32\windows.storage.dll
0x00007ffc29fd0000 - 0x00007ffc2a0c2000 	C:\WINDOWS\System32\SHCORE.dll
0x00007ffc29de0000 - 0x00007ffc29e42000 	C:\WINDOWS\System32\shlwapi.dll
0x00007ffc285f0000 - 0x00007ffc28619000 	C:\WINDOWS\SYSTEM32\profapi.dll
0x00007ffc109c0000 - 0x00007ffc109d8000 	c:\Users\ASUS\.vscode\extensions\redhat.java-1.46.0-win32-x64\jre\21.0.8-win32-x86_64\bin\zip.dll
0x00007ffc13b70000 - 0x00007ffc13b80000 	C:\Users\ASUS\.vscode\extensions\redhat.java-1.46.0-win32-x64\jre\21.0.8-win32-x86_64\bin\net.dll
0x00007ffc21540000 - 0x00007ffc2165f000 	C:\WINDOWS\SYSTEM32\WINHTTP.dll
0x00007ffc27a10000 - 0x00007ffc27a7b000 	C:\WINDOWS\system32\mswsock.dll
0x00007ffc0fce0000 - 0x00007ffc0fcf6000 	C:\Users\ASUS\.vscode\extensions\redhat.java-1.46.0-win32-x64\jre\21.0.8-win32-x86_64\bin\nio.dll
0x00007ffc13ac0000 - 0x00007ffc13ad0000 	c:\Users\ASUS\.vscode\extensions\redhat.java-1.46.0-win32-x64\jre\21.0.8-win32-x86_64\bin\verify.dll
0x00007ffc03090000 - 0x00007ffc030d4000 	C:\Users\ASUS\AppData\Roaming\Code\User\globalStorage\redhat.java\1.46.0\config_win\org.eclipse.equinox.launcher\org.eclipse.equinox.launcher.win32.win32.x86_64_1.2.1400.v20250801-0854\eclipse_11916.dll
0x00007ffc2b360000 - 0x00007ffc2b4f8000 	C:\WINDOWS\System32\ole32.dll
0x00007ffc27cc0000 - 0x00007ffc27cdb000 	C:\WINDOWS\SYSTEM32\CRYPTSP.dll
0x00007ffc273d0000 - 0x00007ffc2740b000 	C:\WINDOWS\system32\rsaenh.dll
0x00007ffc27ab0000 - 0x00007ffc27adb000 	C:\WINDOWS\SYSTEM32\USERENV.dll
0x00007ffc285c0000 - 0x00007ffc285e6000 	C:\WINDOWS\SYSTEM32\bcrypt.dll
0x00007ffc27ce0000 - 0x00007ffc27cec000 	C:\WINDOWS\SYSTEM32\CRYPTBASE.dll
0x00007ffc26e70000 - 0x00007ffc26ea4000 	C:\WINDOWS\SYSTEM32\IPHLPAPI.DLL
0x00007ffc29ee0000 - 0x00007ffc29eea000 	C:\WINDOWS\System32\NSI.dll
0x00007ffc03040000 - 0x00007ffc03089000 	C:\Users\ASUS\AppData\Local\Temp\jna-2018896\jna1943366643368193870.dll
0x00007ffc29fc0000 - 0x00007ffc29fc8000 	C:\WINDOWS\System32\PSAPI.DLL

JVMTI agents:
c:\Users\ASUS\.vscode\extensions\redhat.java-1.46.0-win32-x64\lombok\lombok-1.18.39-4050.jar path:c:\Users\ASUS\.vscode\extensions\redhat.java-1.46.0-win32-x64\jre\21.0.8-win32-x86_64\bin\instrument.dll, loaded, initialized, instrumentlib options:none

dbghelp: loaded successfully - version: 4.0.5 - missing functions: none
symbol engine: initialized successfully - sym options: 0x614 - pdb path: .;c:\Users\ASUS\.vscode\extensions\redhat.java-1.46.0-win32-x64\jre\21.0.8-win32-x86_64\bin;C:\WINDOWS\SYSTEM32;C:\WINDOWS\WinSxS\amd64_microsoft.windows.common-controls_6595b64144ccf1df_6.0.26100.6899_none_3e0efeeae32e88c1;c:\Users\ASUS\.vscode\extensions\redhat.java-1.46.0-win32-x64\jre\21.0.8-win32-x86_64\bin\server;C:\Users\ASUS\AppData\Roaming\Code\User\globalStorage\redhat.java\1.46.0\config_win\org.eclipse.equinox.launcher\org.eclipse.equinox.launcher.win32.win32.x86_64_1.2.1400.v20250801-0854;C:\Users\ASUS\AppData\Local\Temp\jna-2018896

VM Arguments:
jvm_args: --add-modules=ALL-SYSTEM --add-opens=java.base/java.util=ALL-UNNAMED --add-opens=java.base/java.lang=ALL-UNNAMED --add-opens=java.base/sun.nio.fs=ALL-UNNAMED -Declipse.application=org.eclipse.jdt.ls.core.id1 -Dosgi.bundles.defaultStartLevel=4 -Declipse.product=org.eclipse.jdt.ls.core.product -Djava.import.generatesMetadataFilesAtProjectRoot=false -DDetectVMInstallationsJob.disabled=true -Dfile.encoding=utf8 -XX:+UseParallelGC -XX:GCTimeRatio=4 -XX:AdaptiveSizePolicyWeight=90 -Dsun.zip.disableMemoryMapping=true -Xmx2G -Xms100m -Xlog:disable -javaagent:c:\Users\ASUS\.vscode\extensions\redhat.java-1.46.0-win32-x64\lombok\lombok-1.18.39-4050.jar -XX:+HeapDumpOnOutOfMemoryError -XX:HeapDumpPath=c:\Users\ASUS\AppData\Roaming\Code\User\workspaceStorage\89e1db3ebefe5f936c154524965b6285\redhat.java -Daether.dependencyCollector.impl=bf 
java_command: c:\Users\ASUS\.vscode\extensions\redhat.java-1.46.0-win32-x64\server\plugins\org.eclipse.equinox.launcher_1.7.0.v20250519-0528.jar -configuration c:\Users\ASUS\AppData\Roaming\Code\User\globalStorage\redhat.java\1.46.0\config_win -data c:\Users\ASUS\AppData\Roaming\Code\User\workspaceStorage\89e1db3ebefe5f936c154524965b6285\redhat.java\jdt_ws --pipe=\\.\pipe\lsp-3199576cdb89b2403183bdab5b0f24a2-sock
java_class_path (initial): c:\Users\ASUS\.vscode\extensions\redhat.java-1.46.0-win32-x64\server\plugins\org.eclipse.equinox.launcher_1.7.0.v20250519-0528.jar
Launcher Type: SUN_STANDARD

[Global flags]
    uintx AdaptiveSizePolicyWeight                 = 90                                        {product} {command line}
     intx CICompilerCount                          = 4                                         {product} {ergonomic}
    uintx GCTimeRatio                              = 4                                         {product} {command line}
     bool HeapDumpOnOutOfMemoryError               = true                                   {manageable} {command line}
    ccstr HeapDumpPath                             = c:\Users\ASUS\AppData\Roaming\Code\User\workspaceStorage\89e1db3ebefe5f936c154524965b6285\redhat.java         {manageable} {command line}
   size_t InitialHeapSize                          = 104857600                                 {product} {command line}
   size_t MaxHeapSize                              = 2147483648                                {product} {command line}
   size_t MaxNewSize                               = 715653120                                 {product} {ergonomic}
   size_t MinHeapDeltaBytes                        = 524288                                    {product} {ergonomic}
   size_t MinHeapSize                              = 104857600                                 {product} {command line}
   size_t NewSize                                  = 34603008                                  {product} {ergonomic}
    uintx NonNMethodCodeHeapSize                   = 5839372                                {pd product} {ergonomic}
    uintx NonProfiledCodeHeapSize                  = 122909434                              {pd product} {ergonomic}
   size_t OldSize                                  = 70254592                                  {product} {ergonomic}
    uintx ProfiledCodeHeapSize                     = 122909434                              {pd product} {ergonomic}
    uintx ReservedCodeCacheSize                    = 251658240                              {pd product} {ergonomic}
     bool SegmentedCodeCache                       = true                                      {product} {ergonomic}
   size_t SoftMaxHeapSize                          = 2147483648                             {manageable} {ergonomic}
     bool UseCompressedOops                        = true                           {product lp64_product} {ergonomic}
     bool UseLargePagesIndividualAllocation        = false                                  {pd product} {ergonomic}
     bool UseParallelGC                            = true                                      {product} {command line}

Logging:
Log output configuration:
 #0: stdout all=off uptime,level,tags foldmultilines=false
 #1: stderr all=off uptime,level,tags foldmultilines=false

Environment Variables:
PATH=C:\Program Files\Common Files\Oracle\Java\javapath;C:\WINDOWS\system32;C:\WINDOWS;C:\WINDOWS\System32\Wbem;C:\WINDOWS\System32\WindowsPowerShell\v1.0\;C:\WINDOWS\System32\OpenSSH\;C:\Program Files\Amazon\AWSCLIV2\;C:\MinGW\bin;C:\Program Files\Java\jdk-22\bin;C:\Program Files\Git\cmd;C:\Users\ASUS\Downloads\apache-maven-3.9.9\bin;C:\Program Files\Docker\Docker\resources\bin;C:\Program Files\sf\bin;C:\Program Files\nodejs\;C:\Program Files\CMake\bin;C:\Program Files\cursor\resources\app\bin;C:\Program Files\MySQL\MySQL Shell 8.0\bin\;C:\Users\ASUS\AppData\Local\Microsoft\WindowsApps;C:\Users\ASUS\AppData\Local\Programs\Microsoft VS Code\bin;C:\MinGW\bin;C:\Users\ASUS\AppData\Local\GitHubDesktop\bin;C:\Program Files\sf\bin;C:\Users\ASUS\AppData\Roaming\npm
USERNAME=ASUS
OS=Windows_NT
PROCESSOR_IDENTIFIER=AMD64 Family 25 Model 80 Stepping 0, AuthenticAMD
TMP=C:\Users\ASUS\AppData\Local\Temp
TEMP=C:\Users\ASUS\AppData\Local\Temp




Periodic native trim disabled

---------------  S Y S T E M  ---------------

OS:
 Windows 11 , 64 bit Build 26100 (10.0.26100.6725)
OS uptime: 10 days 18:16 hours
Hyper-V role detected

CPU: total 12 (initial active 12) (12 cores per cpu, 2 threads per core) family 25 model 80 stepping 0 microcode 0xa50000d, cx8, cmov, fxsr, ht, mmx, 3dnowpref, sse, sse2, sse3, ssse3, sse4a, sse4.1, sse4.2, popcnt, lzcnt, tsc, tscinvbit, avx, avx2, aes, erms, clmul, bmi1, bmi2, adx, sha, fma, vzeroupper, clflush, clflushopt, hv, rdtscp, rdpid, fsrm, f16c, cet_ss
Processor Information for processor 0
  Max Mhz: 3301, Current Mhz: 3301, Mhz Limit: 3301
Processor Information for processor 1
  Max Mhz: 3301, Current Mhz: 3301, Mhz Limit: 3301
Processor Information for processor 2
  Max Mhz: 3301, Current Mhz: 3301, Mhz Limit: 3301
Processor Information for processor 3
  Max Mhz: 3301, Current Mhz: 3301, Mhz Limit: 3301
Processor Information for processor 4
  Max Mhz: 3301, Current Mhz: 3301, Mhz Limit: 3301
Processor Information for processor 5
  Max Mhz: 3301, Current Mhz: 3301, Mhz Limit: 3301
Processor Information for processor 6
  Max Mhz: 3301, Current Mhz: 3301, Mhz Limit: 3301
Processor Information for processor 7
  Max Mhz: 3301, Current Mhz: 3301, Mhz Limit: 3301
Processor Information for processor 8
  Max Mhz: 3301, Current Mhz: 3301, Mhz Limit: 3301
Processor Information for processor 9
  Max Mhz: 3301, Current Mhz: 3301, Mhz Limit: 3301
Processor Information for processor 10
  Max Mhz: 3301, Current Mhz: 3301, Mhz Limit: 3301
Processor Information for processor 11
  Max Mhz: 3301, Current Mhz: 1805, Mhz Limit: 3301

Memory: 4k page, system-wide physical 15773M (1369M free)
TotalPageFile size 30571M (AvailPageFile size 3M)
current process WorkingSet (physical memory assigned to process): 177M, peak: 179M
current process commit charge ("private bytes"): 310M, peak: 315M

vm_info: OpenJDK 64-Bit Server VM (21.0.8+9-LTS) for windows-amd64 JRE (21.0.8+9-LTS), built on 2025-07-15T00:00:00Z by "admin" with MS VC++ 17.7 (VS2022)

END.
